{"D:\\prop-lite\\server\\tests\\propertyTests.js":{"path":"D:\\prop-lite\\server\\tests\\propertyTests.js","statementMap":{"0":{"start":{"line":3,"column":12},"end":{"line":3,"column":51}},"1":{"start":{"line":5,"column":16},"end":{"line":5,"column":60}},"2":{"start":{"line":7,"column":11},"end":{"line":7,"column":52}},"3":{"start":{"line":9,"column":39},"end":{"line":9,"column":95}},"4":{"start":{"line":11,"column":0},"end":{"line":11,"column":43}},"5":{"start":{"line":13,"column":0},"end":{"line":17,"column":3}},"6":{"start":{"line":14,"column":2},"end":{"line":16,"column":5}},"7":{"start":{"line":15,"column":4},"end":{"line":15,"column":11}},"8":{"start":{"line":18,"column":0},"end":{"line":315,"column":3}},"9":{"start":{"line":19,"column":2},"end":{"line":31,"column":5}},"10":{"start":{"line":20,"column":4},"end":{"line":30,"column":7}},"11":{"start":{"line":28,"column":6},"end":{"line":28,"column":33}},"12":{"start":{"line":29,"column":6},"end":{"line":29,"column":13}},"13":{"start":{"line":32,"column":2},"end":{"line":44,"column":5}},"14":{"start":{"line":33,"column":4},"end":{"line":43,"column":7}},"15":{"start":{"line":41,"column":6},"end":{"line":41,"column":33}},"16":{"start":{"line":42,"column":6},"end":{"line":42,"column":13}},"17":{"start":{"line":45,"column":2},"end":{"line":57,"column":5}},"18":{"start":{"line":46,"column":4},"end":{"line":56,"column":7}},"19":{"start":{"line":54,"column":6},"end":{"line":54,"column":33}},"20":{"start":{"line":55,"column":6},"end":{"line":55,"column":13}},"21":{"start":{"line":58,"column":2},"end":{"line":70,"column":5}},"22":{"start":{"line":59,"column":4},"end":{"line":69,"column":7}},"23":{"start":{"line":67,"column":6},"end":{"line":67,"column":33}},"24":{"start":{"line":68,"column":6},"end":{"line":68,"column":13}},"25":{"start":{"line":71,"column":2},"end":{"line":83,"column":5}},"26":{"start":{"line":72,"column":4},"end":{"line":82,"column":7}},"27":{"start":{"line":80,"column":6},"end":{"line":80,"column":33}},"28":{"start":{"line":81,"column":6},"end":{"line":81,"column":13}},"29":{"start":{"line":84,"column":2},"end":{"line":96,"column":5}},"30":{"start":{"line":85,"column":4},"end":{"line":95,"column":7}},"31":{"start":{"line":93,"column":6},"end":{"line":93,"column":33}},"32":{"start":{"line":94,"column":6},"end":{"line":94,"column":13}},"33":{"start":{"line":97,"column":2},"end":{"line":109,"column":5}},"34":{"start":{"line":98,"column":4},"end":{"line":108,"column":7}},"35":{"start":{"line":106,"column":6},"end":{"line":106,"column":33}},"36":{"start":{"line":107,"column":6},"end":{"line":107,"column":13}},"37":{"start":{"line":110,"column":2},"end":{"line":122,"column":5}},"38":{"start":{"line":111,"column":4},"end":{"line":121,"column":7}},"39":{"start":{"line":119,"column":6},"end":{"line":119,"column":33}},"40":{"start":{"line":120,"column":6},"end":{"line":120,"column":13}},"41":{"start":{"line":123,"column":2},"end":{"line":135,"column":5}},"42":{"start":{"line":124,"column":4},"end":{"line":134,"column":7}},"43":{"start":{"line":132,"column":6},"end":{"line":132,"column":33}},"44":{"start":{"line":133,"column":6},"end":{"line":133,"column":13}},"45":{"start":{"line":136,"column":2},"end":{"line":148,"column":5}},"46":{"start":{"line":137,"column":4},"end":{"line":147,"column":7}},"47":{"start":{"line":145,"column":6},"end":{"line":145,"column":33}},"48":{"start":{"line":146,"column":6},"end":{"line":146,"column":13}},"49":{"start":{"line":149,"column":2},"end":{"line":161,"column":5}},"50":{"start":{"line":150,"column":4},"end":{"line":160,"column":7}},"51":{"start":{"line":158,"column":6},"end":{"line":158,"column":33}},"52":{"start":{"line":159,"column":6},"end":{"line":159,"column":13}},"53":{"start":{"line":162,"column":2},"end":{"line":174,"column":5}},"54":{"start":{"line":163,"column":4},"end":{"line":173,"column":7}},"55":{"start":{"line":171,"column":6},"end":{"line":171,"column":33}},"56":{"start":{"line":172,"column":6},"end":{"line":172,"column":13}},"57":{"start":{"line":175,"column":2},"end":{"line":187,"column":5}},"58":{"start":{"line":176,"column":4},"end":{"line":186,"column":7}},"59":{"start":{"line":184,"column":6},"end":{"line":184,"column":33}},"60":{"start":{"line":185,"column":6},"end":{"line":185,"column":13}},"61":{"start":{"line":188,"column":2},"end":{"line":200,"column":5}},"62":{"start":{"line":189,"column":4},"end":{"line":199,"column":7}},"63":{"start":{"line":197,"column":6},"end":{"line":197,"column":33}},"64":{"start":{"line":198,"column":6},"end":{"line":198,"column":13}},"65":{"start":{"line":201,"column":2},"end":{"line":213,"column":5}},"66":{"start":{"line":202,"column":4},"end":{"line":212,"column":7}},"67":{"start":{"line":210,"column":6},"end":{"line":210,"column":33}},"68":{"start":{"line":211,"column":6},"end":{"line":211,"column":13}},"69":{"start":{"line":214,"column":2},"end":{"line":226,"column":5}},"70":{"start":{"line":215,"column":4},"end":{"line":225,"column":7}},"71":{"start":{"line":223,"column":6},"end":{"line":223,"column":33}},"72":{"start":{"line":224,"column":6},"end":{"line":224,"column":13}},"73":{"start":{"line":227,"column":2},"end":{"line":239,"column":5}},"74":{"start":{"line":228,"column":4},"end":{"line":238,"column":7}},"75":{"start":{"line":236,"column":6},"end":{"line":236,"column":33}},"76":{"start":{"line":237,"column":6},"end":{"line":237,"column":13}},"77":{"start":{"line":240,"column":2},"end":{"line":252,"column":5}},"78":{"start":{"line":241,"column":4},"end":{"line":251,"column":7}},"79":{"start":{"line":249,"column":6},"end":{"line":249,"column":33}},"80":{"start":{"line":250,"column":6},"end":{"line":250,"column":13}},"81":{"start":{"line":253,"column":2},"end":{"line":265,"column":5}},"82":{"start":{"line":254,"column":4},"end":{"line":264,"column":7}},"83":{"start":{"line":262,"column":6},"end":{"line":262,"column":33}},"84":{"start":{"line":263,"column":6},"end":{"line":263,"column":13}},"85":{"start":{"line":266,"column":2},"end":{"line":278,"column":5}},"86":{"start":{"line":267,"column":4},"end":{"line":277,"column":7}},"87":{"start":{"line":275,"column":6},"end":{"line":275,"column":33}},"88":{"start":{"line":276,"column":6},"end":{"line":276,"column":13}},"89":{"start":{"line":279,"column":2},"end":{"line":287,"column":5}},"90":{"start":{"line":280,"column":4},"end":{"line":286,"column":7}},"91":{"start":{"line":284,"column":6},"end":{"line":284,"column":33}},"92":{"start":{"line":285,"column":6},"end":{"line":285,"column":13}},"93":{"start":{"line":288,"column":2},"end":{"line":296,"column":5}},"94":{"start":{"line":289,"column":4},"end":{"line":295,"column":7}},"95":{"start":{"line":293,"column":6},"end":{"line":293,"column":33}},"96":{"start":{"line":294,"column":6},"end":{"line":294,"column":13}},"97":{"start":{"line":297,"column":2},"end":{"line":305,"column":5}},"98":{"start":{"line":298,"column":4},"end":{"line":304,"column":7}},"99":{"start":{"line":302,"column":6},"end":{"line":302,"column":33}},"100":{"start":{"line":303,"column":6},"end":{"line":303,"column":13}},"101":{"start":{"line":306,"column":2},"end":{"line":314,"column":5}},"102":{"start":{"line":307,"column":4},"end":{"line":313,"column":7}},"103":{"start":{"line":311,"column":6},"end":{"line":311,"column":33}},"104":{"start":{"line":312,"column":6},"end":{"line":312,"column":13}}},"fnMap":{"0":{"name":"_interopRequireDefault","decl":{"start":{"line":9,"column":9},"end":{"line":9,"column":31}},"loc":{"start":{"line":9,"column":37},"end":{"line":9,"column":97}},"line":9},"1":{"name":"(anonymous_1)","decl":{"start":{"line":13,"column":24},"end":{"line":13,"column":25}},"loc":{"start":{"line":13,"column":36},"end":{"line":17,"column":1}},"line":13},"2":{"name":"(anonymous_2)","decl":{"start":{"line":14,"column":13},"end":{"line":14,"column":14}},"loc":{"start":{"line":14,"column":29},"end":{"line":16,"column":3}},"line":14},"3":{"name":"(anonymous_3)","decl":{"start":{"line":18,"column":27},"end":{"line":18,"column":28}},"loc":{"start":{"line":18,"column":39},"end":{"line":315,"column":1}},"line":18},"4":{"name":"(anonymous_4)","decl":{"start":{"line":19,"column":70},"end":{"line":19,"column":71}},"loc":{"start":{"line":19,"column":86},"end":{"line":31,"column":3}},"line":19},"5":{"name":"(anonymous_5)","decl":{"start":{"line":27,"column":11},"end":{"line":27,"column":12}},"loc":{"start":{"line":27,"column":31},"end":{"line":30,"column":5}},"line":27},"6":{"name":"(anonymous_6)","decl":{"start":{"line":32,"column":72},"end":{"line":32,"column":73}},"loc":{"start":{"line":32,"column":88},"end":{"line":44,"column":3}},"line":32},"7":{"name":"(anonymous_7)","decl":{"start":{"line":40,"column":11},"end":{"line":40,"column":12}},"loc":{"start":{"line":40,"column":31},"end":{"line":43,"column":5}},"line":40},"8":{"name":"(anonymous_8)","decl":{"start":{"line":45,"column":77},"end":{"line":45,"column":78}},"loc":{"start":{"line":45,"column":93},"end":{"line":57,"column":3}},"line":45},"9":{"name":"(anonymous_9)","decl":{"start":{"line":53,"column":11},"end":{"line":53,"column":12}},"loc":{"start":{"line":53,"column":31},"end":{"line":56,"column":5}},"line":53},"10":{"name":"(anonymous_10)","decl":{"start":{"line":58,"column":70},"end":{"line":58,"column":71}},"loc":{"start":{"line":58,"column":86},"end":{"line":70,"column":3}},"line":58},"11":{"name":"(anonymous_11)","decl":{"start":{"line":66,"column":11},"end":{"line":66,"column":12}},"loc":{"start":{"line":66,"column":31},"end":{"line":69,"column":5}},"line":66},"12":{"name":"(anonymous_12)","decl":{"start":{"line":71,"column":81},"end":{"line":71,"column":82}},"loc":{"start":{"line":71,"column":97},"end":{"line":83,"column":3}},"line":71},"13":{"name":"(anonymous_13)","decl":{"start":{"line":79,"column":11},"end":{"line":79,"column":12}},"loc":{"start":{"line":79,"column":31},"end":{"line":82,"column":5}},"line":79},"14":{"name":"(anonymous_14)","decl":{"start":{"line":84,"column":72},"end":{"line":84,"column":73}},"loc":{"start":{"line":84,"column":88},"end":{"line":96,"column":3}},"line":84},"15":{"name":"(anonymous_15)","decl":{"start":{"line":92,"column":11},"end":{"line":92,"column":12}},"loc":{"start":{"line":92,"column":31},"end":{"line":95,"column":5}},"line":92},"16":{"name":"(anonymous_16)","decl":{"start":{"line":97,"column":69},"end":{"line":97,"column":70}},"loc":{"start":{"line":97,"column":85},"end":{"line":109,"column":3}},"line":97},"17":{"name":"(anonymous_17)","decl":{"start":{"line":105,"column":11},"end":{"line":105,"column":12}},"loc":{"start":{"line":105,"column":31},"end":{"line":108,"column":5}},"line":105},"18":{"name":"(anonymous_18)","decl":{"start":{"line":110,"column":76},"end":{"line":110,"column":77}},"loc":{"start":{"line":110,"column":92},"end":{"line":122,"column":3}},"line":110},"19":{"name":"(anonymous_19)","decl":{"start":{"line":118,"column":11},"end":{"line":118,"column":12}},"loc":{"start":{"line":118,"column":31},"end":{"line":121,"column":5}},"line":118},"20":{"name":"(anonymous_20)","decl":{"start":{"line":123,"column":76},"end":{"line":123,"column":77}},"loc":{"start":{"line":123,"column":92},"end":{"line":135,"column":3}},"line":123},"21":{"name":"(anonymous_21)","decl":{"start":{"line":131,"column":11},"end":{"line":131,"column":12}},"loc":{"start":{"line":131,"column":31},"end":{"line":134,"column":5}},"line":131},"22":{"name":"(anonymous_22)","decl":{"start":{"line":136,"column":71},"end":{"line":136,"column":72}},"loc":{"start":{"line":136,"column":87},"end":{"line":148,"column":3}},"line":136},"23":{"name":"(anonymous_23)","decl":{"start":{"line":144,"column":11},"end":{"line":144,"column":12}},"loc":{"start":{"line":144,"column":31},"end":{"line":147,"column":5}},"line":144},"24":{"name":"(anonymous_24)","decl":{"start":{"line":149,"column":71},"end":{"line":149,"column":72}},"loc":{"start":{"line":149,"column":87},"end":{"line":161,"column":3}},"line":149},"25":{"name":"(anonymous_25)","decl":{"start":{"line":157,"column":11},"end":{"line":157,"column":12}},"loc":{"start":{"line":157,"column":31},"end":{"line":160,"column":5}},"line":157},"26":{"name":"(anonymous_26)","decl":{"start":{"line":162,"column":74},"end":{"line":162,"column":75}},"loc":{"start":{"line":162,"column":90},"end":{"line":174,"column":3}},"line":162},"27":{"name":"(anonymous_27)","decl":{"start":{"line":170,"column":11},"end":{"line":170,"column":12}},"loc":{"start":{"line":170,"column":31},"end":{"line":173,"column":5}},"line":170},"28":{"name":"(anonymous_28)","decl":{"start":{"line":175,"column":72},"end":{"line":175,"column":73}},"loc":{"start":{"line":175,"column":88},"end":{"line":187,"column":3}},"line":175},"29":{"name":"(anonymous_29)","decl":{"start":{"line":183,"column":11},"end":{"line":183,"column":12}},"loc":{"start":{"line":183,"column":31},"end":{"line":186,"column":5}},"line":183},"30":{"name":"(anonymous_30)","decl":{"start":{"line":188,"column":78},"end":{"line":188,"column":79}},"loc":{"start":{"line":188,"column":94},"end":{"line":200,"column":3}},"line":188},"31":{"name":"(anonymous_31)","decl":{"start":{"line":196,"column":11},"end":{"line":196,"column":12}},"loc":{"start":{"line":196,"column":31},"end":{"line":199,"column":5}},"line":196},"32":{"name":"(anonymous_32)","decl":{"start":{"line":201,"column":75},"end":{"line":201,"column":76}},"loc":{"start":{"line":201,"column":91},"end":{"line":213,"column":3}},"line":201},"33":{"name":"(anonymous_33)","decl":{"start":{"line":209,"column":11},"end":{"line":209,"column":12}},"loc":{"start":{"line":209,"column":31},"end":{"line":212,"column":5}},"line":209},"34":{"name":"(anonymous_34)","decl":{"start":{"line":214,"column":77},"end":{"line":214,"column":78}},"loc":{"start":{"line":214,"column":93},"end":{"line":226,"column":3}},"line":214},"35":{"name":"(anonymous_35)","decl":{"start":{"line":222,"column":11},"end":{"line":222,"column":12}},"loc":{"start":{"line":222,"column":31},"end":{"line":225,"column":5}},"line":222},"36":{"name":"(anonymous_36)","decl":{"start":{"line":227,"column":77},"end":{"line":227,"column":78}},"loc":{"start":{"line":227,"column":93},"end":{"line":239,"column":3}},"line":227},"37":{"name":"(anonymous_37)","decl":{"start":{"line":235,"column":11},"end":{"line":235,"column":12}},"loc":{"start":{"line":235,"column":31},"end":{"line":238,"column":5}},"line":235},"38":{"name":"(anonymous_38)","decl":{"start":{"line":240,"column":73},"end":{"line":240,"column":74}},"loc":{"start":{"line":240,"column":89},"end":{"line":252,"column":3}},"line":240},"39":{"name":"(anonymous_39)","decl":{"start":{"line":248,"column":11},"end":{"line":248,"column":12}},"loc":{"start":{"line":248,"column":31},"end":{"line":251,"column":5}},"line":248},"40":{"name":"(anonymous_40)","decl":{"start":{"line":253,"column":74},"end":{"line":253,"column":75}},"loc":{"start":{"line":253,"column":90},"end":{"line":265,"column":3}},"line":253},"41":{"name":"(anonymous_41)","decl":{"start":{"line":261,"column":11},"end":{"line":261,"column":12}},"loc":{"start":{"line":261,"column":31},"end":{"line":264,"column":5}},"line":261},"42":{"name":"(anonymous_42)","decl":{"start":{"line":266,"column":72},"end":{"line":266,"column":73}},"loc":{"start":{"line":266,"column":88},"end":{"line":278,"column":3}},"line":266},"43":{"name":"(anonymous_43)","decl":{"start":{"line":274,"column":11},"end":{"line":274,"column":12}},"loc":{"start":{"line":274,"column":31},"end":{"line":277,"column":5}},"line":274},"44":{"name":"(anonymous_44)","decl":{"start":{"line":279,"column":67},"end":{"line":279,"column":68}},"loc":{"start":{"line":279,"column":83},"end":{"line":287,"column":3}},"line":279},"45":{"name":"(anonymous_45)","decl":{"start":{"line":283,"column":11},"end":{"line":283,"column":12}},"loc":{"start":{"line":283,"column":31},"end":{"line":286,"column":5}},"line":283},"46":{"name":"(anonymous_46)","decl":{"start":{"line":288,"column":74},"end":{"line":288,"column":75}},"loc":{"start":{"line":288,"column":90},"end":{"line":296,"column":3}},"line":288},"47":{"name":"(anonymous_47)","decl":{"start":{"line":292,"column":11},"end":{"line":292,"column":12}},"loc":{"start":{"line":292,"column":31},"end":{"line":295,"column":5}},"line":292},"48":{"name":"(anonymous_48)","decl":{"start":{"line":297,"column":79},"end":{"line":297,"column":80}},"loc":{"start":{"line":297,"column":95},"end":{"line":305,"column":3}},"line":297},"49":{"name":"(anonymous_49)","decl":{"start":{"line":301,"column":11},"end":{"line":301,"column":12}},"loc":{"start":{"line":301,"column":31},"end":{"line":304,"column":5}},"line":301},"50":{"name":"(anonymous_50)","decl":{"start":{"line":306,"column":72},"end":{"line":306,"column":73}},"loc":{"start":{"line":306,"column":88},"end":{"line":314,"column":3}},"line":306},"51":{"name":"(anonymous_51)","decl":{"start":{"line":310,"column":11},"end":{"line":310,"column":12}},"loc":{"start":{"line":310,"column":31},"end":{"line":313,"column":5}},"line":310}},"branchMap":{"0":{"loc":{"start":{"line":9,"column":46},"end":{"line":9,"column":94}},"type":"cond-expr","locations":[{"start":{"line":9,"column":70},"end":{"line":9,"column":73}},{"start":{"line":9,"column":76},"end":{"line":9,"column":94}}],"line":9},"1":{"loc":{"start":{"line":9,"column":46},"end":{"line":9,"column":67}},"type":"binary-expr","locations":[{"start":{"line":9,"column":46},"end":{"line":9,"column":49}},{"start":{"line":9,"column":53},"end":{"line":9,"column":67}}],"line":9}},"s":{"0":1,"1":1,"2":1,"3":3,"4":1,"5":1,"6":1,"7":0,"8":1,"9":1,"10":1,"11":1,"12":1,"13":1,"14":1,"15":1,"16":1,"17":1,"18":1,"19":1,"20":1,"21":1,"22":1,"23":1,"24":1,"25":1,"26":1,"27":1,"28":1,"29":1,"30":1,"31":1,"32":1,"33":1,"34":1,"35":1,"36":1,"37":1,"38":1,"39":1,"40":1,"41":1,"42":1,"43":1,"44":1,"45":1,"46":1,"47":1,"48":1,"49":1,"50":1,"51":1,"52":1,"53":1,"54":1,"55":1,"56":1,"57":1,"58":1,"59":1,"60":1,"61":1,"62":1,"63":1,"64":1,"65":1,"66":1,"67":1,"68":1,"69":1,"70":1,"71":1,"72":1,"73":1,"74":1,"75":1,"76":1,"77":1,"78":1,"79":1,"80":1,"81":1,"82":1,"83":1,"84":1,"85":1,"86":1,"87":1,"88":1,"89":1,"90":1,"91":1,"92":1,"93":1,"94":1,"95":1,"96":1,"97":1,"98":1,"99":1,"100":1,"101":1,"102":1,"103":1,"104":1},"f":{"0":3,"1":1,"2":0,"3":1,"4":1,"5":1,"6":1,"7":1,"8":1,"9":1,"10":1,"11":1,"12":1,"13":1,"14":1,"15":1,"16":1,"17":1,"18":1,"19":1,"20":1,"21":1,"22":1,"23":1,"24":1,"25":1,"26":1,"27":1,"28":1,"29":1,"30":1,"31":1,"32":1,"33":1,"34":1,"35":1,"36":1,"37":1,"38":1,"39":1,"40":1,"41":1,"42":1,"43":1,"44":1,"45":1,"46":1,"47":1,"48":1,"49":1,"50":1,"51":1},"b":{"0":[1,2],"1":[3,3]},"_coverageSchema":"43e27e138ebf9cfc5966b082cf9a028302ed4184","hash":"c7054e382e0b72af122a0c3866f97b4c78b95ecb","contentHash":"df24e3a983b4a583ae16c41dcc5fee7ed9cb36de45c4830490a9779a0afaf219"},"D:\\prop-lite\\server\\app.js":{"path":"D:\\prop-lite\\server\\app.js","statementMap":{"0":{"start":{"line":3,"column":0},"end":{"line":5,"column":3}},"1":{"start":{"line":6,"column":0},"end":{"line":6,"column":28}},"2":{"start":{"line":8,"column":15},"end":{"line":8,"column":57}},"3":{"start":{"line":10,"column":17},"end":{"line":10,"column":71}},"4":{"start":{"line":12,"column":21},"end":{"line":12,"column":79}},"5":{"start":{"line":14,"column":17},"end":{"line":14,"column":71}},"6":{"start":{"line":16,"column":18},"end":{"line":16,"column":64}},"7":{"start":{"line":18,"column":39},"end":{"line":18,"column":95}},"8":{"start":{"line":20,"column":10},"end":{"line":20,"column":36}},"9":{"start":{"line":21,"column":0},"end":{"line":23,"column":4}},"10":{"start":{"line":24,"column":0},"end":{"line":24,"column":39}},"11":{"start":{"line":27,"column":0},"end":{"line":27,"column":48}},"12":{"start":{"line":28,"column":0},"end":{"line":28,"column":47}},"13":{"start":{"line":29,"column":0},"end":{"line":29,"column":43}},"14":{"start":{"line":30,"column":11},"end":{"line":30,"column":35}},"15":{"start":{"line":31,"column":0},"end":{"line":33,"column":3}},"16":{"start":{"line":32,"column":2},"end":{"line":32,"column":49}},"17":{"start":{"line":34,"column":15},"end":{"line":34,"column":18}},"18":{"start":{"line":35,"column":0},"end":{"line":35,"column":30}}},"fnMap":{"0":{"name":"_interopRequireDefault","decl":{"start":{"line":18,"column":9},"end":{"line":18,"column":31}},"loc":{"start":{"line":18,"column":37},"end":{"line":18,"column":97}},"line":18},"1":{"name":"(anonymous_1)","decl":{"start":{"line":31,"column":17},"end":{"line":31,"column":18}},"loc":{"start":{"line":31,"column":29},"end":{"line":33,"column":1}},"line":31}},"branchMap":{"0":{"loc":{"start":{"line":18,"column":46},"end":{"line":18,"column":94}},"type":"cond-expr","locations":[{"start":{"line":18,"column":70},"end":{"line":18,"column":73}},{"start":{"line":18,"column":76},"end":{"line":18,"column":94}}],"line":18},"1":{"loc":{"start":{"line":18,"column":46},"end":{"line":18,"column":67}},"type":"binary-expr","locations":[{"start":{"line":18,"column":46},"end":{"line":18,"column":49}},{"start":{"line":18,"column":53},"end":{"line":18,"column":67}}],"line":18},"2":{"loc":{"start":{"line":30,"column":11},"end":{"line":30,"column":35}},"type":"binary-expr","locations":[{"start":{"line":30,"column":11},"end":{"line":30,"column":27}},{"start":{"line":30,"column":31},"end":{"line":30,"column":35}}],"line":30}},"s":{"0":1,"1":1,"2":1,"3":1,"4":1,"5":1,"6":1,"7":5,"8":1,"9":1,"10":1,"11":1,"12":1,"13":1,"14":1,"15":1,"16":1,"17":1,"18":1},"f":{"0":5,"1":1},"b":{"0":[3,2],"1":[5,5],"2":[1,0]},"_coverageSchema":"43e27e138ebf9cfc5966b082cf9a028302ed4184","hash":"4d490af9186a8782cbce509d632eb371ff1a43e7","contentHash":"f22ca865b005bcc97afe66096b90954d572892ef3013a865bd0dc9f8d575b625"},"D:\\prop-lite\\server\\routes\\user-route.js":{"path":"D:\\prop-lite\\server\\routes\\user-route.js","statementMap":{"0":{"start":{"line":3,"column":0},"end":{"line":5,"column":3}},"1":{"start":{"line":6,"column":0},"end":{"line":6,"column":28}},"2":{"start":{"line":8,"column":20},"end":{"line":8,"column":78}},"3":{"start":{"line":10,"column":15},"end":{"line":10,"column":57}},"4":{"start":{"line":12,"column":22},"end":{"line":12,"column":86}},"5":{"start":{"line":14,"column":39},"end":{"line":14,"column":95}},"6":{"start":{"line":16,"column":13},"end":{"line":16,"column":41}},"7":{"start":{"line":18,"column":21},"end":{"line":18,"column":62}},"8":{"start":{"line":19,"column":20},"end":{"line":19,"column":60}},"9":{"start":{"line":20,"column":0},"end":{"line":20,"column":72}},"10":{"start":{"line":21,"column":0},"end":{"line":21,"column":71}},"11":{"start":{"line":22,"column":15},"end":{"line":22,"column":21}},"12":{"start":{"line":23,"column":0},"end":{"line":23,"column":30}}},"fnMap":{"0":{"name":"_interopRequireDefault","decl":{"start":{"line":14,"column":9},"end":{"line":14,"column":31}},"loc":{"start":{"line":14,"column":37},"end":{"line":14,"column":97}},"line":14}},"branchMap":{"0":{"loc":{"start":{"line":14,"column":46},"end":{"line":14,"column":94}},"type":"cond-expr","locations":[{"start":{"line":14,"column":70},"end":{"line":14,"column":73}},{"start":{"line":14,"column":76},"end":{"line":14,"column":94}}],"line":14},"1":{"loc":{"start":{"line":14,"column":46},"end":{"line":14,"column":67}},"type":"binary-expr","locations":[{"start":{"line":14,"column":46},"end":{"line":14,"column":49}},{"start":{"line":14,"column":53},"end":{"line":14,"column":67}}],"line":14}},"s":{"0":1,"1":1,"2":1,"3":1,"4":1,"5":3,"6":1,"7":1,"8":1,"9":1,"10":1,"11":1,"12":1},"f":{"0":3},"b":{"0":[2,1],"1":[3,3]},"_coverageSchema":"43e27e138ebf9cfc5966b082cf9a028302ed4184","hash":"925f8e8cb35ac5be5ae9c6554a36bb198503dcbe","contentHash":"7c9b7003a2823be6f23857a3fd9f42c787ac7f3634258cedad3a336f4864ee40"},"D:\\prop-lite\\server\\control\\user_control.js":{"path":"D:\\prop-lite\\server\\control\\user_control.js","statementMap":{"0":{"start":{"line":3,"column":0},"end":{"line":5,"column":3}},"1":{"start":{"line":6,"column":0},"end":{"line":6,"column":28}},"2":{"start":{"line":8,"column":12},"end":{"line":8,"column":61}},"3":{"start":{"line":10,"column":20},"end":{"line":10,"column":67}},"4":{"start":{"line":12,"column":14},"end":{"line":12,"column":63}},"5":{"start":{"line":14,"column":14},"end":{"line":14,"column":55}},"6":{"start":{"line":16,"column":14},"end":{"line":16,"column":55}},"7":{"start":{"line":18,"column":39},"end":{"line":18,"column":95}},"8":{"start":{"line":20,"column":50},"end":{"line":20,"column":151}},"9":{"start":{"line":20,"column":92},"end":{"line":20,"column":149}},"10":{"start":{"line":22,"column":44},"end":{"line":22,"column":315}},"11":{"start":{"line":22,"column":57},"end":{"line":22,"column":58}},"12":{"start":{"line":22,"column":102},"end":{"line":22,"column":110}},"13":{"start":{"line":22,"column":112},"end":{"line":22,"column":167}},"14":{"start":{"line":22,"column":168},"end":{"line":22,"column":199}},"15":{"start":{"line":22,"column":200},"end":{"line":22,"column":254}},"16":{"start":{"line":22,"column":227},"end":{"line":22,"column":254}},"17":{"start":{"line":22,"column":255},"end":{"line":22,"column":313}},"18":{"start":{"line":24,"column":62},"end":{"line":24,"column":131}},"19":{"start":{"line":24,"column":78},"end":{"line":24,"column":131}},"20":{"start":{"line":24,"column":132},"end":{"line":24,"column":193}},"21":{"start":{"line":24,"column":149},"end":{"line":24,"column":193}},"22":{"start":{"line":24,"column":194},"end":{"line":24,"column":213}},"23":{"start":{"line":26,"column":0},"end":{"line":26,"column":28}},"24":{"start":{"line":30,"column":0},"end":{"line":128,"column":3}},"25":{"start":{"line":32,"column":4},"end":{"line":32,"column":32}},"26":{"start":{"line":35,"column":2},"end":{"line":125,"column":6}},"27":{"start":{"line":38,"column":6},"end":{"line":43,"column":7}},"28":{"start":{"line":39,"column":8},"end":{"line":42,"column":11}},"29":{"start":{"line":45,"column":20},"end":{"line":47,"column":8}},"30":{"start":{"line":46,"column":8},"end":{"line":46,"column":42}},"31":{"start":{"line":49,"column":6},"end":{"line":54,"column":7}},"32":{"start":{"line":50,"column":8},"end":{"line":53,"column":11}},"33":{"start":{"line":56,"column":20},"end":{"line":65,"column":7}},"34":{"start":{"line":67,"column":18},"end":{"line":69,"column":31}},"35":{"start":{"line":71,"column":17},"end":{"line":71,"column":67}},"36":{"start":{"line":73,"column":6},"end":{"line":73,"column":30}},"37":{"start":{"line":75,"column":6},"end":{"line":75,"column":37}},"38":{"start":{"line":77,"column":6},"end":{"line":83,"column":9}},"39":{"start":{"line":88,"column":6},"end":{"line":93,"column":7}},"40":{"start":{"line":89,"column":8},"end":{"line":92,"column":11}},"41":{"start":{"line":95,"column":20},"end":{"line":97,"column":8}},"42":{"start":{"line":96,"column":8},"end":{"line":96,"column":45}},"43":{"start":{"line":99,"column":25},"end":{"line":99,"column":92}},"44":{"start":{"line":101,"column":6},"end":{"line":106,"column":7}},"45":{"start":{"line":102,"column":8},"end":{"line":105,"column":11}},"46":{"start":{"line":108,"column":6},"end":{"line":123,"column":7}},"47":{"start":{"line":109,"column":20},"end":{"line":111,"column":33}},"48":{"start":{"line":113,"column":8},"end":{"line":117,"column":11}},"49":{"start":{"line":119,"column":8},"end":{"line":122,"column":11}},"50":{"start":{"line":127,"column":2},"end":{"line":127,"column":14}},"51":{"start":{"line":130,"column":15},"end":{"line":130,"column":19}},"52":{"start":{"line":131,"column":0},"end":{"line":131,"column":30}}},"fnMap":{"0":{"name":"_interopRequireDefault","decl":{"start":{"line":18,"column":9},"end":{"line":18,"column":31}},"loc":{"start":{"line":18,"column":37},"end":{"line":18,"column":97}},"line":18},"1":{"name":"_classCallCheck","decl":{"start":{"line":20,"column":9},"end":{"line":20,"column":24}},"loc":{"start":{"line":20,"column":48},"end":{"line":20,"column":153}},"line":20},"2":{"name":"_defineProperties","decl":{"start":{"line":22,"column":9},"end":{"line":22,"column":26}},"loc":{"start":{"line":22,"column":42},"end":{"line":22,"column":317}},"line":22},"3":{"name":"_createClass","decl":{"start":{"line":24,"column":9},"end":{"line":24,"column":21}},"loc":{"start":{"line":24,"column":60},"end":{"line":24,"column":215}},"line":24},"4":{"name":"(anonymous_4)","decl":{"start":{"line":30,"column":0},"end":{"line":30,"column":1}},"loc":{"start":{"line":30,"column":12},"end":{"line":128,"column":1}},"line":30},"5":{"name":"User","decl":{"start":{"line":31,"column":11},"end":{"line":31,"column":15}},"loc":{"start":{"line":31,"column":18},"end":{"line":33,"column":3}},"line":31},"6":{"name":"signup","decl":{"start":{"line":37,"column":20},"end":{"line":37,"column":26}},"loc":{"start":{"line":37,"column":37},"end":{"line":84,"column":5}},"line":37},"7":{"name":"(anonymous_7)","decl":{"start":{"line":45,"column":42},"end":{"line":45,"column":43}},"loc":{"start":{"line":45,"column":55},"end":{"line":47,"column":7}},"line":45},"8":{"name":"signin","decl":{"start":{"line":87,"column":20},"end":{"line":87,"column":26}},"loc":{"start":{"line":87,"column":37},"end":{"line":124,"column":5}},"line":87},"9":{"name":"(anonymous_9)","decl":{"start":{"line":95,"column":42},"end":{"line":95,"column":43}},"loc":{"start":{"line":95,"column":58},"end":{"line":97,"column":7}},"line":95}},"branchMap":{"0":{"loc":{"start":{"line":18,"column":46},"end":{"line":18,"column":94}},"type":"cond-expr","locations":[{"start":{"line":18,"column":70},"end":{"line":18,"column":73}},{"start":{"line":18,"column":76},"end":{"line":18,"column":94}}],"line":18},"1":{"loc":{"start":{"line":18,"column":46},"end":{"line":18,"column":67}},"type":"binary-expr","locations":[{"start":{"line":18,"column":46},"end":{"line":18,"column":49}},{"start":{"line":18,"column":53},"end":{"line":18,"column":67}}],"line":18},"2":{"loc":{"start":{"line":20,"column":50},"end":{"line":20,"column":151}},"type":"if","locations":[{"start":{"line":20,"column":50},"end":{"line":20,"column":151}},{"start":{"line":20,"column":50},"end":{"line":20,"column":151}}],"line":20},"3":{"loc":{"start":{"line":22,"column":136},"end":{"line":22,"column":166}},"type":"binary-expr","locations":[{"start":{"line":22,"column":136},"end":{"line":22,"column":157}},{"start":{"line":22,"column":161},"end":{"line":22,"column":166}}],"line":22},"4":{"loc":{"start":{"line":22,"column":200},"end":{"line":22,"column":254}},"type":"if","locations":[{"start":{"line":22,"column":200},"end":{"line":22,"column":254}},{"start":{"line":22,"column":200},"end":{"line":22,"column":254}}],"line":22},"5":{"loc":{"start":{"line":24,"column":62},"end":{"line":24,"column":131}},"type":"if","locations":[{"start":{"line":24,"column":62},"end":{"line":24,"column":131}},{"start":{"line":24,"column":62},"end":{"line":24,"column":131}}],"line":24},"6":{"loc":{"start":{"line":24,"column":132},"end":{"line":24,"column":193}},"type":"if","locations":[{"start":{"line":24,"column":132},"end":{"line":24,"column":193}},{"start":{"line":24,"column":132},"end":{"line":24,"column":193}}],"line":24},"7":{"loc":{"start":{"line":38,"column":6},"end":{"line":43,"column":7}},"type":"if","locations":[{"start":{"line":38,"column":6},"end":{"line":43,"column":7}},{"start":{"line":38,"column":6},"end":{"line":43,"column":7}}],"line":38},"8":{"loc":{"start":{"line":49,"column":6},"end":{"line":54,"column":7}},"type":"if","locations":[{"start":{"line":49,"column":6},"end":{"line":54,"column":7}},{"start":{"line":49,"column":6},"end":{"line":54,"column":7}}],"line":49},"9":{"loc":{"start":{"line":88,"column":6},"end":{"line":93,"column":7}},"type":"if","locations":[{"start":{"line":88,"column":6},"end":{"line":93,"column":7}},{"start":{"line":88,"column":6},"end":{"line":93,"column":7}}],"line":88},"10":{"loc":{"start":{"line":101,"column":6},"end":{"line":106,"column":7}},"type":"if","locations":[{"start":{"line":101,"column":6},"end":{"line":106,"column":7}},{"start":{"line":101,"column":6},"end":{"line":106,"column":7}}],"line":101},"11":{"loc":{"start":{"line":108,"column":6},"end":{"line":123,"column":7}},"type":"if","locations":[{"start":{"line":108,"column":6},"end":{"line":123,"column":7}},{"start":{"line":108,"column":6},"end":{"line":123,"column":7}}],"line":108}},"s":{"0":1,"1":1,"2":1,"3":1,"4":1,"5":1,"6":1,"7":5,"8":0,"9":0,"10":1,"11":1,"12":2,"13":2,"14":2,"15":2,"16":2,"17":2,"18":1,"19":0,"20":1,"21":1,"22":1,"23":1,"24":1,"25":0,"26":1,"27":0,"28":0,"29":0,"30":0,"31":0,"32":0,"33":0,"34":0,"35":0,"36":0,"37":0,"38":0,"39":2,"40":0,"41":2,"42":4,"43":2,"44":2,"45":2,"46":0,"47":0,"48":0,"49":0,"50":1,"51":1,"52":1},"f":{"0":5,"1":0,"2":1,"3":1,"4":1,"5":0,"6":0,"7":0,"8":2,"9":4},"b":{"0":[1,4],"1":[5,5],"2":[0,0],"3":[2,2],"4":[2,0],"5":[0,1],"6":[1,0],"7":[0,0],"8":[0,0],"9":[0,2],"10":[2,0],"11":[0,0]},"_coverageSchema":"43e27e138ebf9cfc5966b082cf9a028302ed4184","hash":"e7c1630914e7145bb67bc0b6ee19f6533e42f7c6","contentHash":"2875f5981de4ee3c8b2a58ab09e73b739cbe41b6f7c86aabf6ff9958d568e7cd"},"D:\\prop-lite\\server\\models\\user.js":{"path":"D:\\prop-lite\\server\\models\\user.js","statementMap":{"0":{"start":{"line":3,"column":0},"end":{"line":5,"column":3}},"1":{"start":{"line":6,"column":0},"end":{"line":6,"column":28}},"2":{"start":{"line":7,"column":12},"end":{"line":34,"column":2}},"3":{"start":{"line":35,"column":15},"end":{"line":35,"column":20}},"4":{"start":{"line":36,"column":0},"end":{"line":36,"column":30}}},"fnMap":{},"branchMap":{},"s":{"0":1,"1":1,"2":1,"3":1,"4":1},"f":{},"b":{},"_coverageSchema":"43e27e138ebf9cfc5966b082cf9a028302ed4184","hash":"7e3fb0104469902231c322c63c41b0641557efb4","contentHash":"2f3d30020e06f518d3eed2e10fdab158d903433d4810845c6fd13d7de30d36b4"},"D:\\prop-lite\\server\\validations\\userValidation.js":{"path":"D:\\prop-lite\\server\\validations\\userValidation.js","statementMap":{"0":{"start":{"line":3,"column":0},"end":{"line":5,"column":3}},"1":{"start":{"line":6,"column":0},"end":{"line":6,"column":28}},"2":{"start":{"line":8,"column":50},"end":{"line":8,"column":151}},"3":{"start":{"line":8,"column":92},"end":{"line":8,"column":149}},"4":{"start":{"line":10,"column":44},"end":{"line":10,"column":315}},"5":{"start":{"line":10,"column":57},"end":{"line":10,"column":58}},"6":{"start":{"line":10,"column":102},"end":{"line":10,"column":110}},"7":{"start":{"line":10,"column":112},"end":{"line":10,"column":167}},"8":{"start":{"line":10,"column":168},"end":{"line":10,"column":199}},"9":{"start":{"line":10,"column":200},"end":{"line":10,"column":254}},"10":{"start":{"line":10,"column":227},"end":{"line":10,"column":254}},"11":{"start":{"line":10,"column":255},"end":{"line":10,"column":313}},"12":{"start":{"line":12,"column":62},"end":{"line":12,"column":131}},"13":{"start":{"line":12,"column":78},"end":{"line":12,"column":131}},"14":{"start":{"line":12,"column":132},"end":{"line":12,"column":193}},"15":{"start":{"line":12,"column":149},"end":{"line":12,"column":193}},"16":{"start":{"line":12,"column":194},"end":{"line":12,"column":213}},"17":{"start":{"line":14,"column":12},"end":{"line":14,"column":30}},"18":{"start":{"line":15,"column":12},"end":{"line":15,"column":42}},"19":{"start":{"line":16,"column":13},"end":{"line":16,"column":34}},"20":{"start":{"line":17,"column":18},"end":{"line":17,"column":28}},"21":{"start":{"line":18,"column":14},"end":{"line":18,"column":32}},"22":{"start":{"line":22,"column":0},"end":{"line":61,"column":3}},"23":{"start":{"line":24,"column":4},"end":{"line":24,"column":42}},"24":{"start":{"line":27,"column":2},"end":{"line":58,"column":6}},"25":{"start":{"line":30,"column":6},"end":{"line":43,"column":7}},"26":{"start":{"line":31,"column":8},"end":{"line":31,"column":80}},"27":{"start":{"line":31,"column":41},"end":{"line":31,"column":80}},"28":{"start":{"line":32,"column":8},"end":{"line":32,"column":92}},"29":{"start":{"line":32,"column":46},"end":{"line":32,"column":92}},"30":{"start":{"line":33,"column":8},"end":{"line":33,"column":90}},"31":{"start":{"line":33,"column":45},"end":{"line":33,"column":90}},"32":{"start":{"line":34,"column":8},"end":{"line":34,"column":110}},"33":{"start":{"line":34,"column":45},"end":{"line":34,"column":110}},"34":{"start":{"line":35,"column":8},"end":{"line":35,"column":113}},"35":{"start":{"line":35,"column":53},"end":{"line":35,"column":113}},"36":{"start":{"line":36,"column":8},"end":{"line":36,"column":83}},"37":{"start":{"line":36,"column":45},"end":{"line":36,"column":83}},"38":{"start":{"line":37,"column":8},"end":{"line":37,"column":15}},"39":{"start":{"line":39,"column":8},"end":{"line":42,"column":11}},"40":{"start":{"line":48,"column":6},"end":{"line":56,"column":7}},"41":{"start":{"line":49,"column":8},"end":{"line":49,"column":80}},"42":{"start":{"line":49,"column":41},"end":{"line":49,"column":80}},"43":{"start":{"line":50,"column":8},"end":{"line":50,"column":15}},"44":{"start":{"line":52,"column":8},"end":{"line":55,"column":11}},"45":{"start":{"line":60,"column":2},"end":{"line":60,"column":24}},"46":{"start":{"line":63,"column":15},"end":{"line":63,"column":29}},"47":{"start":{"line":64,"column":0},"end":{"line":64,"column":30}}},"fnMap":{"0":{"name":"_classCallCheck","decl":{"start":{"line":8,"column":9},"end":{"line":8,"column":24}},"loc":{"start":{"line":8,"column":48},"end":{"line":8,"column":153}},"line":8},"1":{"name":"_defineProperties","decl":{"start":{"line":10,"column":9},"end":{"line":10,"column":26}},"loc":{"start":{"line":10,"column":42},"end":{"line":10,"column":317}},"line":10},"2":{"name":"_createClass","decl":{"start":{"line":12,"column":9},"end":{"line":12,"column":21}},"loc":{"start":{"line":12,"column":60},"end":{"line":12,"column":215}},"line":12},"3":{"name":"(anonymous_3)","decl":{"start":{"line":22,"column":0},"end":{"line":22,"column":1}},"loc":{"start":{"line":22,"column":12},"end":{"line":61,"column":1}},"line":22},"4":{"name":"UserValidation","decl":{"start":{"line":23,"column":11},"end":{"line":23,"column":25}},"loc":{"start":{"line":23,"column":28},"end":{"line":25,"column":3}},"line":23},"5":{"name":"validateSignup","decl":{"start":{"line":29,"column":20},"end":{"line":29,"column":34}},"loc":{"start":{"line":29,"column":51},"end":{"line":44,"column":5}},"line":29},"6":{"name":"validateLogin","decl":{"start":{"line":47,"column":20},"end":{"line":47,"column":33}},"loc":{"start":{"line":47,"column":50},"end":{"line":57,"column":5}},"line":47}},"branchMap":{"0":{"loc":{"start":{"line":8,"column":50},"end":{"line":8,"column":151}},"type":"if","locations":[{"start":{"line":8,"column":50},"end":{"line":8,"column":151}},{"start":{"line":8,"column":50},"end":{"line":8,"column":151}}],"line":8},"1":{"loc":{"start":{"line":10,"column":136},"end":{"line":10,"column":166}},"type":"binary-expr","locations":[{"start":{"line":10,"column":136},"end":{"line":10,"column":157}},{"start":{"line":10,"column":161},"end":{"line":10,"column":166}}],"line":10},"2":{"loc":{"start":{"line":10,"column":200},"end":{"line":10,"column":254}},"type":"if","locations":[{"start":{"line":10,"column":200},"end":{"line":10,"column":254}},{"start":{"line":10,"column":200},"end":{"line":10,"column":254}}],"line":10},"3":{"loc":{"start":{"line":12,"column":62},"end":{"line":12,"column":131}},"type":"if","locations":[{"start":{"line":12,"column":62},"end":{"line":12,"column":131}},{"start":{"line":12,"column":62},"end":{"line":12,"column":131}}],"line":12},"4":{"loc":{"start":{"line":12,"column":132},"end":{"line":12,"column":193}},"type":"if","locations":[{"start":{"line":12,"column":132},"end":{"line":12,"column":193}},{"start":{"line":12,"column":132},"end":{"line":12,"column":193}}],"line":12},"5":{"loc":{"start":{"line":31,"column":8},"end":{"line":31,"column":80}},"type":"if","locations":[{"start":{"line":31,"column":8},"end":{"line":31,"column":80}},{"start":{"line":31,"column":8},"end":{"line":31,"column":80}}],"line":31},"6":{"loc":{"start":{"line":32,"column":8},"end":{"line":32,"column":92}},"type":"if","locations":[{"start":{"line":32,"column":8},"end":{"line":32,"column":92}},{"start":{"line":32,"column":8},"end":{"line":32,"column":92}}],"line":32},"7":{"loc":{"start":{"line":33,"column":8},"end":{"line":33,"column":90}},"type":"if","locations":[{"start":{"line":33,"column":8},"end":{"line":33,"column":90}},{"start":{"line":33,"column":8},"end":{"line":33,"column":90}}],"line":33},"8":{"loc":{"start":{"line":34,"column":8},"end":{"line":34,"column":110}},"type":"if","locations":[{"start":{"line":34,"column":8},"end":{"line":34,"column":110}},{"start":{"line":34,"column":8},"end":{"line":34,"column":110}}],"line":34},"9":{"loc":{"start":{"line":35,"column":8},"end":{"line":35,"column":113}},"type":"if","locations":[{"start":{"line":35,"column":8},"end":{"line":35,"column":113}},{"start":{"line":35,"column":8},"end":{"line":35,"column":113}}],"line":35},"10":{"loc":{"start":{"line":36,"column":8},"end":{"line":36,"column":83}},"type":"if","locations":[{"start":{"line":36,"column":8},"end":{"line":36,"column":83}},{"start":{"line":36,"column":8},"end":{"line":36,"column":83}}],"line":36},"11":{"loc":{"start":{"line":49,"column":8},"end":{"line":49,"column":80}},"type":"if","locations":[{"start":{"line":49,"column":8},"end":{"line":49,"column":80}},{"start":{"line":49,"column":8},"end":{"line":49,"column":80}}],"line":49}},"s":{"0":1,"1":1,"2":0,"3":0,"4":1,"5":1,"6":2,"7":2,"8":2,"9":2,"10":2,"11":2,"12":1,"13":0,"14":1,"15":1,"16":1,"17":1,"18":1,"19":1,"20":1,"21":1,"22":1,"23":0,"24":1,"25":16,"26":16,"27":1,"28":15,"29":4,"30":11,"31":4,"32":7,"33":1,"34":6,"35":3,"36":3,"37":3,"38":0,"39":16,"40":4,"41":4,"42":2,"43":2,"44":2,"45":1,"46":1,"47":1},"f":{"0":0,"1":1,"2":1,"3":1,"4":0,"5":16,"6":4},"b":{"0":[0,0],"1":[2,2],"2":[2,0],"3":[0,1],"4":[1,0],"5":[1,15],"6":[4,11],"7":[4,7],"8":[1,6],"9":[3,3],"10":[3,0],"11":[2,2]},"_coverageSchema":"43e27e138ebf9cfc5966b082cf9a028302ed4184","hash":"2540002f0ecbddb25a286023a025e946d2d5a540","contentHash":"fb312527e3bb7a4957e1b311dddca550e8ad9943b543e48bbd15ea026d3e7afd"},"D:\\prop-lite\\server\\routes\\property-route.js":{"path":"D:\\prop-lite\\server\\routes\\property-route.js","statementMap":{"0":{"start":{"line":3,"column":0},"end":{"line":5,"column":3}},"1":{"start":{"line":6,"column":0},"end":{"line":6,"column":28}},"2":{"start":{"line":8,"column":15},"end":{"line":8,"column":57}},"3":{"start":{"line":10,"column":23},"end":{"line":10,"column":85}},"4":{"start":{"line":12,"column":24},"end":{"line":12,"column":85}},"5":{"start":{"line":14,"column":26},"end":{"line":14,"column":94}},"6":{"start":{"line":16,"column":19},"end":{"line":16,"column":77}},"7":{"start":{"line":18,"column":23},"end":{"line":18,"column":88}},"8":{"start":{"line":20,"column":39},"end":{"line":20,"column":95}},"9":{"start":{"line":22,"column":13},"end":{"line":22,"column":41}},"10":{"start":{"line":24,"column":21},"end":{"line":24,"column":66}},"11":{"start":{"line":25,"column":0},"end":{"line":25,"column":107}},"12":{"start":{"line":26,"column":0},"end":{"line":26,"column":111}},"13":{"start":{"line":27,"column":0},"end":{"line":27,"column":90}},"14":{"start":{"line":28,"column":0},"end":{"line":28,"column":73}},"15":{"start":{"line":29,"column":0},"end":{"line":29,"column":67}},"16":{"start":{"line":30,"column":0},"end":{"line":30,"column":74}},"17":{"start":{"line":31,"column":0},"end":{"line":31,"column":73}},"18":{"start":{"line":32,"column":15},"end":{"line":32,"column":21}},"19":{"start":{"line":33,"column":0},"end":{"line":33,"column":30}}},"fnMap":{"0":{"name":"_interopRequireDefault","decl":{"start":{"line":20,"column":9},"end":{"line":20,"column":31}},"loc":{"start":{"line":20,"column":37},"end":{"line":20,"column":97}},"line":20}},"branchMap":{"0":{"loc":{"start":{"line":20,"column":46},"end":{"line":20,"column":94}},"type":"cond-expr","locations":[{"start":{"line":20,"column":70},"end":{"line":20,"column":73}},{"start":{"line":20,"column":76},"end":{"line":20,"column":94}}],"line":20},"1":{"loc":{"start":{"line":20,"column":46},"end":{"line":20,"column":67}},"type":"binary-expr","locations":[{"start":{"line":20,"column":46},"end":{"line":20,"column":49}},{"start":{"line":20,"column":53},"end":{"line":20,"column":67}}],"line":20}},"s":{"0":1,"1":1,"2":1,"3":1,"4":1,"5":1,"6":1,"7":1,"8":6,"9":1,"10":1,"11":1,"12":1,"13":1,"14":1,"15":1,"16":1,"17":1,"18":1,"19":1},"f":{"0":6},"b":{"0":[5,1],"1":[6,6]},"_coverageSchema":"43e27e138ebf9cfc5966b082cf9a028302ed4184","hash":"071738c3b71b9fe644aca8eae2db9b8b2653c0cf","contentHash":"2e511e5077f13c31d98ff389308764d7360fb89c15e4dc9a80bfd74f6ef373e6"},"D:\\prop-lite\\server\\control\\property-control.js":{"path":"D:\\prop-lite\\server\\control\\property-control.js","statementMap":{"0":{"start":{"line":3,"column":0},"end":{"line":5,"column":3}},"1":{"start":{"line":6,"column":0},"end":{"line":6,"column":28}},"2":{"start":{"line":8,"column":21},"end":{"line":8,"column":80}},"3":{"start":{"line":10,"column":12},"end":{"line":10,"column":61}},"4":{"start":{"line":12,"column":20},"end":{"line":12,"column":67}},"5":{"start":{"line":14,"column":39},"end":{"line":14,"column":95}},"6":{"start":{"line":16,"column":50},"end":{"line":16,"column":151}},"7":{"start":{"line":16,"column":92},"end":{"line":16,"column":149}},"8":{"start":{"line":18,"column":44},"end":{"line":18,"column":315}},"9":{"start":{"line":18,"column":57},"end":{"line":18,"column":58}},"10":{"start":{"line":18,"column":102},"end":{"line":18,"column":110}},"11":{"start":{"line":18,"column":112},"end":{"line":18,"column":167}},"12":{"start":{"line":18,"column":168},"end":{"line":18,"column":199}},"13":{"start":{"line":18,"column":200},"end":{"line":18,"column":254}},"14":{"start":{"line":18,"column":227},"end":{"line":18,"column":254}},"15":{"start":{"line":18,"column":255},"end":{"line":18,"column":313}},"16":{"start":{"line":20,"column":62},"end":{"line":20,"column":131}},"17":{"start":{"line":20,"column":78},"end":{"line":20,"column":131}},"18":{"start":{"line":20,"column":132},"end":{"line":20,"column":193}},"19":{"start":{"line":20,"column":149},"end":{"line":20,"column":193}},"20":{"start":{"line":20,"column":194},"end":{"line":20,"column":213}},"21":{"start":{"line":24,"column":0},"end":{"line":237,"column":3}},"22":{"start":{"line":26,"column":4},"end":{"line":26,"column":36}},"23":{"start":{"line":29,"column":2},"end":{"line":234,"column":6}},"24":{"start":{"line":32,"column":22},"end":{"line":32,"column":30}},"25":{"start":{"line":33,"column":18},"end":{"line":33,"column":33}},"26":{"start":{"line":34,"column":17},"end":{"line":34,"column":31}},"27":{"start":{"line":35,"column":17},"end":{"line":35,"column":31}},"28":{"start":{"line":36,"column":18},"end":{"line":36,"column":33}},"29":{"start":{"line":37,"column":18},"end":{"line":37,"column":33}},"30":{"start":{"line":38,"column":20},"end":{"line":38,"column":37}},"31":{"start":{"line":40,"column":6},"end":{"line":76,"column":7}},"32":{"start":{"line":41,"column":20},"end":{"line":41,"column":93}},"33":{"start":{"line":43,"column":26},"end":{"line":45,"column":10}},"34":{"start":{"line":44,"column":10},"end":{"line":44,"column":40}},"35":{"start":{"line":47,"column":8},"end":{"line":47,"column":33}},"36":{"start":{"line":49,"column":8},"end":{"line":54,"column":9}},"37":{"start":{"line":50,"column":10},"end":{"line":53,"column":13}},"38":{"start":{"line":56,"column":26},"end":{"line":66,"column":9}},"39":{"start":{"line":67,"column":8},"end":{"line":67,"column":69}},"40":{"start":{"line":67,"column":25},"end":{"line":67,"column":69}},"41":{"start":{"line":68,"column":8},"end":{"line":71,"column":11}},"42":{"start":{"line":73,"column":8},"end":{"line":75,"column":11}},"43":{"start":{"line":81,"column":23},"end":{"line":81,"column":31}},"44":{"start":{"line":82,"column":18},"end":{"line":82,"column":34}},"45":{"start":{"line":83,"column":18},"end":{"line":83,"column":34}},"46":{"start":{"line":84,"column":19},"end":{"line":84,"column":36}},"47":{"start":{"line":85,"column":20},"end":{"line":85,"column":38}},"48":{"start":{"line":86,"column":17},"end":{"line":86,"column":32}},"49":{"start":{"line":87,"column":17},"end":{"line":87,"column":32}},"50":{"start":{"line":95,"column":6},"end":{"line":147,"column":7}},"51":{"start":{"line":96,"column":20},"end":{"line":96,"column":93}},"52":{"start":{"line":98,"column":22},"end":{"line":100,"column":10}},"53":{"start":{"line":99,"column":10},"end":{"line":99,"column":40}},"54":{"start":{"line":102,"column":30},"end":{"line":104,"column":10}},"55":{"start":{"line":103,"column":10},"end":{"line":103,"column":39}},"56":{"start":{"line":106,"column":8},"end":{"line":106,"column":37}},"57":{"start":{"line":108,"column":8},"end":{"line":113,"column":9}},"58":{"start":{"line":109,"column":10},"end":{"line":112,"column":13}},"59":{"start":{"line":115,"column":8},"end":{"line":142,"column":9}},"60":{"start":{"line":116,"column":10},"end":{"line":116,"column":34}},"61":{"start":{"line":118,"column":10},"end":{"line":123,"column":13}},"62":{"start":{"line":119,"column":12},"end":{"line":119,"column":28}},"63":{"start":{"line":120,"column":12},"end":{"line":120,"column":79}},"64":{"start":{"line":121,"column":12},"end":{"line":121,"column":102}},"65":{"start":{"line":122,"column":12},"end":{"line":122,"column":21}},"66":{"start":{"line":125,"column":10},"end":{"line":125,"column":32}},"67":{"start":{"line":126,"column":10},"end":{"line":136,"column":13}},"68":{"start":{"line":138,"column":10},"end":{"line":141,"column":13}},"69":{"start":{"line":144,"column":8},"end":{"line":146,"column":11}},"70":{"start":{"line":152,"column":19},"end":{"line":152,"column":44}},"71":{"start":{"line":153,"column":6},"end":{"line":155,"column":9}},"72":{"start":{"line":153,"column":26},"end":{"line":155,"column":9}},"73":{"start":{"line":154,"column":8},"end":{"line":154,"column":40}},"74":{"start":{"line":157,"column":6},"end":{"line":167,"column":7}},"75":{"start":{"line":158,"column":8},"end":{"line":161,"column":11}},"76":{"start":{"line":163,"column":8},"end":{"line":166,"column":11}},"77":{"start":{"line":170,"column":6},"end":{"line":173,"column":9}},"78":{"start":{"line":170,"column":28},"end":{"line":173,"column":9}},"79":{"start":{"line":178,"column":23},"end":{"line":180,"column":8}},"80":{"start":{"line":179,"column":8},"end":{"line":179,"column":37}},"81":{"start":{"line":182,"column":6},"end":{"line":190,"column":9}},"82":{"start":{"line":183,"column":8},"end":{"line":186,"column":11}},"83":{"start":{"line":187,"column":13},"end":{"line":190,"column":9}},"84":{"start":{"line":195,"column":23},"end":{"line":197,"column":8}},"85":{"start":{"line":196,"column":8},"end":{"line":196,"column":37}},"86":{"start":{"line":199,"column":6},"end":{"line":208,"column":9}},"87":{"start":{"line":200,"column":8},"end":{"line":200,"column":111}},"88":{"start":{"line":200,"column":47},"end":{"line":200,"column":74}},"89":{"start":{"line":200,"column":79},"end":{"line":200,"column":111}},"90":{"start":{"line":201,"column":8},"end":{"line":204,"column":11}},"91":{"start":{"line":205,"column":13},"end":{"line":208,"column":9}},"92":{"start":{"line":213,"column":23},"end":{"line":215,"column":8}},"93":{"start":{"line":214,"column":8},"end":{"line":214,"column":37}},"94":{"start":{"line":217,"column":6},"end":{"line":232,"column":7}},"95":{"start":{"line":218,"column":8},"end":{"line":222,"column":11}},"96":{"start":{"line":224,"column":22},"end":{"line":224,"column":67}},"97":{"start":{"line":226,"column":8},"end":{"line":226,"column":53}},"98":{"start":{"line":228,"column":8},"end":{"line":231,"column":11}},"99":{"start":{"line":236,"column":2},"end":{"line":236,"column":18}},"100":{"start":{"line":239,"column":15},"end":{"line":239,"column":23}},"101":{"start":{"line":240,"column":0},"end":{"line":240,"column":30}}},"fnMap":{"0":{"name":"_interopRequireDefault","decl":{"start":{"line":14,"column":9},"end":{"line":14,"column":31}},"loc":{"start":{"line":14,"column":37},"end":{"line":14,"column":97}},"line":14},"1":{"name":"_classCallCheck","decl":{"start":{"line":16,"column":9},"end":{"line":16,"column":24}},"loc":{"start":{"line":16,"column":48},"end":{"line":16,"column":153}},"line":16},"2":{"name":"_defineProperties","decl":{"start":{"line":18,"column":9},"end":{"line":18,"column":26}},"loc":{"start":{"line":18,"column":42},"end":{"line":18,"column":317}},"line":18},"3":{"name":"_createClass","decl":{"start":{"line":20,"column":9},"end":{"line":20,"column":21}},"loc":{"start":{"line":20,"column":60},"end":{"line":20,"column":215}},"line":20},"4":{"name":"(anonymous_4)","decl":{"start":{"line":24,"column":0},"end":{"line":24,"column":1}},"loc":{"start":{"line":24,"column":12},"end":{"line":237,"column":1}},"line":24},"5":{"name":"Property","decl":{"start":{"line":25,"column":11},"end":{"line":25,"column":19}},"loc":{"start":{"line":25,"column":22},"end":{"line":27,"column":3}},"line":25},"6":{"name":"create","decl":{"start":{"line":31,"column":20},"end":{"line":31,"column":26}},"loc":{"start":{"line":31,"column":37},"end":{"line":77,"column":5}},"line":31},"7":{"name":"(anonymous_7)","decl":{"start":{"line":43,"column":48},"end":{"line":43,"column":49}},"loc":{"start":{"line":43,"column":61},"end":{"line":45,"column":9}},"line":43},"8":{"name":"updateProperty","decl":{"start":{"line":80,"column":20},"end":{"line":80,"column":34}},"loc":{"start":{"line":80,"column":45},"end":{"line":148,"column":5}},"line":80},"9":{"name":"(anonymous_9)","decl":{"start":{"line":98,"column":53},"end":{"line":98,"column":54}},"loc":{"start":{"line":98,"column":66},"end":{"line":100,"column":9}},"line":98},"10":{"name":"(anonymous_10)","decl":{"start":{"line":102,"column":61},"end":{"line":102,"column":62}},"loc":{"start":{"line":102,"column":74},"end":{"line":104,"column":9}},"line":102},"11":{"name":"(anonymous_11)","decl":{"start":{"line":118,"column":40},"end":{"line":118,"column":41}},"loc":{"start":{"line":118,"column":53},"end":{"line":123,"column":11}},"line":118},"12":{"name":"allProperties","decl":{"start":{"line":151,"column":20},"end":{"line":151,"column":33}},"loc":{"start":{"line":151,"column":44},"end":{"line":174,"column":5}},"line":151},"13":{"name":"(anonymous_13)","decl":{"start":{"line":153,"column":68},"end":{"line":153,"column":69}},"loc":{"start":{"line":153,"column":81},"end":{"line":155,"column":7}},"line":153},"14":{"name":"specificProperty","decl":{"start":{"line":177,"column":20},"end":{"line":177,"column":36}},"loc":{"start":{"line":177,"column":47},"end":{"line":191,"column":5}},"line":177},"15":{"name":"(anonymous_15)","decl":{"start":{"line":178,"column":54},"end":{"line":178,"column":55}},"loc":{"start":{"line":178,"column":67},"end":{"line":180,"column":7}},"line":178},"16":{"name":"markSold","decl":{"start":{"line":194,"column":20},"end":{"line":194,"column":28}},"loc":{"start":{"line":194,"column":39},"end":{"line":209,"column":5}},"line":194},"17":{"name":"(anonymous_17)","decl":{"start":{"line":195,"column":54},"end":{"line":195,"column":55}},"loc":{"start":{"line":195,"column":67},"end":{"line":197,"column":7}},"line":195},"18":{"name":"_delete","decl":{"start":{"line":212,"column":20},"end":{"line":212,"column":27}},"loc":{"start":{"line":212,"column":38},"end":{"line":233,"column":5}},"line":212},"19":{"name":"(anonymous_19)","decl":{"start":{"line":213,"column":54},"end":{"line":213,"column":55}},"loc":{"start":{"line":213,"column":67},"end":{"line":215,"column":7}},"line":213}},"branchMap":{"0":{"loc":{"start":{"line":14,"column":46},"end":{"line":14,"column":94}},"type":"cond-expr","locations":[{"start":{"line":14,"column":70},"end":{"line":14,"column":73}},{"start":{"line":14,"column":76},"end":{"line":14,"column":94}}],"line":14},"1":{"loc":{"start":{"line":14,"column":46},"end":{"line":14,"column":67}},"type":"binary-expr","locations":[{"start":{"line":14,"column":46},"end":{"line":14,"column":49}},{"start":{"line":14,"column":53},"end":{"line":14,"column":67}}],"line":14},"2":{"loc":{"start":{"line":16,"column":50},"end":{"line":16,"column":151}},"type":"if","locations":[{"start":{"line":16,"column":50},"end":{"line":16,"column":151}},{"start":{"line":16,"column":50},"end":{"line":16,"column":151}}],"line":16},"3":{"loc":{"start":{"line":18,"column":136},"end":{"line":18,"column":166}},"type":"binary-expr","locations":[{"start":{"line":18,"column":136},"end":{"line":18,"column":157}},{"start":{"line":18,"column":161},"end":{"line":18,"column":166}}],"line":18},"4":{"loc":{"start":{"line":18,"column":200},"end":{"line":18,"column":254}},"type":"if","locations":[{"start":{"line":18,"column":200},"end":{"line":18,"column":254}},{"start":{"line":18,"column":200},"end":{"line":18,"column":254}}],"line":18},"5":{"loc":{"start":{"line":20,"column":62},"end":{"line":20,"column":131}},"type":"if","locations":[{"start":{"line":20,"column":62},"end":{"line":20,"column":131}},{"start":{"line":20,"column":62},"end":{"line":20,"column":131}}],"line":20},"6":{"loc":{"start":{"line":20,"column":132},"end":{"line":20,"column":193}},"type":"if","locations":[{"start":{"line":20,"column":132},"end":{"line":20,"column":193}},{"start":{"line":20,"column":132},"end":{"line":20,"column":193}}],"line":20},"7":{"loc":{"start":{"line":49,"column":8},"end":{"line":54,"column":9}},"type":"if","locations":[{"start":{"line":49,"column":8},"end":{"line":54,"column":9}},{"start":{"line":49,"column":8},"end":{"line":54,"column":9}}],"line":49},"8":{"loc":{"start":{"line":67,"column":8},"end":{"line":67,"column":69}},"type":"if","locations":[{"start":{"line":67,"column":8},"end":{"line":67,"column":69}},{"start":{"line":67,"column":8},"end":{"line":67,"column":69}}],"line":67},"9":{"loc":{"start":{"line":108,"column":8},"end":{"line":113,"column":9}},"type":"if","locations":[{"start":{"line":108,"column":8},"end":{"line":113,"column":9}},{"start":{"line":108,"column":8},"end":{"line":113,"column":9}}],"line":108},"10":{"loc":{"start":{"line":115,"column":8},"end":{"line":142,"column":9}},"type":"if","locations":[{"start":{"line":115,"column":8},"end":{"line":142,"column":9}},{"start":{"line":115,"column":8},"end":{"line":142,"column":9}}],"line":115},"11":{"loc":{"start":{"line":153,"column":6},"end":{"line":155,"column":9}},"type":"if","locations":[{"start":{"line":153,"column":6},"end":{"line":155,"column":9}},{"start":{"line":153,"column":6},"end":{"line":155,"column":9}}],"line":153},"12":{"loc":{"start":{"line":157,"column":6},"end":{"line":167,"column":7}},"type":"if","locations":[{"start":{"line":157,"column":6},"end":{"line":167,"column":7}},{"start":{"line":157,"column":6},"end":{"line":167,"column":7}}],"line":157},"13":{"loc":{"start":{"line":170,"column":6},"end":{"line":173,"column":9}},"type":"if","locations":[{"start":{"line":170,"column":6},"end":{"line":173,"column":9}},{"start":{"line":170,"column":6},"end":{"line":173,"column":9}}],"line":170},"14":{"loc":{"start":{"line":182,"column":6},"end":{"line":190,"column":9}},"type":"if","locations":[{"start":{"line":182,"column":6},"end":{"line":190,"column":9}},{"start":{"line":182,"column":6},"end":{"line":190,"column":9}}],"line":182},"15":{"loc":{"start":{"line":199,"column":6},"end":{"line":208,"column":9}},"type":"if","locations":[{"start":{"line":199,"column":6},"end":{"line":208,"column":9}},{"start":{"line":199,"column":6},"end":{"line":208,"column":9}}],"line":199},"16":{"loc":{"start":{"line":200,"column":8},"end":{"line":200,"column":111}},"type":"if","locations":[{"start":{"line":200,"column":8},"end":{"line":200,"column":111}},{"start":{"line":200,"column":8},"end":{"line":200,"column":111}}],"line":200},"17":{"loc":{"start":{"line":217,"column":6},"end":{"line":232,"column":7}},"type":"if","locations":[{"start":{"line":217,"column":6},"end":{"line":232,"column":7}},{"start":{"line":217,"column":6},"end":{"line":232,"column":7}}],"line":217}},"s":{"0":1,"1":1,"2":1,"3":1,"4":1,"5":3,"6":0,"7":0,"8":1,"9":1,"10":6,"11":6,"12":6,"13":6,"14":6,"15":6,"16":1,"17":0,"18":1,"19":1,"20":1,"21":1,"22":0,"23":1,"24":0,"25":0,"26":0,"27":0,"28":0,"29":0,"30":0,"31":0,"32":0,"33":0,"34":0,"35":0,"36":0,"37":0,"38":0,"39":0,"40":0,"41":0,"42":0,"43":0,"44":0,"45":0,"46":0,"47":0,"48":0,"49":0,"50":0,"51":0,"52":0,"53":0,"54":0,"55":0,"56":0,"57":0,"58":0,"59":0,"60":0,"61":0,"62":0,"63":0,"64":0,"65":0,"66":0,"67":0,"68":0,"69":0,"70":0,"71":0,"72":0,"73":0,"74":0,"75":0,"76":0,"77":0,"78":0,"79":0,"80":0,"81":0,"82":0,"83":0,"84":0,"85":0,"86":0,"87":0,"88":0,"89":0,"90":0,"91":0,"92":0,"93":0,"94":0,"95":0,"96":0,"97":0,"98":0,"99":1,"100":1,"101":1},"f":{"0":3,"1":0,"2":1,"3":1,"4":1,"5":0,"6":0,"7":0,"8":0,"9":0,"10":0,"11":0,"12":0,"13":0,"14":0,"15":0,"16":0,"17":0,"18":0,"19":0},"b":{"0":[2,1],"1":[3,3],"2":[0,0],"3":[6,6],"4":[6,0],"5":[0,1],"6":[1,0],"7":[0,0],"8":[0,0],"9":[0,0],"10":[0,0],"11":[0,0],"12":[0,0],"13":[0,0],"14":[0,0],"15":[0,0],"16":[0,0],"17":[0,0]},"_coverageSchema":"43e27e138ebf9cfc5966b082cf9a028302ed4184","hash":"4a82cedd9c0cf9ab4b3cfb8b7285f2d5fc5525b8","contentHash":"d15e0cc9f80934bc79be601ce9bceef4996d0596f9c18fb013d4928a284547cd"},"D:\\prop-lite\\server\\models\\property-model.js":{"path":"D:\\prop-lite\\server\\models\\property-model.js","statementMap":{"0":{"start":{"line":3,"column":0},"end":{"line":5,"column":3}},"1":{"start":{"line":6,"column":0},"end":{"line":6,"column":28}},"2":{"start":{"line":7,"column":15},"end":{"line":33,"column":2}},"3":{"start":{"line":34,"column":15},"end":{"line":34,"column":23}},"4":{"start":{"line":35,"column":0},"end":{"line":35,"column":30}}},"fnMap":{},"branchMap":{},"s":{"0":1,"1":1,"2":1,"3":1,"4":1},"f":{},"b":{},"_coverageSchema":"43e27e138ebf9cfc5966b082cf9a028302ed4184","hash":"be1d33665bf71af0b5d319969ca40bdca97677ed","contentHash":"47979f847ecdfb621f9063c006ed2fdfa40574cc4df3d6eab2a2f4a863fffdb8"},"D:\\prop-lite\\server\\config\\cloudinaryConfig.js":{"path":"D:\\prop-lite\\server\\config\\cloudinaryConfig.js","statementMap":{"0":{"start":{"line":3,"column":0},"end":{"line":5,"column":3}},"1":{"start":{"line":6,"column":0},"end":{"line":6,"column":28}},"2":{"start":{"line":8,"column":18},"end":{"line":8,"column":63}},"3":{"start":{"line":10,"column":14},"end":{"line":10,"column":55}},"4":{"start":{"line":12,"column":11},"end":{"line":12,"column":49}},"5":{"start":{"line":14,"column":39},"end":{"line":14,"column":95}},"6":{"start":{"line":16,"column":16},"end":{"line":34,"column":1}},"7":{"start":{"line":17,"column":2},"end":{"line":17,"column":30}},"8":{"start":{"line":19,"column":23},"end":{"line":19,"column":72}},"9":{"start":{"line":21,"column":2},"end":{"line":25,"column":5}},"10":{"start":{"line":27,"column":2},"end":{"line":33,"column":5}},"11":{"start":{"line":28,"column":4},"end":{"line":30,"column":5}},"12":{"start":{"line":29,"column":6},"end":{"line":29,"column":41}},"13":{"start":{"line":32,"column":4},"end":{"line":32,"column":18}},"14":{"start":{"line":36,"column":15},"end":{"line":36,"column":24}},"15":{"start":{"line":37,"column":0},"end":{"line":37,"column":30}}},"fnMap":{"0":{"name":"_interopRequireDefault","decl":{"start":{"line":14,"column":9},"end":{"line":14,"column":31}},"loc":{"start":{"line":14,"column":37},"end":{"line":14,"column":97}},"line":14},"1":{"name":"cloudinar","decl":{"start":{"line":16,"column":25},"end":{"line":16,"column":34}},"loc":{"start":{"line":16,"column":51},"end":{"line":34,"column":1}},"line":16},"2":{"name":"(anonymous_2)","decl":{"start":{"line":27,"column":60},"end":{"line":27,"column":61}},"loc":{"start":{"line":27,"column":85},"end":{"line":33,"column":3}},"line":27}},"branchMap":{"0":{"loc":{"start":{"line":14,"column":46},"end":{"line":14,"column":94}},"type":"cond-expr","locations":[{"start":{"line":14,"column":70},"end":{"line":14,"column":73}},{"start":{"line":14,"column":76},"end":{"line":14,"column":94}}],"line":14},"1":{"loc":{"start":{"line":14,"column":46},"end":{"line":14,"column":67}},"type":"binary-expr","locations":[{"start":{"line":14,"column":46},"end":{"line":14,"column":49}},{"start":{"line":14,"column":53},"end":{"line":14,"column":67}}],"line":14},"2":{"loc":{"start":{"line":28,"column":4},"end":{"line":30,"column":5}},"type":"if","locations":[{"start":{"line":28,"column":4},"end":{"line":30,"column":5}},{"start":{"line":28,"column":4},"end":{"line":30,"column":5}}],"line":28}},"s":{"0":1,"1":1,"2":1,"3":1,"4":1,"5":3,"6":1,"7":20,"8":20,"9":20,"10":20,"11":20,"12":0,"13":20,"14":1,"15":1},"f":{"0":3,"1":20,"2":20},"b":{"0":[0,3],"1":[3,3],"2":[0,20]},"_coverageSchema":"43e27e138ebf9cfc5966b082cf9a028302ed4184","hash":"83e4c189bc2ddcc25719055bd0b30f4d55d1d411","contentHash":"a47a55d0cc09a8db30ee595606fc0452669b333a0f509128031a0b420eaa0353"},"D:\\prop-lite\\server\\validations\\propertyVaildation.js":{"path":"D:\\prop-lite\\server\\validations\\propertyVaildation.js","statementMap":{"0":{"start":{"line":3,"column":0},"end":{"line":5,"column":3}},"1":{"start":{"line":6,"column":0},"end":{"line":6,"column":28}},"2":{"start":{"line":8,"column":50},"end":{"line":8,"column":151}},"3":{"start":{"line":8,"column":92},"end":{"line":8,"column":149}},"4":{"start":{"line":10,"column":44},"end":{"line":10,"column":315}},"5":{"start":{"line":10,"column":57},"end":{"line":10,"column":58}},"6":{"start":{"line":10,"column":102},"end":{"line":10,"column":110}},"7":{"start":{"line":10,"column":112},"end":{"line":10,"column":167}},"8":{"start":{"line":10,"column":168},"end":{"line":10,"column":199}},"9":{"start":{"line":10,"column":200},"end":{"line":10,"column":254}},"10":{"start":{"line":10,"column":227},"end":{"line":10,"column":254}},"11":{"start":{"line":10,"column":255},"end":{"line":10,"column":313}},"12":{"start":{"line":12,"column":62},"end":{"line":12,"column":131}},"13":{"start":{"line":12,"column":78},"end":{"line":12,"column":131}},"14":{"start":{"line":12,"column":132},"end":{"line":12,"column":193}},"15":{"start":{"line":12,"column":149},"end":{"line":12,"column":193}},"16":{"start":{"line":12,"column":194},"end":{"line":12,"column":213}},"17":{"start":{"line":14,"column":14},"end":{"line":14,"column":32}},"18":{"start":{"line":15,"column":12},"end":{"line":15,"column":30}},"19":{"start":{"line":16,"column":11},"end":{"line":16,"column":29}},"20":{"start":{"line":17,"column":12},"end":{"line":17,"column":60}},"21":{"start":{"line":21,"column":0},"end":{"line":46,"column":3}},"22":{"start":{"line":23,"column":4},"end":{"line":23,"column":44}},"23":{"start":{"line":26,"column":2},"end":{"line":43,"column":6}},"24":{"start":{"line":29,"column":6},"end":{"line":41,"column":7}},"25":{"start":{"line":30,"column":8},"end":{"line":30,"column":202}},"26":{"start":{"line":30,"column":130},"end":{"line":30,"column":202}},"27":{"start":{"line":31,"column":8},"end":{"line":31,"column":79}},"28":{"start":{"line":31,"column":41},"end":{"line":31,"column":79}},"29":{"start":{"line":32,"column":8},"end":{"line":32,"column":71}},"30":{"start":{"line":32,"column":39},"end":{"line":32,"column":71}},"31":{"start":{"line":33,"column":8},"end":{"line":33,"column":80}},"32":{"start":{"line":33,"column":45},"end":{"line":33,"column":80}},"33":{"start":{"line":34,"column":8},"end":{"line":34,"column":83}},"34":{"start":{"line":34,"column":41},"end":{"line":34,"column":83}},"35":{"start":{"line":35,"column":8},"end":{"line":35,"column":15}},"36":{"start":{"line":37,"column":8},"end":{"line":40,"column":11}},"37":{"start":{"line":45,"column":2},"end":{"line":45,"column":26}},"38":{"start":{"line":48,"column":15},"end":{"line":48,"column":31}},"39":{"start":{"line":49,"column":0},"end":{"line":49,"column":30}}},"fnMap":{"0":{"name":"_classCallCheck","decl":{"start":{"line":8,"column":9},"end":{"line":8,"column":24}},"loc":{"start":{"line":8,"column":48},"end":{"line":8,"column":153}},"line":8},"1":{"name":"_defineProperties","decl":{"start":{"line":10,"column":9},"end":{"line":10,"column":26}},"loc":{"start":{"line":10,"column":42},"end":{"line":10,"column":317}},"line":10},"2":{"name":"_createClass","decl":{"start":{"line":12,"column":9},"end":{"line":12,"column":21}},"loc":{"start":{"line":12,"column":60},"end":{"line":12,"column":215}},"line":12},"3":{"name":"(anonymous_3)","decl":{"start":{"line":21,"column":0},"end":{"line":21,"column":1}},"loc":{"start":{"line":21,"column":12},"end":{"line":46,"column":1}},"line":21},"4":{"name":"validateProperty","decl":{"start":{"line":22,"column":11},"end":{"line":22,"column":27}},"loc":{"start":{"line":22,"column":30},"end":{"line":24,"column":3}},"line":22},"5":{"name":"createProperty","decl":{"start":{"line":28,"column":20},"end":{"line":28,"column":34}},"loc":{"start":{"line":28,"column":51},"end":{"line":42,"column":5}},"line":28}},"branchMap":{"0":{"loc":{"start":{"line":8,"column":50},"end":{"line":8,"column":151}},"type":"if","locations":[{"start":{"line":8,"column":50},"end":{"line":8,"column":151}},{"start":{"line":8,"column":50},"end":{"line":8,"column":151}}],"line":8},"1":{"loc":{"start":{"line":10,"column":136},"end":{"line":10,"column":166}},"type":"binary-expr","locations":[{"start":{"line":10,"column":136},"end":{"line":10,"column":157}},{"start":{"line":10,"column":161},"end":{"line":10,"column":166}}],"line":10},"2":{"loc":{"start":{"line":10,"column":200},"end":{"line":10,"column":254}},"type":"if","locations":[{"start":{"line":10,"column":200},"end":{"line":10,"column":254}},{"start":{"line":10,"column":200},"end":{"line":10,"column":254}}],"line":10},"3":{"loc":{"start":{"line":12,"column":62},"end":{"line":12,"column":131}},"type":"if","locations":[{"start":{"line":12,"column":62},"end":{"line":12,"column":131}},{"start":{"line":12,"column":62},"end":{"line":12,"column":131}}],"line":12},"4":{"loc":{"start":{"line":12,"column":132},"end":{"line":12,"column":193}},"type":"if","locations":[{"start":{"line":12,"column":132},"end":{"line":12,"column":193}},{"start":{"line":12,"column":132},"end":{"line":12,"column":193}}],"line":12},"5":{"loc":{"start":{"line":30,"column":8},"end":{"line":30,"column":202}},"type":"if","locations":[{"start":{"line":30,"column":8},"end":{"line":30,"column":202}},{"start":{"line":30,"column":8},"end":{"line":30,"column":202}}],"line":30},"6":{"loc":{"start":{"line":30,"column":12},"end":{"line":30,"column":128}},"type":"binary-expr","locations":[{"start":{"line":30,"column":12},"end":{"line":30,"column":41}},{"start":{"line":30,"column":45},"end":{"line":30,"column":70}},{"start":{"line":30,"column":74},"end":{"line":30,"column":100}},{"start":{"line":30,"column":104},"end":{"line":30,"column":128}}],"line":30},"7":{"loc":{"start":{"line":31,"column":8},"end":{"line":31,"column":79}},"type":"if","locations":[{"start":{"line":31,"column":8},"end":{"line":31,"column":79}},{"start":{"line":31,"column":8},"end":{"line":31,"column":79}}],"line":31},"8":{"loc":{"start":{"line":32,"column":8},"end":{"line":32,"column":71}},"type":"if","locations":[{"start":{"line":32,"column":8},"end":{"line":32,"column":71}},{"start":{"line":32,"column":8},"end":{"line":32,"column":71}}],"line":32},"9":{"loc":{"start":{"line":33,"column":8},"end":{"line":33,"column":80}},"type":"if","locations":[{"start":{"line":33,"column":8},"end":{"line":33,"column":80}},{"start":{"line":33,"column":8},"end":{"line":33,"column":80}}],"line":33},"10":{"loc":{"start":{"line":34,"column":8},"end":{"line":34,"column":83}},"type":"if","locations":[{"start":{"line":34,"column":8},"end":{"line":34,"column":83}},{"start":{"line":34,"column":8},"end":{"line":34,"column":83}}],"line":34}},"s":{"0":1,"1":1,"2":0,"3":0,"4":1,"5":1,"6":1,"7":1,"8":1,"9":1,"10":1,"11":1,"12":1,"13":0,"14":1,"15":1,"16":1,"17":1,"18":1,"19":1,"20":1,"21":1,"22":0,"23":1,"24":20,"25":20,"26":6,"27":14,"28":14,"29":0,"30":0,"31":0,"32":0,"33":0,"34":0,"35":0,"36":20,"37":1,"38":1,"39":1},"f":{"0":0,"1":1,"2":1,"3":1,"4":0,"5":20},"b":{"0":[0,0],"1":[1,1],"2":[1,0],"3":[0,1],"4":[1,0],"5":[6,14],"6":[20,20,6,6],"7":[14,0],"8":[0,0],"9":[0,0],"10":[0,0]},"_coverageSchema":"43e27e138ebf9cfc5966b082cf9a028302ed4184","hash":"76bdc8942c5668cf62be186a549829668b3cb531","contentHash":"da67f3dfa84b9489b3cf3543374446c838197e9ffff8f2999de802add3a0f642"},"D:\\prop-lite\\server\\control\\flag-control.js":{"path":"D:\\prop-lite\\server\\control\\flag-control.js","statementMap":{"0":{"start":{"line":3,"column":0},"end":{"line":5,"column":3}},"1":{"start":{"line":6,"column":0},"end":{"line":6,"column":28}},"2":{"start":{"line":8,"column":21},"end":{"line":8,"column":80}},"3":{"start":{"line":10,"column":12},"end":{"line":10,"column":61}},"4":{"start":{"line":12,"column":39},"end":{"line":12,"column":95}},"5":{"start":{"line":14,"column":50},"end":{"line":14,"column":151}},"6":{"start":{"line":14,"column":92},"end":{"line":14,"column":149}},"7":{"start":{"line":16,"column":44},"end":{"line":16,"column":315}},"8":{"start":{"line":16,"column":57},"end":{"line":16,"column":58}},"9":{"start":{"line":16,"column":102},"end":{"line":16,"column":110}},"10":{"start":{"line":16,"column":112},"end":{"line":16,"column":167}},"11":{"start":{"line":16,"column":168},"end":{"line":16,"column":199}},"12":{"start":{"line":16,"column":200},"end":{"line":16,"column":254}},"13":{"start":{"line":16,"column":227},"end":{"line":16,"column":254}},"14":{"start":{"line":16,"column":255},"end":{"line":16,"column":313}},"15":{"start":{"line":18,"column":62},"end":{"line":18,"column":131}},"16":{"start":{"line":18,"column":78},"end":{"line":18,"column":131}},"17":{"start":{"line":18,"column":132},"end":{"line":18,"column":193}},"18":{"start":{"line":18,"column":149},"end":{"line":18,"column":193}},"19":{"start":{"line":18,"column":194},"end":{"line":18,"column":213}},"20":{"start":{"line":22,"column":0},"end":{"line":61,"column":3}},"21":{"start":{"line":24,"column":4},"end":{"line":24,"column":33}},"22":{"start":{"line":27,"column":2},"end":{"line":58,"column":6}},"23":{"start":{"line":30,"column":22},"end":{"line":30,"column":30}},"24":{"start":{"line":31,"column":19},"end":{"line":31,"column":35}},"25":{"start":{"line":32,"column":24},"end":{"line":32,"column":45}},"26":{"start":{"line":34,"column":28},"end":{"line":36,"column":8}},"27":{"start":{"line":35,"column":8},"end":{"line":35,"column":48}},"28":{"start":{"line":38,"column":6},"end":{"line":43,"column":7}},"29":{"start":{"line":39,"column":8},"end":{"line":42,"column":11}},"30":{"start":{"line":45,"column":20},"end":{"line":51,"column":7}},"31":{"start":{"line":52,"column":6},"end":{"line":52,"column":59}},"32":{"start":{"line":52,"column":19},"end":{"line":52,"column":59}},"33":{"start":{"line":53,"column":6},"end":{"line":56,"column":9}},"34":{"start":{"line":60,"column":2},"end":{"line":60,"column":15}},"35":{"start":{"line":63,"column":15},"end":{"line":63,"column":20}},"36":{"start":{"line":64,"column":0},"end":{"line":64,"column":30}}},"fnMap":{"0":{"name":"_interopRequireDefault","decl":{"start":{"line":12,"column":9},"end":{"line":12,"column":31}},"loc":{"start":{"line":12,"column":37},"end":{"line":12,"column":97}},"line":12},"1":{"name":"_classCallCheck","decl":{"start":{"line":14,"column":9},"end":{"line":14,"column":24}},"loc":{"start":{"line":14,"column":48},"end":{"line":14,"column":153}},"line":14},"2":{"name":"_defineProperties","decl":{"start":{"line":16,"column":9},"end":{"line":16,"column":26}},"loc":{"start":{"line":16,"column":42},"end":{"line":16,"column":317}},"line":16},"3":{"name":"_createClass","decl":{"start":{"line":18,"column":9},"end":{"line":18,"column":21}},"loc":{"start":{"line":18,"column":60},"end":{"line":18,"column":215}},"line":18},"4":{"name":"(anonymous_4)","decl":{"start":{"line":22,"column":0},"end":{"line":22,"column":1}},"loc":{"start":{"line":22,"column":12},"end":{"line":61,"column":1}},"line":22},"5":{"name":"Flags","decl":{"start":{"line":23,"column":11},"end":{"line":23,"column":16}},"loc":{"start":{"line":23,"column":19},"end":{"line":25,"column":3}},"line":23},"6":{"name":"report","decl":{"start":{"line":29,"column":20},"end":{"line":29,"column":26}},"loc":{"start":{"line":29,"column":37},"end":{"line":57,"column":5}},"line":29},"7":{"name":"(anonymous_7)","decl":{"start":{"line":34,"column":59},"end":{"line":34,"column":60}},"loc":{"start":{"line":34,"column":73},"end":{"line":36,"column":7}},"line":34}},"branchMap":{"0":{"loc":{"start":{"line":12,"column":46},"end":{"line":12,"column":94}},"type":"cond-expr","locations":[{"start":{"line":12,"column":70},"end":{"line":12,"column":73}},{"start":{"line":12,"column":76},"end":{"line":12,"column":94}}],"line":12},"1":{"loc":{"start":{"line":12,"column":46},"end":{"line":12,"column":67}},"type":"binary-expr","locations":[{"start":{"line":12,"column":46},"end":{"line":12,"column":49}},{"start":{"line":12,"column":53},"end":{"line":12,"column":67}}],"line":12},"2":{"loc":{"start":{"line":14,"column":50},"end":{"line":14,"column":151}},"type":"if","locations":[{"start":{"line":14,"column":50},"end":{"line":14,"column":151}},{"start":{"line":14,"column":50},"end":{"line":14,"column":151}}],"line":14},"3":{"loc":{"start":{"line":16,"column":136},"end":{"line":16,"column":166}},"type":"binary-expr","locations":[{"start":{"line":16,"column":136},"end":{"line":16,"column":157}},{"start":{"line":16,"column":161},"end":{"line":16,"column":166}}],"line":16},"4":{"loc":{"start":{"line":16,"column":200},"end":{"line":16,"column":254}},"type":"if","locations":[{"start":{"line":16,"column":200},"end":{"line":16,"column":254}},{"start":{"line":16,"column":200},"end":{"line":16,"column":254}}],"line":16},"5":{"loc":{"start":{"line":18,"column":62},"end":{"line":18,"column":131}},"type":"if","locations":[{"start":{"line":18,"column":62},"end":{"line":18,"column":131}},{"start":{"line":18,"column":62},"end":{"line":18,"column":131}}],"line":18},"6":{"loc":{"start":{"line":18,"column":132},"end":{"line":18,"column":193}},"type":"if","locations":[{"start":{"line":18,"column":132},"end":{"line":18,"column":193}},{"start":{"line":18,"column":132},"end":{"line":18,"column":193}}],"line":18},"7":{"loc":{"start":{"line":38,"column":6},"end":{"line":43,"column":7}},"type":"if","locations":[{"start":{"line":38,"column":6},"end":{"line":43,"column":7}},{"start":{"line":38,"column":6},"end":{"line":43,"column":7}}],"line":38},"8":{"loc":{"start":{"line":52,"column":6},"end":{"line":52,"column":59}},"type":"if","locations":[{"start":{"line":52,"column":6},"end":{"line":52,"column":59}},{"start":{"line":52,"column":6},"end":{"line":52,"column":59}}],"line":52}},"s":{"0":1,"1":1,"2":1,"3":1,"4":2,"5":0,"6":0,"7":1,"8":1,"9":1,"10":1,"11":1,"12":1,"13":1,"14":1,"15":1,"16":0,"17":1,"18":1,"19":1,"20":1,"21":0,"22":1,"23":0,"24":0,"25":0,"26":0,"27":0,"28":0,"29":0,"30":0,"31":0,"32":0,"33":0,"34":1,"35":1,"36":1},"f":{"0":2,"1":0,"2":1,"3":1,"4":1,"5":0,"6":0,"7":0},"b":{"0":[2,0],"1":[2,2],"2":[0,0],"3":[1,1],"4":[1,0],"5":[0,1],"6":[1,0],"7":[0,0],"8":[0,0]},"_coverageSchema":"43e27e138ebf9cfc5966b082cf9a028302ed4184","hash":"c035b54a81bb0b43c0fe324016a0c4d3af4a8952","contentHash":"660d194fb9bcc19c93a9783488597ea1ae03e18955bab5c6037cb0c24d847b1f"},"D:\\prop-lite\\server\\models\\flag.js":{"path":"D:\\prop-lite\\server\\models\\flag.js","statementMap":{"0":{"start":{"line":3,"column":0},"end":{"line":5,"column":3}},"1":{"start":{"line":6,"column":0},"end":{"line":6,"column":28}},"2":{"start":{"line":7,"column":11},"end":{"line":21,"column":2}},"3":{"start":{"line":22,"column":15},"end":{"line":22,"column":19}},"4":{"start":{"line":23,"column":0},"end":{"line":23,"column":30}}},"fnMap":{},"branchMap":{},"s":{"0":1,"1":1,"2":1,"3":1,"4":1},"f":{},"b":{},"_coverageSchema":"43e27e138ebf9cfc5966b082cf9a028302ed4184","hash":"a4a51ee905eea1a72dcbcc6e1f583164d64d58b2","contentHash":"4afdbc4599df2ef58b90cde65f7cd1e703b674459dd60fc978b4af84a462765d"},"D:\\prop-lite\\server\\validations\\flagValidations.js":{"path":"D:\\prop-lite\\server\\validations\\flagValidations.js","statementMap":{"0":{"start":{"line":3,"column":0},"end":{"line":5,"column":3}},"1":{"start":{"line":6,"column":0},"end":{"line":6,"column":28}},"2":{"start":{"line":8,"column":50},"end":{"line":8,"column":151}},"3":{"start":{"line":8,
[...]
line":36,"column":5}},"line":26}},"branchMap":{"0":{"loc":{"start":{"line":8,"column":50},"end":{"line":8,"column":151}},"type":"if","locations":[{"start":{"line":8,"column":50},"end":{"line":8,"column":151}},{"start":{"line":8,"column":50},"end":{"line":8,"column":151}}],"line":8},"1":{"loc":{"start":{"line":10,"column":136},"end":{"line":10,"column":166}},"type":"binary-expr","locations":[{"start":{"line":10,"column":136},"end":{"line":10,"column":157}},{"start":{"line":10,"column":161},"end":{"line":10,"column":166}}],"line":10},"2":{"loc":{"start":{"line":10,"column":200},"end":{"line":10,"column":254}},"type":"if","locations":[{"start":{"line":10,"column":200},"end":{"line":10,"column":254}},{"start":{"line":10,"column":200},"end":{"line":10,"column":254}}],"line":10},"3":{"loc":{"start":{"line":12,"column":62},"end":{"line":12,"column":131}},"type":"if","locations":[{"start":{"line":12,"column":62},"end":{"line":12,"column":131}},{"start":{"line":12,"column":62},"end":{"line":12,"column":131}}],"line":12},"4":{"loc":{"start":{"line":12,"column":132},"end":{"line":12,"column":193}},"type":"if","locations":[{"start":{"line":12,"column":132},"end":{"line":12,"column":193}},{"start":{"line":12,"column":132},"end":{"line":12,"column":193}}],"line":12},"5":{"loc":{"start":{"line":28,"column":8},"end":{"line":28,"column":82}},"type":"if","locations":[{"start":{"line":28,"column":8},"end":{"line":28,"column":82}},{"start":{"line":28,"column":8},"end":{"line":28,"column":82}}],"line":28},"6":{"loc":{"start":{"line":29,"column":8},"end":{"line":29,"column":83}},"type":"if","locations":[{"start":{"line":29,"column":8},"end":{"line":29,"column":83}},{"start":{"line":29,"column":8},"end":{"line":29,"column":83}}],"line":29}},"s":{"0":1,"1":1,"2":0,"3":0,"4":1,"5":1,"6":1,"7":1,"8":1,"9":1,"10":1,"11":1,"12":1,"13":0,"14":1,"15":1,"16":1,"17":1,"18":1,"19":1,"20":0,"21":1,"22":4,"23":4,"24":2,"25":2,"26":2,"27":4,"28":1,"29":1,"30":1},"f":{"0":0,"1":1,"2":1,"3":1,"4":0,"5":4},"b":{"0":[0,0],"1":[1,1],"2":[1,0],"3":[0,1],"4":[1,0],"5":[2,2],"6":[2,0]},"_coverageSchema":"43e27e138ebf9cfc5966b082cf9a028302ed4184","hash":"cb18b32966023524cbe1de5d9bd936c9d018a396","contentHash":"9ec46b438aa4659253255afb1f27453af6a1098852e05b089a6b7ce9c59f1f91"},"D:\\prop-lite\\server\\routes\\flag-route.js":{"path":"D:\\prop-lite\\server\\routes\\flag-route.js","statementMap":{"0":{"start":{"line":3,"column":0},"end":{"line":5,"column":3}},"1":{"start":{"line":6,"column":0},"end":{"line":6,"column":28}},"2":{"start":{"line":8,"column":15},"end":{"line":8,"column":57}},"3":{"start":{"line":10,"column":19},"end":{"line":10,"column":77}},"4":{"start":{"line":12,"column":39},"end":{"line":12,"column":95}},"5":{"start":{"line":14,"column":13},"end":{"line":14,"column":41}},"6":{"start":{"line":16,"column":0},"end":{"line":16,"column":59}},"7":{"start":{"line":17,"column":15},"end":{"line":17,"column":21}},"8":{"start":{"line":18,"column":0},"end":{"line":18,"column":30}}},"fnMap":{"0":{"name":"_interopRequireDefault","decl":{"start":{"line":12,"column":9},"end":{"line":12,"column":31}},"loc":{"start":{"line":12,"column":37},"end":{"line":12,"column":97}},"line":12}},"branchMap":{"0":{"loc":{"start":{"line":12,"column":46},"end":{"line":12,"column":94}},"type":"cond-expr","locations":[{"start":{"line":12,"column":70},"end":{"line":12,"column":73}},{"start":{"line":12,"column":76},"end":{"line":12,"column":94}}],"line":12},"1":{"loc":{"start":{"line":12,"column":46},"end":{"line":12,"column":67}},"type":"binary-expr","locations":[{"start":{"line":12,"column":46},"end":{"line":12,"column":49}},{"start":{"line":12,"column":53},"end":{"line":12,"column":67}}],"line":12}},"s":{"0":1,"1":1,"2":1,"3":1,"4":2,"5":1,"6":1,"7":1,"8":1},"f":{"0":2},"b":{"0":[1,1],"1":[2,2]},"_coverageSchema":"43e27e138ebf9cfc5966b082cf9a028302ed4184","hash":"a7702e0a8431b016095106a750742e4e09eeb2c0","contentHash":"87432ad463d610d2b1e16678ec134308a9ca9d29401da653a78d68e16c06b2f7"},"D:\\prop-lite\\server\\tests\\userTest.js":{"path":"D:\\prop-lite\\server\\tests\\userTest.js","statementMap":{"0":{"start":{"line":3,"column":12},"end":{"line":3,"column":51}},"1":{"start":{"line":5,"column":16},"end":{"line":5,"column":60}},"2":{"start":{"line":7,"column":11},"end":{"line":7,"column":52}},"3":{"start":{"line":9,"column":39},"end":{"line":9,"column":95}},"4":{"start":{"line":11,"column":0},"end":{"line":11,"column":43}},"5":{"start":{"line":13,"column":0},"end":{"line":13,"column":26}},"6":{"start":{"line":15,"column":0},"end":{"line":19,"column":3}},"7":{"start":{"line":16,"column":2},"end":{"line":18,"column":5}},"8":{"start":{"line":17,"column":4},"end":{"line":17,"column":11}},"9":{"start":{"line":20,"column":0},"end":{"line":261,"column":3}},"10":{"start":{"line":21,"column":2},"end":{"line":29,"column":5}},"11":{"start":{"line":22,"column":4},"end":{"line":28,"column":7}},"12":{"start":{"line":26,"column":6},"end":{"line":26,"column":33}},"13":{"start":{"line":27,"column":6},"end":{"line":27,"column":13}},"14":{"start":{"line":30,"column":2},"end":{"line":38,"column":5}},"15":{"start":{"line":31,"column":4},"end":{"line":37,"column":7}},"16":{"start":{"line":35,"column":6},"end":{"line":35,"column":33}},"17":{"start":{"line":36,"column":6},"end":{"line":36,"column":13}},"18":{"start":{"line":39,"column":2},"end":{"line":47,"column":5}},"19":{"start":{"line":40,"column":4},"end":{"line":46,"column":7}},"20":{"start":{"line":44,"column":6},"end":{"line":44,"column":33}},"21":{"start":{"line":45,"column":6},"end":{"line":45,"column":13}},"22":{"start":{"line":48,"column":2},"end":{"line":56,"column":5}},"23":{"start":{"line":49,"column":4},"end":{"line":55,"column":7}},"24":{"start":{"line":53,"column":6},"end":{"line":53,"column":33}},"25":{"start":{"line":54,"column":6},"end":{"line":54,"column":13}},"26":{"start":{"line":57,"column":2},"end":{"line":65,"column":5}},"27":{"start":{"line":58,"column":4},"end":{"line":64,"column":7}},"28":{"start":{"line":62,"column":6},"end":{"line":62,"column":33}},"29":{"start":{"line":63,"column":6},"end":{"line":63,"column":13}},"30":{"start":{"line":66,"column":2},"end":{"line":78,"column":5}},"31":{"start":{"line":67,"column":4},"end":{"line":77,"column":7}},"32":{"start":{"line":75,"column":6},"end":{"line":75,"column":33}},"33":{"start":{"line":76,"column":6},"end":{"line":76,"column":13}},"34":{"start":{"line":79,"column":2},"end":{"line":91,"column":5}},"35":{"start":{"line":80,"column":4},"end":{"line":90,"column":7}},"36":{"start":{"line":88,"column":6},"end":{"line":88,"column":33}},"37":{"start":{"line":89,"column":6},"end":{"line":89,"column":13}},"38":{"start":{"line":92,"column":2},"end":{"line":104,"column":5}},"39":{"start":{"line":93,"column":4},"end":{"line":103,"column":7}},"40":{"start":{"line":101,"column":6},"end":{"line":101,"column":33}},"41":{"start":{"line":102,"column":6},"end":{"line":102,"column":13}},"42":{"start":{"line":105,"column":2},"end":{"line":117,"column":5}},"43":{"start":{"line":106,"column":4},"end":{"line":116,"column":7}},"44":{"start":{"line":114,"column":6},"end":{"line":114,"column":33}},"45":{"start":{"line":115,"column":6},"end":{"line":115,"column":13}},"46":{"start":{"line":118,"column":2},"end":{"line":130,"column":5}},"47":{"start":{"line":119,"column":4},"end":{"line":129,"column":7}},"48":{"start":{"line":127,"column":6},"end":{"line":127,"column":33}},"49":{"start":{"line":128,"column":6},"end":{"line":128,"column":13}},"50":{"start":{"line":131,"column":2},"end":{"line":143,"column":5}},"51":{"start":{"line":132,"column":4},"end":{"line":142,"column":7}},"52":{"start":{"line":140,"column":6},"end":{"line":140,"column":33}},"53":{"start":{"line":141,"column":6},"end":{"line":141,"column":13}},"54":{"start":{"line":144,"column":2},"end":{"line":156,"column":5}},"55":{"start":{"line":145,"column":4},"end":{"line":155,"column":7}},"56":{"start":{"line":153,"column":6},"end":{"line":153,"column":33}},"57":{"start":{"line":154,"column":6},"end":{"line":154,"column":13}},"58":{"start":{"line":157,"column":2},"end":{"line":169,"column":5}},"59":{"start":{"line":158,"column":4},"end":{"line":168,"column":7}},"60":{"start":{"line":166,"column":6},"end":{"line":166,"column":33}},"61":{"start":{"line":167,"column":6},"end":{"line":167,"column":13}},"62":{"start":{"line":170,"column":2},"end":{"line":182,"column":5}},"63":{"start":{"line":171,"column":4},"end":{"line":181,"column":7}},"64":{"start":{"line":179,"column":6},"end":{"line":179,"column":33}},"65":{"start":{"line":180,"column":6},"end":{"line":180,"column":13}},"66":{"start":{"line":183,"column":2},"end":{"line":195,"column":5}},"67":{"start":{"line":184,"column":4},"end":{"line":194,"column":7}},"68":{"start":{"line":192,"column":6},"end":{"line":192,"column":33}},"69":{"start":{"line":193,"column":6},"end":{"line":193,"column":13}},"70":{"start":{"line":196,"column":2},"end":{"line":208,"column":5}},"71":{"start":{"line":197,"column":4},"end":{"line":207,"column":7}},"72":{"start":{"line":205,"column":6},"end":{"line":205,"column":33}},"73":{"start":{"line":206,"column":6},"end":{"line":206,"column":13}},"74":{"start":{"line":209,"column":2},"end":{"line":221,"column":5}},"75":{"start":{"line":210,"column":4},"end":{"line":220,"column":7}},"76":{"start":{"line":218,"column":6},"end":{"line":218,"column":33}},"77":{"start":{"line":219,"column":6},"end":{"line":219,"column":13}},"78":{"start":{"line":222,"column":2},"end":{"line":234,"column":5}},"79":{"start":{"line":223,"column":4},"end":{"line":233,"column":7}},"80":{"start":{"line":231,"column":6},"end":{"line":231,"column":33}},"81":{"start":{"line":232,"column":6},"end":{"line":232,"column":13}},"82":{"start":{"line":235,"column":2},"end":{"line":247,"column":5}},"83":{"start":{"line":236,"column":4},"end":{"line":246,"column":7}},"84":{"start":{"line":244,"column":6},"end":{"line":244,"column":33}},"85":{"start":{"line":245,"column":6},"end":{"line":245,"column":13}},"86":{"start":{"line":248,"column":2},"end":{"line":260,"column":5}},"87":{"start":{"line":249,"column":4},"end":{"line":259,"column":7}},"88":{"start":{"line":257,"column":6},"end":{"line":257,"column":33}},"89":{"start":{"line":258,"column":6},"end":{"line":258,"column":13}}},"fnMap":{"0":{"name":"_interopRequireDefault","decl":{"start":{"line":9,"column":9},"end":{"line":9,"column":31}},"loc":{"start":{"line":9,"column":37},"end":{"line":9,"column":97}},"line":9},"1":{"name":"(anonymous_1)","decl":{"start":{"line":15,"column":24},"end":{"line":15,"column":25}},"loc":{"start":{"line":15,"column":36},"end":{"line":19,"column":1}},"line":15},"2":{"name":"(anonymous_2)","decl":{"start":{"line":16,"column":13},"end":{"line":16,"column":14}},"loc":{"start":{"line":16,"column":29},"end":{"line":18,"column":3}},"line":16},"3":{"name":"(anonymous_3)","decl":{"start":{"line":20,"column":33},"end":{"line":20,"column":34}},"loc":{"start":{"line":20,"column":45},"end":{"line":261,"column":1}},"line":20},"4":{"name":"(anonymous_4)","decl":{"start":{"line":21,"column":58},"end":{"line":21,"column":59}},"loc":{"start":{"line":21,"column":74},"end":{"line":29,"column":3}},"line":21},"5":{"name":"(anonymous_5)","decl":{"start":{"line":25,"column":11},"end":{"line":25,"column":12}},"loc":{"start":{"line":25,"column":31},"end":{"line":28,"column":5}},"line":25},"6":{"name":"(anonymous_6)","decl":{"start":{"line":30,"column":56},"end":{"line":30,"column":57}},"loc":{"start":{"line":30,"column":72},"end":{"line":38,"column":3}},"line":30},"7":{"name":"(anonymous_7)","decl":{"start":{"line":34,"column":11},"end":{"line":34,"column":12}},"loc":{"start":{"line":34,"column":31},"end":{"line":37,"column":5}},"line":34},"8":{"name":"(anonymous_8)","decl":{"start":{"line":39,"column":59},"end":{"line":39,"column":60}},"loc":{"start":{"line":39,"column":75},"end":{"line":47,"column":3}},"line":39},"9":{"name":"(anonymous_9)","decl":{"start":{"line":43,"column":11},"end":{"line":43,"column":12}},"loc":{"start":{"line":43,"column":31},"end":{"line":46,"column":5}},"line":43},"10":{"name":"(anonymous_10)","decl":{"start":{"line":48,"column":64},"end":{"line":48,"column":65}},"loc":{"start":{"line":48,"column":80},"end":{"line":56,"column":3}},"line":48},"11":{"name":"(anonymous_11)","decl":{"start":{"line":52,"column":11},"end":{"line":52,"column":12}},"loc":{"start":{"line":52,"column":31},"end":{"line":55,"column":5}},"line":52},"12":{"name":"(anonymous_12)","decl":{"start":{"line":57,"column":57},"end":{"line":57,"column":58}},"loc":{"start":{"line":57,"column":73},"end":{"line":65,"column":3}},"line":57},"13":{"name":"(anonymous_13)","decl":{"start":{"line":61,"column":11},"end":{"line":61,"column":12}},"loc":{"start":{"line":61,"column":31},"end":{"line":64,"column":5}},"line":61},"14":{"name":"(anonymous_14)","decl":{"start":{"line":66,"column":62},"end":{"line":66,"column":63}},"loc":{"start":{"line":66,"column":78},"end":{"line":78,"column":3}},"line":66},"15":{"name":"(anonymous_15)","decl":{"start":{"line":74,"column":11},"end":{"line":74,"column":12}},"loc":{"start":{"line":74,"column":31},"end":{"line":77,"column":5}},"line":74},"16":{"name":"(anonymous_16)","decl":{"start":{"line":79,"column":82},"end":{"line":79,"column":83}},"loc":{"start":{"line":79,"column":98},"end":{"line":91,"column":3}},"line":79},"17":{"name":"(anonymous_17)","decl":{"start":{"line":87,"column":11},"end":{"line":87,"column":12}},"loc":{"start":{"line":87,"column":31},"end":{"line":90,"column":5}},"line":87},"18":{"name":"(anonymous_18)","decl":{"start":{"line":92,"column":69},"end":{"line":92,"column":70}},"loc":{"start":{"line":92,"column":85},"end":{"line":104,"column":3}},"line":92},"19":{"name":"(anonymous_19)","decl":{"start":{"line":100,"column":11},"end":{"line":100,"column":12}},"loc":{"start":{"line":100,"column":31},"end":{"line":103,"column":5}},"line":100},"20":{"name":"(anonymous_20)","decl":{"start":{"line":105,"column":64},"end":{"line":105,"column":65}},"loc":{"start":{"line":105,"column":80},"end":{"line":117,"column":3}},"line":105},"21":{"name":"(anonymous_21)","decl":{"start":{"line":113,"column":11},"end":{"line":113,"column":12}},"loc":{"start":{"line":113,"column":31},"end":{"line":116,"column":5}},"line":113},"22":{"name":"(anonymous_22)","decl":{"start":{"line":118,"column":61},"end":{"line":118,"column":62}},"loc":{"start":{"line":118,"column":77},"end":{"line":130,"column":3}},"line":118},"23":{"name":"(anonymous_23)","decl":{"start":{"line":126,"column":11},"end":{"line":126,"column":12}},"loc":{"start":{"line":126,"column":31},"end":{"line":129,"column":5}},"line":126},"24":{"name":"(anonymous_24)","decl":{"start":{"line":131,"column":63},"end":{"line":131,"column":64}},"loc":{"start":{"line":131,"column":79},"end":{"line":143,"column":3}},"line":131},"25":{"name":"(anonymous_25)","decl":{"start":{"line":139,"column":11},"end":{"line":139,"column":12}},"loc":{"start":{"line":139,"column":31},"end":{"line":142,"column":5}},"line":139},"26":{"name":"(anonymous_26)","decl":{"start":{"line":144,"column":68},"end":{"line":144,"column":69}},"loc":{"start":{"line":144,"column":84},"end":{"line":156,"column":3}},"line":144},"27":{"name":"(anonymous_27)","decl":{"start":{"line":152,"column":11},"end":{"line":152,"column":12}},"loc":{"start":{"line":152,"column":31},"end":{"line":155,"column":5}},"line":152},"28":{"name":"(anonymous_28)","decl":{"start":{"line":157,"column":60},"end":{"line":157,"column":61}},"loc":{"start":{"line":157,"column":76},"end":{"line":169,"column":3}},"line":157},"29":{"name":"(anonymous_29)","decl":{"start":{"line":165,"column":11},"end":{"line":165,"column":12}},"loc":{"start":{"line":165,"column":31},"end":{"line":168,"column":5}},"line":165},"30":{"name":"(anonymous_30)","decl":{"start":{"line":170,"column":73},"end":{"line":170,"column":74}},"loc":{"start":{"line":170,"column":89},"end":{"line":182,"column":3}},"line":170},"31":{"name":"(anonymous_31)","decl":{"start":{"line":178,"column":11},"end":{"line":178,"column":12}},"loc":{"start":{"line":178,"column":31},"end":{"line":181,"column":5}},"line":178},"32":{"name":"(anonymous_32)","decl":{"start":{"line":183,"column":63},"end":{"line":183,"column":64}},"loc":{"start":{"line":183,"column":79},"end":{"line":195,"column":3}},"line":183},"33":{"name":"(anonymous_33)","decl":{"start":{"line":191,"column":11},"end":{"line":191,"column":12}},"loc":{"start":{"line":191,"column":31},"end":{"line":194,"column":5}},"line":191},"34":{"name":"(anonymous_34)","decl":{"start":{"line":196,"column":65},"end":{"line":196,"column":66}},"loc":{"start":{"line":196,"column":81},"end":{"line":208,"column":3}},"line":196},"35":{"name":"(anonymous_35)","decl":{"start":{"line":204,"column":11},"end":{"line":204,"column":12}},"loc":{"start":{"line":204,"column":31},"end":{"line":207,"column":5}},"line":204},"36":{"name":"(anonymous_36)","decl":{"start":{"line":209,"column":77},"end":{"line":209,"column":78}},"loc":{"start":{"line":209,"column":93},"end":{"line":221,"column":3}},"line":209},"37":{"name":"(anonymous_37)","decl":{"start":{"line":217,"column":11},"end":{"line":217,"column":12}},"loc":{"start":{"line":217,"column":31},"end":{"line":220,"column":5}},"line":217},"38":{"name":"(anonymous_38)","decl":{"start":{"line":222,"column":72},"end":{"line":222,"column":73}},"loc":{"start":{"line":222,"column":88},"end":{"line":234,"column":3}},"line":222},"39":{"name":"(anonymous_39)","decl":{"start":{"line":230,"column":11},"end":{"line":230,"column":12}},"loc":{"start":{"line":230,"column":31},"end":{"line":233,"column":5}},"line":230},"40":{"name":"(anonymous_40)","decl":{"start":{"line":235,"column":59},"end":{"line":235,"column":60}},"loc":{"start":{"line":235,"column":75},"end":{"line":247,"column":3}},"line":235},"41":{"name":"(anonymous_41)","decl":{"start":{"line":243,"column":11},"end":{"line":243,"column":12}},"loc":{"start":{"line":243,"column":31},"end":{"line":246,"column":5}},"line":243},"42":{"name":"(anonymous_42)","decl":{"start":{"line":248,"column":66},"end":{"line":248,"column":67}},"loc":{"start":{"line":248,"column":82},"end":{"line":260,"column":3}},"line":248},"43":{"name":"(anonymous_43)","decl":{"start":{"line":256,"column":11},"end":{"line":256,"column":12}},"loc":{"start":{"line":256,"column":31},"end":{"line":259,"column":5}},"line":256}},"branchMap":{"0":{"loc":{"start":{"line":9,"column":46},"end":{"line":9,"column":94}},"type":"cond-expr","locations":[{"start":{"line":9,"column":70},"end":{"line":9,"column":73}},{"start":{"line":9,"column":76},"end":{"line":9,"column":94}}],"line":9},"1":{"loc":{"start":{"line":9,"column":46},"end":{"line":9,"column":67}},"type":"binary-expr","locations":[{"start":{"line":9,"column":46},"end":{"line":9,"column":49}},{"start":{"line":9,"column":53},"end":{"line":9,"column":67}}],"line":9}},"s":{"0":1,"1":1,"2":1,"3":3,"4":1,"5":1,"6":1,"7":1,"8":0,"9":1,"10":1,"11":1,"12":1,"13":1,"14":1,"15":1,"16":1,"17":1,"18":1,"19":1,"20":1,"21":1,"22":1,"23":1,"24":1,"25":1,"26":1,"27":1,"28":1,"29":1,"30":1,"31":1,"32":1,"33":1,"34":1,"35":1,"36":1,"37":1,"38":1,"39":1,"40":1,"41":1,"42":1,"43":1,"44":1,"45":1,"46":1,"47":1,"48":1,"49":1,"50":1,"51":1,"52":1,"53":1,"54":1,"55":1,"56":1,"57":1,"58":1,"59":1,"60":1,"61":1,"62":1,"63":1,"64":1,"65":1,"66":1,"67":1,"68":1,"69":1,"70":1,"71":1,"72":1,"73":1,"74":1,"75":1,"76":1,"77":1,"78":1,"79":1,"80":1,"81":1,"82":1,"83":1,"84":1,"85":1,"86":1,"87":1,"88":1,"89":1},"f":{"0":3,"1":1,"2":0,"3":1,"4":1,"5":1,"6":1,"7":1,"8":1,"9":1,"10":1,"11":1,"12":1,"13":1,"14":1,"15":1,"16":1,"17":1,"18":1,"19":1,"20":1,"21":1,"22":1,"23":1,"24":1,"25":1,"26":1,"27":1,"28":1,"29":1,"30":1,"31":1,"32":1,"33":1,"34":1,"35":1,"36":1,"37":1,"38":1,"39":1,"40":1,"41":1,"42":1,"43":1},"b":{"0":[1,2],"1":[3,3]},"_coverageSchema":"43e27e138ebf9cfc5966b082cf9a028302ed4184","hash":"50e3e8215c7c476ed85dc843205b5bf7e1d1e94e","contentHash":"ff3165186d2b67b49fe3e91de9977303f53a2132d4d7e72b2a3a9c3eeeab3818"}}