{"D:\\prop-lite\\server\\tests\\propertyTests.js":{"path":"D:\\prop-lite\\server\\tests\\propertyTests.js","statementMap":{"0":{"start":{"line":3,"column":12},"end":{"line":3,"column":51}},"1":{"start":{"line":5,"column":16},"end":{"line":5,"column":60}},"2":{"start":{"line":7,"column":11},"end":{"line":7,"column":52}},"3":{"start":{"line":9,"column":39},"end":{"line":9,"column":95}},"4":{"start":{"line":11,"column":0},"end":{"line":11,"column":43}},"5":{"start":{"line":13,"column":0},"end":{"line":13,"column":26}},"6":{"start":{"line":15,"column":0},"end":{"line":19,"column":3}},"7":{"start":{"line":16,"column":2},"end":{"line":18,"column":5}},"8":{"start":{"line":17,"column":4},"end":{"line":17,"column":11}},"9":{"start":{"line":20,"column":0},"end":{"line":316,"column":3}},"10":{"start":{"line":21,"column":2},"end":{"line":33,"column":5}},"11":{"start":{"line":22,"column":4},"end":{"line":32,"column":7}},"12":{"start":{"line":30,"column":6},"end":{"line":30,"column":33}},"13":{"start":{"line":31,"column":6},"end":{"line":31,"column":13}},"14":{"start":{"line":34,"column":2},"end":{"line":46,"column":5}},"15":{"start":{"line":35,"column":4},"end":{"line":45,"column":7}},"16":{"start":{"line":43,"column":6},"end":{"line":43,"column":33}},"17":{"start":{"line":44,"column":6},"end":{"line":44,"column":13}},"18":{"start":{"line":47,"column":2},"end":{"line":59,"column":5}},"19":{"start":{"line":48,"column":4},"end":{"line":58,"column":7}},"20":{"start":{"line":56,"column":6},"end":{"line":56,"column":33}},"21":{"start":{"line":57,"column":6},"end":{"line":57,"column":13}},"22":{"start":{"line":60,"column":2},"end":{"line":72,"column":5}},"23":{"start":{"line":61,"column":4},"end":{"line":71,"column":7}},"24":{"start":{"line":69,"column":6},"end":{"line":69,"column":33}},"25":{"start":{"line":70,"column":6},"end":{"line":70,"column":13}},"26":{"start":{"line":73,"column":2},"end":{"line":85,"column":5}},"27":{"start":{"line":74,"column":4},"end":{"line":84,"column":7}},"28":{"start":{"line":82,"column":6},"end":{"line":82,"column":33}},"29":{"start":{"line":83,"column":6},"end":{"line":83,"column":13}},"30":{"start":{"line":86,"column":2},"end":{"line":98,"column":5}},"31":{"start":{"line":87,"column":4},"end":{"line":97,"column":7}},"32":{"start":{"line":95,"column":6},"end":{"line":95,"column":33}},"33":{"start":{"line":96,"column":6},"end":{"line":96,"column":13}},"34":{"start":{"line":99,"column":2},"end":{"line":111,"column":5}},"35":{"start":{"line":100,"column":4},"end":{"line":110,"column":7}},"36":{"start":{"line":108,"column":6},"end":{"line":108,"column":33}},"37":{"start":{"line":109,"column":6},"end":{"line":109,"column":13}},"38":{"start":{"line":112,"column":2},"end":{"line":124,"column":5}},"39":{"start":{"line":113,"column":4},"end":{"line":123,"column":7}},"40":{"start":{"line":121,"column":6},"end":{"line":121,"column":33}},"41":{"start":{"line":122,"column":6},"end":{"line":122,"column":13}},"42":{"start":{"line":125,"column":2},"end":{"line":137,"column":5}},"43":{"start":{"line":126,"column":4},"end":{"line":136,"column":7}},"44":{"start":{"line":134,"column":6},"end":{"line":134,"column":33}},"45":{"start":{"line":135,"column":6},"end":{"line":135,"column":13}},"46":{"start":{"line":138,"column":2},"end":{"line":150,"column":5}},"47":{"start":{"line":139,"column":4},"end":{"line":149,"column":7}},"48":{"start":{"line":147,"column":6},"end":{"line":147,"column":33}},"49":{"start":{"line":148,"column":6},"end":{"line":148,"column":13}},"50":{"start":{"line":151,"column":2},"end":{"line":163,"column":5}},"51":{"start":{"line":152,"column":4},"end":{"line":162,"column":7}},"52":{"start":{"line":160,"column":6},"end":{"line":160,"column":33}},"53":{"start":{"line":161,"column":6},"end":{"line":161,"column":13}},"54":{"start":{"line":164,"column":2},"end":{"line":176,"column":5}},"55":{"start":{"line":165,"column":4},"end":{"line":175,"column":7}},"56":{"start":{"line":173,"column":6},"end":{"line":173,"column":33}},"57":{"start":{"line":174,"column":6},"end":{"line":174,"column":13}},"58":{"start":{"line":177,"column":2},"end":{"line":189,"column":5}},"59":{"start":{"line":178,"column":4},"end":{"line":188,"column":7}},"60":{"start":{"line":186,"column":6},"end":{"line":186,"column":33}},"61":{"start":{"line":187,"column":6},"end":{"line":187,"column":13}},"62":{"start":{"line":190,"column":2},"end":{"line":202,"column":5}},"63":{"start":{"line":191,"column":4},"end":{"line":201,"column":7}},"64":{"start":{"line":199,"column":6},"end":{"line":199,"column":33}},"65":{"start":{"line":200,"column":6},"end":{"line":200,"column":13}},"66":{"start":{"line":203,"column":2},"end":{"line":215,"column":5}},"67":{"start":{"line":204,"column":4},"end":{"line":214,"column":7}},"68":{"start":{"line":212,"column":6},"end":{"line":212,"column":33}},"69":{"start":{"line":213,"column":6},"end":{"line":213,"column":13}},"70":{"start":{"line":216,"column":2},"end":{"line":228,"column":5}},"71":{"start":{"line":217,"column":4},"end":{"line":227,"column":7}},"72":{"start":{"line":225,"column":6},"end":{"line":225,"column":33}},"73":{"start":{"line":226,"column":6},"end":{"line":226,"column":13}},"74":{"start":{"line":229,"column":2},"end":{"line":241,"column":5}},"75":{"start":{"line":230,"column":4},"end":{"line":240,"column":7}},"76":{"start":{"line":238,"column":6},"end":{"line":238,"column":33}},"77":{"start":{"line":239,"column":6},"end":{"line":239,"column":13}},"78":{"start":{"line":242,"column":2},"end":{"line":254,"column":5}},"79":{"start":{"line":243,"column":4},"end":{"line":253,"column":7}},"80":{"start":{"line":251,"column":6},"end":{"line":251,"column":33}},"81":{"start":{"line":252,"column":6},"end":{"line":252,"column":13}},"82":{"start":{"line":255,"column":2},"end":{"line":267,"column":5}},"83":{"start":{"line":256,"column":4},"end":{"line":266,"column":7}},"84":{"start":{"line":264,"column":6},"end":{"line":264,"column":33}},"85":{"start":{"line":265,"column":6},"end":{"line":265,"column":13}},"86":{"start":{"line":268,"column":2},"end":{"line":279,"column":5}},"87":{"start":{"line":269,"column":4},"end":{"line":278,"column":7}},"88":{"start":{"line":276,"column":6},"end":{"line":276,"column":33}},"89":{"start":{"line":277,"column":6},"end":{"line":277,"column":13}},"90":{"start":{"line":280,"column":2},"end":{"line":288,"column":5}},"91":{"start":{"line":281,"column":4},"end":{"line":287,"column":7}},"92":{"start":{"line":285,"column":6},"end":{"line":285,"column":33}},"93":{"start":{"line":286,"column":6},"end":{"line":286,"column":13}},"94":{"start":{"line":289,"column":2},"end":{"line":297,"column":5}},"95":{"start":{"line":290,"column":4},"end":{"line":296,"column":7}},"96":{"start":{"line":294,"column":6},"end":{"line":294,"column":33}},"97":{"start":{"line":295,"column":6},"end":{"line":295,"column":13}},"98":{"start":{"line":298,"column":2},"end":{"line":306,"column":5}},"99":{"start":{"line":299,"column":4},"end":{"line":305,"column":7}},"100":{"start":{"line":303,"column":6},"end":{"line":303,"column":33}},"101":{"start":{"line":304,"column":6},"end":{"line":304,"column":13}},"102":{"start":{"line":307,"column":2},"end":{"line":315,"column":5}},"103":{"start":{"line":308,"column":4},"end":{"line":314,"column":7}},"104":{"start":{"line":312,"column":6},"end":{"line":312,"column":33}},"105":{"start":{"line":313,"column":6},"end":{"line":313,"column":13}}},"fnMap":{"0":{"name":"_interopRequireDefault","decl":{"start":{"line":9,"column":9},"end":{"line":9,"column":31}},"loc":{"start":{"line":9,"column":37},"end":{"line":9,"column":97}},"line":9},"1":{"name":"(anonymous_1)","decl":{"start":{"line":15,"column":24},"end":{"line":15,"column":25}},"loc":{"start":{"line":15,"column":36},"end":{"line":19,"column":1}},"line":15},"2":{"name":"(anonymous_2)","decl":{"start":{"line":16,"column":13},"end":{"line":16,"column":14}},"loc":{"start":{"line":16,"column":29},"end":{"line":18,"column":3}},"line":16},"3":{"name":"(anonymous_3)","decl":{"start":{"line":20,"column":27},"end":{"line":20,"column":28}},"loc":{"start":{"line":20,"column":39},"end":{"line":316,"column":1}},"line":20},"4":{"name":"(anonymous_4)","decl":{"start":{"line":21,"column":70},"end":{"line":21,"column":71}},"loc":{"start":{"line":21,"column":86},"end":{"line":33,"column":3}},"line":21},"5":{"name":"(anonymous_5)","decl":{"start":{"line":29,"column":11},"end":{"line":29,"column":12}},"loc":{"start":{"line":29,"column":31},"end":{"line":32,"column":5}},"line":29},"6":{"name":"(anonymous_6)","decl":{"start":{"line":34,"column":72},"end":{"line":34,"column":73}},"loc":{"start":{"line":34,"column":88},"end":{"line":46,"column":3}},"line":34},"7":{"name":"(anonymous_7)","decl":{"start":{"line":42,"column":11},"end":{"line":42,"column":12}},"loc":{"start":{"line":42,"column":31},"end":{"line":45,"column":5}},"line":42},"8":{"name":"(anonymous_8)","decl":{"start":{"line":47,"column":77},"end":{"line":47,"column":78}},"loc":{"start":{"line":47,"column":93},"end":{"line":59,"column":3}},"line":47},"9":{"name":"(anonymous_9)","decl":{"start":{"line":55,"column":11},"end":{"line":55,"column":12}},"loc":{"start":{"line":55,"column":31},"end":{"line":58,"column":5}},"line":55},"10":{"name":"(anonymous_10)","decl":{"start":{"line":60,"column":70},"end":{"line":60,"column":71}},"loc":{"start":{"line":60,"column":86},"end":{"line":72,"column":3}},"line":60},"11":{"name":"(anonymous_11)","decl":{"start":{"line":68,"column":11},"end":{"line":68,"column":12}},"loc":{"start":{"line":68,"column":31},"end":{"line":71,"column":5}},"line":68},"12":{"name":"(anonymous_12)","decl":{"start":{"line":73,"column":81},"end":{"line":73,"column":82}},"loc":{"start":{"line":73,"column":97},"end":{"line":85,"column":3}},"line":73},"13":{"name":"(anonymous_13)","decl":{"start":{"line":81,"column":11},"end":{"line":81,"column":12}},"loc":{"start":{"line":81,"column":31},"end":{"line":84,"column":5}},"line":81},"14":{"name":"(anonymous_14)","decl":{"start":{"line":86,"column":72},"end":{"line":86,"column":73}},"loc":{"start":{"line":86,"column":88},"end":{"line":98,"column":3}},"line":86},"15":{"name":"(anonymous_15)","decl":{"start":{"line":94,"column":11},"end":{"line":94,"column":12}},"loc":{"start":{"line":94,"column":31},"end":{"line":97,"column":5}},"line":94},"16":{"name":"(anonymous_16)","decl":{"start":{"line":99,"column":69},"end":{"line":99,"column":70}},"loc":{"start":{"line":99,"column":85},"end":{"line":111,"column":3}},"line":99},"17":{"name":"(anonymous_17)","decl":{"start":{"line":107,"column":11},"end":{"line":107,"column":12}},"loc":{"start":{"line":107,"column":31},"end":{"line":110,"column":5}},"line":107},"18":{"name":"(anonymous_18)","decl":{"start":{"line":112,"column":76},"end":{"line":112,"column":77}},"loc":{"start":{"line":112,"column":92},"end":{"line":124,"column":3}},"line":112},"19":{"name":"(anonymous_19)","decl":{"start":{"line":120,"column":11},"end":{"line":120,"column":12}},"loc":{"start":{"line":120,"column":31},"end":{"line":123,"column":5}},"line":120},"20":{"name":"(anonymous_20)","decl":{"start":{"line":125,"column":76},"end":{"line":125,"column":77}},"loc":{"start":{"line":125,"column":92},"end":{"line":137,"column":3}},"line":125},"21":{"name":"(anonymous_21)","decl":{"start":{"line":133,"column":11},"end":{"line":133,"column":12}},"loc":{"start":{"line":133,"column":31},"end":{"line":136,"column":5}},"line":133},"22":{"name":"(anonymous_22)","decl":{"start":{"line":138,"column":71},"end":{"line":138,"column":72}},"loc":{"start":{"line":138,"column":87},"end":{"line":150,"column":3}},"line":138},"23":{"name":"(anonymous_23)","decl":{"start":{"line":146,"column":11},"end":{"line":146,"column":12}},"loc":{"start":{"line":146,"column":31},"end":{"line":149,"column":5}},"line":146},"24":{"name":"(anonymous_24)","decl":{"start":{"line":151,"column":71},"end":{"line":151,"column":72}},"loc":{"start":{"line":151,"column":87},"end":{"line":163,"column":3}},"line":151},"25":{"name":"(anonymous_25)","decl":{"start":{"line":159,"column":11},"end":{"line":159,"column":12}},"loc":{"start":{"line":159,"column":31},"end":{"line":162,"column":5}},"line":159},"26":{"name":"(anonymous_26)","decl":{"start":{"line":164,"column":74},"end":{"line":164,"column":75}},"loc":{"start":{"line":164,"column":90},"end":{"line":176,"column":3}},"line":164},"27":{"name":"(anonymous_27)","decl":{"start":{"line":172,"column":11},"end":{"line":172,"column":12}},"loc":{"start":{"line":172,"column":31},"end":{"line":175,"column":5}},"line":172},"28":{"name":"(anonymous_28)","decl":{"start":{"line":177,"column":72},"end":{"line":177,"column":73}},"loc":{"start":{"line":177,"column":88},"end":{"line":189,"column":3}},"line":177},"29":{"name":"(anonymous_29)","decl":{"start":{"line":185,"column":11},"end":{"line":185,"column":12}},"loc":{"start":{"line":185,"column":31},"end":{"line":188,"column":5}},"line":185},"30":{"name":"(anonymous_30)","decl":{"start":{"line":190,"column":78},"end":{"line":190,"column":79}},"loc":{"start":{"line":190,"column":94},"end":{"line":202,"column":3}},"line":190},"31":{"name":"(anonymous_31)","decl":{"start":{"line":198,"column":11},"end":{"line":198,"column":12}},"loc":{"start":{"line":198,"column":31},"end":{"line":201,"column":5}},"line":198},"32":{"name":"(anonymous_32)","decl":{"start":{"line":203,"column":75},"end":{"line":203,"column":76}},"loc":{"start":{"line":203,"column":91},"end":{"line":215,"column":3}},"line":203},"33":{"name":"(anonymous_33)","decl":{"start":{"line":211,"column":11},"end":{"line":211,"column":12}},"loc":{"start":{"line":211,"column":31},"end":{"line":214,"column":5}},"line":211},"34":{"name":"(anonymous_34)","decl":{"start":{"line":216,"column":77},"end":{"line":216,"column":78}},"loc":{"start":{"line":216,"column":93},"end":{"line":228,"column":3}},"line":216},"35":{"name":"(anonymous_35)","decl":{"start":{"line":224,"column":11},"end":{"line":224,"column":12}},"loc":{"start":{"line":224,"column":31},"end":{"line":227,"column":5}},"line":224},"36":{"name":"(anonymous_36)","decl":{"start":{"line":229,"column":77},"end":{"line":229,"column":78}},"loc":{"start":{"line":229,"column":93},"end":{"line":241,"column":3}},"line":229},"37":{"name":"(anonymous_37)","decl":{"start":{"line":237,"column":11},"end":{"line":237,"column":12}},"loc":{"start":{"line":237,"column":31},"end":{"line":240,"column":5}},"line":237},"38":{"name":"(anonymous_38)","decl":{"start":{"line":242,"column":73},"end":{"line":242,"column":74}},"loc":{"start":{"line":242,"column":89},"end":{"line":254,"column":3}},"line":242},"39":{"name":"(anonymous_39)","decl":{"start":{"line":250,"column":11},"end":{"line":250,"column":12}},"loc":{"start":{"line":250,"column":31},"end":{"line":253,"column":5}},"line":250},"40":{"name":"(anonymous_40)","decl":{"start":{"line":255,"column":74},"end":{"line":255,"column":75}},"loc":{"start":{"line":255,"column":90},"end":{"line":267,"column":3}},"line":255},"41":{"name":"(anonymous_41)","decl":{"start":{"line":263,"column":11},"end":{"line":263,"column":12}},"loc":{"start":{"line":263,"column":31},"end":{"line":266,"column":5}},"line":263},"42":{"name":"(anonymous_42)","decl":{"start":{"line":268,"column":72},"end":{"line":268,"column":73}},"loc":{"start":{"line":268,"column":88},"end":{"line":279,"column":3}},"line":268},"43":{"name":"(anonymous_43)","decl":{"start":{"line":275,"column":11},"end":{"line":275,"column":12}},"loc":{"start":{"line":275,"column":31},"end":{"line":278,"column":5}},"line":275},"44":{"name":"(anonymous_44)","decl":{"start":{"line":280,"column":67},"end":{"line":280,"column":68}},"loc":{"start":{"line":280,"column":83},"end":{"line":288,"column":3}},"line":280},"45":{"name":"(anonymous_45)","decl":{"start":{"line":284,"column":11},"end":{"line":284,"column":12}},"loc":{"start":{"line":284,"column":31},"end":{"line":287,"column":5}},"line":284},"46":{"name":"(anonymous_46)","decl":{"start":{"line":289,"column":74},"end":{"line":289,"column":75}},"loc":{"start":{"line":289,"column":90},"end":{"line":297,"column":3}},"line":289},"47":{"name":"(anonymous_47)","decl":{"start":{"line":293,"column":11},"end":{"line":293,"column":12}},"loc":{"start":{"line":293,"column":31},"end":{"line":296,"column":5}},"line":293},"48":{"name":"(anonymous_48)","decl":{"start":{"line":298,"column":79},"end":{"line":298,"column":80}},"loc":{"start":{"line":298,"column":95},"end":{"line":306,"column":3}},"line":298},"49":{"name":"(anonymous_49)","decl":{"start":{"line":302,"column":11},"end":{"line":302,"column":12}},"loc":{"start":{"line":302,"column":31},"end":{"line":305,"column":5}},"line":302},"50":{"name":"(anonymous_50)","decl":{"start":{"line":307,"column":72},"end":{"line":307,"column":73}},"loc":{"start":{"line":307,"column":88},"end":{"line":315,"column":3}},"line":307},"51":{"name":"(anonymous_51)","decl":{"start":{"line":311,"column":11},"end":{"line":311,"column":12}},"loc":{"start":{"line":311,"column":31},"end":{"line":314,"column":5}},"line":311}},"branchMap":{"0":{"loc":{"start":{"line":9,"column":46},"end":{"line":9,"column":94}},"type":"cond-expr","locations":[{"start":{"line":9,"column":70},"end":{"line":9,"column":73}},{"start":{"line":9,"column":76},"end":{"line":9,"column":94}}],"line":9},"1":{"loc":{"start":{"line":9,"column":46},"end":{"line":9,"column":67}},"type":"binary-expr","locations":[{"start":{"line":9,"column":46},"end":{"line":9,"column":49}},{"start":{"line":9,"column":53},"end":{"line":9,"column":67}}],"line":9}},"s":{"0":1,"1":1,"2":1,"3":3,"4":1,"5":1,"6":1,"7":1,"8":0,"9":1,"10":1,"11":1,"12":1,"13":1,"14":1,"15":1,"16":1,"17":1,"18":1,"19":1,"20":1,"21":1,"22":1,"23":1,"24":1,"25":1,"26":1,"27":1,"28":1,"29":1,"30":1,"31":1,"32":1,"33":1,"34":1,"35":1,"36":1,"37":1,"38":1,"39":1,"40":1,"41":1,"42":1,"43":1,"44":1,"45":1,"46":1,"47":1,"48":1,"49":1,"50":1,"51":1,"52":1,"53":1,"54":1,"55":1,"56":1,"57":1,"58":1,"59":1,"60":1,"61":1,"62":1,"63":1,"64":1,"65":1,"66":1,"67":1,"68":1,"69":1,"70":1,"71":1,"72":1,"73":1,"74":1,"75":1,"76":1,"77":1,"78":1,"79":1,"80":1,"81":1,"82":1,"83":1,"84":1,"85":1,"86":1,"87":1,"88":1,"89":1,"90":1,"91":1,"92":1,"93":1,"94":1,"95":1,"96":1,"97":1,"98":1,"99":1,"100":1,"101":1,"102":1,"103":1,"104":1,"105":1},"f":{"0":3,"1":1,"2":0,"3":1,"4":1,"5":1,"6":1,"7":1,"8":1,"9":1,"10":1,"11":1,"12":1,"13":1,"14":1,"15":1,"16":1,"17":1,"18":1,"19":1,"20":1,"21":1,"22":1,"23":1,"24":1,"25":1,"26":1,"27":1,"28":1,"29":1,"30":1,"31":1,"32":1,"33":1,"34":1,"35":1,"36":1,"37":1,"38":1,"39":1,"40":1,"41":1,"42":1,"43":1,"44":1,"45":1,"46":1,"47":1,"48":1,"49":1,"50":1,"51":1},"b":{"0":[1,2],"1":[3,3]},"_coverageSchema":"43e27e138ebf9cfc5966b082cf9a028302ed4184","hash":"c7da09a806f427b1e5aa1ad473517303e4e6b046","contentHash":"10ce20df3e371c65d25e9131fb37d67c66cca8564bc88de43427c0164612560a"},"D:\\prop-lite\\server\\app.js":{"path":"D:\\prop-lite\\server\\app.js","statementMap":{"0":{"start":{"line":3,"column":0},"end":{"line":5,"column":3}},"1":{"start":{"line":6,"column":0},"end":{"line":6,"column":28}},"2":{"start":{"line":8,"column":15},"end":{"line":8,"column":57}},"3":{"start":{"line":10,"column":17},"end":{"line":10,"column":71}},"4":{"start":{"line":12,"column":21},"end":{"line":12,"column":79}},"5":{"start":{"line":14,"column":17},"end":{"line":14,"column":71}},"6":{"start":{"line":16,"column":18},"end":{"line":16,"column":64}},"7":{"start":{"line":18,"column":39},"end":{"line":18,"column":95}},"8":{"start":{"line":20,"column":10},"end":{"line":20,"column":36}},"9":{"start":{"line":21,"column":0},"end":{"line":23,"column":4}},"10":{"start":{"line":24,"column":0},"end":{"line":24,"column":39}},"11":{"start":{"line":27,"column":0},"end":{"line":27,"column":48}},"12":{"start":{"line":28,"column":0},"end":{"line":28,"column":47}},"13":{"start":{"line":29,"column":0},"end":{"line":29,"column":43}},"14":{"start":{"line":30,"column":11},"end":{"line":30,"column":35}},"15":{"start":{"line":31,"column":0},"end":{"line":33,"column":3}},"16":{"start":{"line":32,"column":2},"end":{"line":32,"column":49}},"17":{"start":{"line":34,"column":15},"end":{"line":34,"column":18}},"18":{"start":{"line":35,"column":0},"end":{"line":35,"column":30}}},"fnMap":{"0":{"name":"_interopRequireDefault","decl":{"start":{"line":18,"column":9},"end":{"line":18,"column":31}},"loc":{"start":{"line":18,"column":37},"end":{"line":18,"column":97}},"line":18},"1":{"name":"(anonymous_1)","decl":{"start":{"line":31,"column":17},"end":{"line":31,"column":18}},"loc":{"start":{"line":31,"column":29},"end":{"line":33,"column":1}},"line":31}},"branchMap":{"0":{"loc":{"start":{"line":18,"column":46},"end":{"line":18,"column":94}},"type":"cond-expr","locations":[{"start":{"line":18,"column":70},"end":{"line":18,"column":73}},{"start":{"line":18,"column":76},"end":{"line":18,"column":94}}],"line":18},"1":{"loc":{"start":{"line":18,"column":46},"end":{"line":18,"column":67}},"type":"binary-expr","locations":[{"start":{"line":18,"column":46},"end":{"line":18,"column":49}},{"start":{"line":18,"column":53},"end":{"line":18,"column":67}}],"line":18},"2":{"loc":{"start":{"line":30,"column":11},"end":{"line":30,"column":35}},"type":"binary-expr","locations":[{"start":{"line":30,"column":11},"end":{"line":30,"column":27}},{"start":{"line":30,"column":31},"end":{"line":30,"column":35}}],"line":30}},"s":{"0":1,"1":1,"2":1,"3":1,"4":1,"5":1,"6":1,"7":5,"8":1,"9":1,"10":1,"11":1,"12":1,"13":1,"14":1,"15":1,"16":1,"17":1,"18":1},"f":{"0":5,"1":1},"b":{"0":[3,2],"1":[5,5],"2":[1,0]},"_coverageSchema":"43e27e138ebf9cfc5966b082cf9a028302ed4184","hash":"4d490af9186a8782cbce509d632eb371ff1a43e7","contentHash":"f22ca865b005bcc97afe66096b90954d572892ef3013a865bd0dc9f8d575b625"},"D:\\prop-lite\\server\\routes\\user-route.js":{"path":"D:\\prop-lite\\server\\routes\\user-route.js","statementMap":{"0":{"start":{"line":3,"column":0},"end":{"line":5,"column":3}},"1":{"start":{"line":6,"column":0},"end":{"line":6,"column":28}},"2":{"start":{"line":8,"column":20},"end":{"line":8,"column":78}},"3":{"start":{"line":10,"column":15},"end":{"line":10,"column":57}},"4":{"start":{"line":12,"column":22},"end":{"line":12,"column":86}},"5":{"start":{"line":14,"column":39},"end":{"line":14,"column":95}},"6":{"start":{"line":16,"column":13},"end":{"line":16,"column":41}},"7":{"start":{"line":18,"column":21},"end":{"line":18,"column":62}},"8":{"start":{"line":19,"column":20},"end":{"line":19,"column":60}},"9":{"start":{"line":20,"column":0},"end":{"line":20,"column":72}},"10":{"start":{"line":21,"column":0},"end":{"line":21,"column":71}},"11":{"start":{"line":22,"column":15},"end":{"line":22,"column":21}},"12":{"start":{"line":23,"column":0},"end":{"line":23,"column":30}}},"fnMap":{"0":{"name":"_interopRequireDefault","decl":{"start":{"line":14,"column":9},"end":{"line":14,"column":31}},"loc":{"start":{"line":14,"column":37},"end":{"line":14,"column":97}},"line":14}},"branchMap":{"0":{"loc":{"start":{"line":14,"column":46},"end":{"line":14,"column":94}},"type":"cond-expr","locations":[{"start":{"line":14,"column":70},"end":{"line":14,"column":73}},{"start":{"line":14,"column":76},"end":{"line":14,"column":94}}],"line":14},"1":{"loc":{"start":{"line":14,"column":46},"end":{"line":14,"column":67}},"type":"binary-expr","locations":[{"start":{"line":14,"column":46},"end":{"line":14,"column":49}},{"start":{"line":14,"column":53},"end":{"line":14,"column":67}}],"line":14}},"s":{"0":1,"1":1,"2":1,"3":1,"4":1,"5":3,"6":1,"7":1,"8":1,"9":1,"10":1,"11":1,"12":1},"f":{"0":3},"b":{"0":[2,1],"1":[3,3]},"_coverageSchema":"43e27e138ebf9cfc5966b082cf9a028302ed4184","hash":"925f8e8cb35ac5be5ae9c6554a36bb198503dcbe","contentHash":"7c9b7003a2823be6f23857a3fd9f42c787ac7f3634258cedad3a336f4864ee40"},"D:\\prop-lite\\server\\control\\user_control.js":{"path":"D:\\prop-lite\\server\\control\\user_control.js","statementMap":{"0":{"start":{"line":3,"column":0},"end":{"line":5,"column":3}},"1":{"start":{"line":6,"column":0},"end":{"line":6,"column":28}},"2":{"start":{"line":8,"column":12},"end":{"line":8,"column":61}},"3":{"start":{"line":10,"column":20},"end":{"line":10,"column":67}},"4":{"start":{"line":12,"column":14},"end":{"line":12,"column":63}},"5":{"start":{"line":14,"column":14},"end":{"line":14,"column":55}},"6":{"start":{"line":16,"column":14},"end":{"line":16,"column":55}},"7":{"start":{"line":18,"column":39},"end":{"line":18,"column":95}},"8":{"start":{"line":20,"column":50},"end":{"line":20,"column":151}},"9":{"start":{"line":20,"column":92},"end":{"line":20,"column":149}},"10":{"start":{"line":22,"column":44},"end":{"line":22,"column":315}},"11":{"start":{"line":22,"column":57},"end":{"line":22,"column":58}},"12":{"start":{"line":22,"column":102},"end":{"line":22,"column":110}},"13":{"start":{"line":22,"column":112},"end":{"line":22,"column":167}},"14":{"start":{"line":22,"column":168},"end":{"line":22,"column":199}},"15":{"start":{"line":22,"column":200},"end":{"line":22,"column":254}},"16":{"start":{"line":22,"column":227},"end":{"line":22,"column":254}},"17":{"start":{"line":22,"column":255},"end":{"line":22,"column":313}},"18":{"start":{"line":24,"column":62},"end":{"line":24,"column":131}},"19":{"start":{"line":24,"column":78},"end":{"line":24,"column":131}},"20":{"start":{"line":24,"column":132},"end":{"line":24,"column":193}},"21":{"start":{"line":24,"column":149},"end":{"line":24,"column":193}},"22":{"start":{"line":24,"column":194},"end":{"line":24,"column":213}},"23":{"start":{"line":26,"column":0},"end":{"line":26,"column":28}},"24":{"start":{"line":30,"column":0},"end":{"line":137,"column":3}},"25":{"start":{"line":32,"column":4},"end":{"line":32,"column":32}},"26":{"start":{"line":35,"column":2},"end":{"line":134,"column":6}},"27":{"start":{"line":38,"column":6},"end":{"line":43,"column":7}},"28":{"start":{"line":39,"column":8},"end":{"line":42,"column":11}},"29":{"start":{"line":45,"column":20},"end":{"line":47,"column":8}},"30":{"start":{"line":46,"column":8},"end":{"line":46,"column":42}},"31":{"start":{"line":49,"column":6},"end":{"line":54,"column":7}},"32":{"start":{"line":50,"column":8},"end":{"line":53,"column":11}},"33":{"start":{"line":56,"column":20},"end":{"line":65,"column":7}},"34":{"start":{"line":67,"column":18},"end":{"line":69,"column":31}},"35":{"start":{"line":71,"column":17},"end":{"line":71,"column":67}},"36":{"start":{"line":73,"column":6},"end":{"line":73,"column":30}},"37":{"start":{"line":75,"column":6},"end":{"line":75,"column":37}},"38":{"start":{"line":77,"column":6},"end":{"line":83,"column":9}},"39":{"start":{"line":88,"column":6},"end":{"line":88,"column":36}},"40":{"start":{"line":90,"column":6},"end":{"line":95,"column":7}},"41":{"start":{"line":91,"column":8},"end":{"line":94,"column":11}},"42":{"start":{"line":97,"column":6},"end":{"line":132,"column":7}},"43":{"start":{"line":98,"column":22},"end":{"line":100,"column":10}},"44":{"start":{"line":99,"column":10},"end":{"line":99,"column":45}},"45":{"start":{"line":102,"column":27},"end":{"line":102,"column":94}},"46":{"start":{"line":104,"column":8},"end":{"line":109,"column":9}},"47":{"start":{"line":105,"column":10},"end":{"line":108,"column":13}},"48":{"start":{"line":111,"column":8},"end":{"line":126,"column":9}},"49":{"start":{"line":112,"column":22},"end":{"line":114,"column":35}},"50":{"start":{"line":116,"column":10},"end":{"line":120,"column":13}},"51":{"start":{"line":122,"column":10},"end":{"line":125,"column":13}},"52":{"start":{"line":128,"column":8},"end":{"line":131,"column":11}},"53":{"start":{"line":136,"column":2},"end":{"line":136,"column":14}},"54":{"start":{"line":139,"column":15},"end":{"line":139,"column":19}},"55":{"start":{"line":140,"column":0},"end":{"line":140,"column":30}}},"fnMap":{"0":{"name":"_interopRequireDefault","decl":{"start":{"line":18,"column":9},"end":{"line":18,"column":31}},"loc":{"start":{"line":18,"column":37},"end":{"line":18,"column":97}},"line":18},"1":{"name":"_classCallCheck","decl":{"start":{"line":20,"column":9},"end":{"line":20,"column":24}},"loc":{"start":{"line":20,"column":48},"end":{"line":20,"column":153}},"line":20},"2":{"name":"_defineProperties","decl":{"start":{"line":22,"column":9},"end":{"line":22,"column":26}},"loc":{"start":{"line":22,"column":42},"end":{"line":22,"column":317}},"line":22},"3":{"name":"_createClass","decl":{"start":{"line":24,"column":9},"end":{"line":24,"column":21}},"loc":{"start":{"line":24,"column":60},"end":{"line":24,"column":215}},"line":24},"4":{"name":"(anonymous_4)","decl":{"start":{"line":30,"column":0},"end":{"line":30,"column":1}},"loc":{"start":{"line":30,"column":12},"end":{"line":137,"column":1}},"line":30},"5":{"name":"User","decl":{"start":{"line":31,"column":11},"end":{"line":31,"column":15}},"loc":{"start":{"line":31,"column":18},"end":{"line":33,"column":3}},"line":31},"6":{"name":"signup","decl":{"start":{"line":37,"column":20},"end":{"line":37,"column":26}},"loc":{"start":{"line":37,"column":37},"end":{"line":84,"column":5}},"line":37},"7":{"name":"(anonymous_7)","decl":{"start":{"line":45,"column":42},"end":{"line":45,"column":43}},"loc":{"start":{"line":45,"column":55},"end":{"line":47,"column":7}},"line":45},"8":{"name":"signin","decl":{"start":{"line":87,"column":20},"end":{"line":87,"column":26}},"loc":{"start":{"line":87,"column":37},"end":{"line":133,"column":5}},"line":87},"9":{"name":"(anonymous_9)","decl":{"start":{"line":98,"column":44},"end":{"line":98,"column":45}},"loc":{"start":{"line":98,"column":58},"end":{"line":100,"column":9}},"line":98}},"branchMap":{"0":{"loc":{"start":{"line":18,"column":46},"end":{"line":18,"column":94}},"type":"cond-expr","locations":[{"start":{"line":18,"column":70},"end":{"line":18,"column":73}},{"start":{"line":18,"column":76},"end":{"line":18,"column":94}}],"line":18},"1":{"loc":{"start":{"line":18,"column":46},"end":{"line":18,"column":67}},"type":"binary-expr","locations":[{"start":{"line":18,"column":46},"end":{"line":18,"column":49}},{"start":{"line":18,"column":53},"end":{"line":18,"column":67}}],"line":18},"2":{"loc":{"start":{"line":20,"column":50},"end":{"line":20,"column":151}},"type":"if","locations":[{"start":{"line":20,"column":50},"end":{"line":20,"column":151}},{"start":{"line":20,"column":50},"end":{"line":20,"column":151}}],"line":20},"3":{"loc":{"start":{"line":22,"column":136},"end":{"line":22,"column":166}},"type":"binary-expr","locations":[{"start":{"line":22,"column":136},"end":{"line":22,"column":157}},{"start":{"line":22,"column":161},"end":{"line":22,"column":166}}],"line":22},"4":{"loc":{"start":{"line":22,"column":200},"end":{"line":22,"column":254}},"type":"if","locations":[{"start":{"line":22,"column":200},"end":{"line":22,"column":254}},{"start":{"line":22,"column":200},"end":{"line":22,"column":254}}],"line":22},"5":{"loc":{"start":{"line":24,"column":62},"end":{"line":24,"column":131}},"type":"if","locations":[{"start":{"line":24,"column":62},"end":{"line":24,"column":131}},{"start":{"line":24,"column":62},"end":{"line":24,"column":131}}],"line":24},"6":{"loc":{"start":{"line":24,"column":132},"end":{"line":24,"column":193}},"type":"if","locations":[{"start":{"line":24,"column":132},"end":{"line":24,"column":193}},{"start":{"line":24,"column":132},"end":{"line":24,"column":193}}],"line":24},"7":{"loc":{"start":{"line":38,"column":6},"end":{"line":43,"column":7}},"type":"if","locations":[{"start":{"line":38,"column":6},"end":{"line":43,"column":7}},{"start":{"line":38,"column":6},"end":{"line":43,"column":7}}],"line":38},"8":{"loc":{"start":{"line":49,"column":6},"end":{"line":54,"column":7}},"type":"if","locations":[{"start":{"line":49,"column":6},"end":{"line":54,"column":7}},{"start":{"line":49,"column":6},"end":{"line":54,"column":7}}],"line":49},"9":{"loc":{"start":{"line":90,"column":6},"end":{"line":95,"column":7}},"type":"if","locations":[{"start":{"line":90,"column":6},"end":{"line":95,"column":7}},{"start":{"line":90,"column":6},"end":{"line":95,"column":7}}],"line":90},"10":{"loc":{"start":{"line":104,"column":8},"end":{"line":109,"column":9}},"type":"if","locations":[{"start":{"line":104,"column":8},"end":{"line":109,"column":9}},{"start":{"line":104,"column":8},"end":{"line":109,"column":9}}],"line":104},"11":{"loc":{"start":{"line":111,"column":8},"end":{"line":126,"column":9}},"type":"if","locations":[{"start":{"line":111,"column":8},"end":{"line":126,"column":9}},{"start":{"line":111,"column":8},"end":{"line":126,"column":9}}],"line":111}},"s":{"0":1,"1":1,"2":1,"3":1,"4":1,"5":1,"6":1,"7":5,"8":0,"9":0,"10":1,"11":1,"12":2,"13":2,"14":2,"15":2,"16":2,"17":2,"18":1,"19":0,"20":1,"21":1,"22":1,"23":1,"24":1,"25":0,"26":1,"27":0,"28":0,"29":0,"30":0,"31":0,"32":0,"33":0,"34":0,"35":0,"36":0,"37":0,"38":0,"39":2,"40":2,"41":0,"42":2,"43":2,"44":4,"45":2,"46":2,"47":2,"48":0,"49":0,"50":0,"51":0,"52":0,"53":1,"54":1,"55":1},"f":{"0":5,"1":0,"2":1,"3":1,"4":1,"5":0,"6":0,"7":0,"8":2,"9":4},"b":{"0":[1,4],"1":[5,5],"2":[0,0],"3":[2,2],"4":[2,0],"5":[0,1],"6":[1,0],"7":[0,0],"8":[0,0],"9":[0,2],"10":[2,0],"11":[0,0]},"_coverageSchema":"43e27e138ebf9cfc5966b082cf9a028302ed4184","hash":"a6d93c45789e48920940872a77ddcef5442bf1ca","contentHash":"d3248c6ad1f34162942a9c5d0708743ac3b9448d8c3d4327ea35102e75548d26"},"D:\\prop-lite\\server\\models\\user.js":{"path":"D:\\prop-lite\\server\\models\\user.js","statementMap":{"0":{"start":{"line":3,"column":0},"end":{"line":5,"column":3}},"1":{"start":{"line":6,"column":0},"end":{"line":6,"column":28}},"2":{"start":{"line":7,"column":12},"end":{"line":34,"column":2}},"3":{"start":{"line":35,"column":15},"end":{"line":35,"column":20}},"4":{"start":{"line":36,"column":0},"end":{"line":36,"column":30}}},"fnMap":{},"branchMap":{},"s":{"0":1,"1":1,"2":1,"3":1,"4":1},"f":{},"b":{},"_coverageSchema":"43e27e138ebf9cfc5966b082cf9a028302ed4184","hash":"7e3fb0104469902231c322c63c41b0641557efb4","contentHash":"ebf89e9658f8417a78d6809a143af3d70885a8f82ff3feb891ce7b9eed3d321c"},"D:\\prop-lite\\server\\validations\\userValidation.js":{"path":"D:\\prop-lite\\server\\validations\\userValidation.js","statementMap":{"0":{"start":{"line":3,"column":0},"end":{"line":5,"column":3}},"1":{"start":{"line":6,"column":0},"end":{"line":6,"column":28}},"2":{"start":{"line":8,"column":50},"end":{"line":8,"column":151}},"3":{"start":{"line":8,"column":92},"end":{"line":8,"column":149}},"4":{"start":{"line":10,"column":44},"end":{"line":10,"column":315}},"5":{"start":{"line":10,"column":57},"end":{"line":10,"column":58}},"6":{"start":{"line":10,"column":102},"end":{"line":10,"column":110}},"7":{"start":{"line":10,"column":112},"end":{"line":10,"column":167}},"8":{"start":{"line":10,"column":168},"end":{"line":10,"column":199}},"9":{"start":{"line":10,"column":200},"end":{"line":10,"column":254}},"10":{"start":{"line":10,"column":227},"end":{"line":10,"column":254}},"11":{"start":{"line":10,"column":255},"end":{"line":10,"column":313}},"12":{"start":{"line":12,"column":62},"end":{"line":12,"column":131}},"13":{"start":{"line":12,"column":78},"end":{"line":12,"column":131}},"14":{"start":{"line":12,"column":132},"end":{"line":12,"column":193}},"15":{"start":{"line":12,"column":149},"end":{"line":12,"column":193}},"16":{"start":{"line":12,"column":194},"end":{"line":12,"column":213}},"17":{"start":{"line":14,"column":12},"end":{"line":14,"column":30}},"18":{"start":{"line":15,"column":12},"end":{"line":15,"column":42}},"19":{"start":{"line":16,"column":13},"end":{"line":16,"column":34}},"20":{"start":{"line":17,"column":18},"end":{"line":17,"column":28}},"21":{"start":{"line":18,"column":14},"end":{"line":18,"column":32}},"22":{"start":{"line":22,"column":0},"end":{"line":61,"column":3}},"23":{"start":{"line":24,"column":4},"end":{"line":24,"column":42}},"24":{"start":{"line":27,"column":2},"end":{"line":58,"column":6}},"25":{"start":{"line":30,"column":6},"end":{"line":43,"column":7}},"26":{"start":{"line":31,"column":8},"end":{"line":31,"column":80}},"27":{"start":{"line":31,"column":41},"end":{"line":31,"column":80}},"28":{"start":{"line":32,"column":8},"end":{"line":32,"column":92}},"29":{"start":{"line":32,"column":46},"end":{"line":32,"column":92}},"30":{"start":{"line":33,"column":8},"end":{"line":33,"column":90}},"31":{"start":{"line":33,"column":45},"end":{"line":33,"column":90}},"32":{"start":{"line":34,"column":8},"end":{"line":34,"column":110}},"33":{"start":{"line":34,"column":45},"end":{"line":34,"column":110}},"34":{"start":{"line":35,"column":8},"end":{"line":35,"column":113}},"35":{"start":{"line":35,"column":53},"end":{"line":35,"column":113}},"36":{"start":{"line":36,"column":8},"end":{"line":36,"column":83}},"37":{"start":{"line":36,"column":45},"end":{"line":36,"column":83}},"38":{"start":{"line":37,"column":8},"end":{"line":37,"column":15}},"39":{"start":{"line":39,"column":8},"end":{"line":42,"column":11}},"40":{"start":{"line":48,"column":6},"end":{"line":56,"column":7}},"41":{"start":{"line":49,"column":8},"end":{"line":49,"column":80}},"42":{"start":{"line":49,"column":41},"end":{"line":49,"column":80}},"43":{"start":{"line":50,"column":8},"end":{"line":50,"column":15}},"44":{"start":{"line":52,"column":8},"end":{"line":55,"column":11}},"45":{"start":{"line":60,"column":2},"end":{"line":60,"column":24}},"46":{"start":{"line":63,"column":15},"end":{"line":63,"column":29}},"47":{"start":{"line":64,"column":0},"end":{"line":64,"column":30}}},"fnMap":{"0":{"name":"_classCallCheck","decl":{"start":{"line":8,"column":9},"end":{"line":8,"column":24}},"loc":{"start":{"line":8,"column":48},"end":{"line":8,"column":153}},"line":8},"1":{"name":"_defineProperties","decl":{"start":{"line":10,"column":9},"end":{"line":10,"column":26}},"loc":{"start":{"line":10,"column":42},"end":{"line":10,"column":317}},"line":10},"2":{"name":"_createClass","decl":{"start":{"line":12,"column":9},"end":{"line":12,"column":21}},"loc":{"start":{"line":12,"column":60},"end":{"line":12,"column":215}},"line":12},"3":{"name":"(anonymous_3)","decl":{"start":{"line":22,"column":0},"end":{"line":22,"column":1}},"loc":{"start":{"line":22,"column":12},"end":{"line":61,"column":1}},"line":22},"4":{"name":"UserValidation","decl":{"start":{"line":23,"column":11},"end":{"line":23,"column":25}},"loc":{"start":{"line":23,"column":28},"end":{"line":25,"column":3}},"line":23},"5":{"name":"validateSignup","decl":{"start":{"line":29,"column":20},"end":{"line":29,"column":34}},"loc":{"start":{"line":29,"column":51},"end":{"line":44,"column":5}},"line":29},"6":{"name":"validateLogin","decl":{"start":{"line":47,"column":20},"end":{"line":47,"column":33}},"loc":{"start":{"line":47,"column":50},"end":{"line":57,"column":5}},"line":47}},"branchMap":{"0":{"loc":{"start":{"line":8,"column":50},"end":{"line":8,"column":151}},"type":"if","locations":[{"start":{"line":8,"column":50},"end":{"line":8,"column":151}},{"start":{"line":8,"column":50},"end":{"line":8,"column":151}}],"line":8},"1":{"loc":{"start":{"line":10,"column":136},"end":{"line":10,"column":166}},"type":"binary-expr","locations":[{"start":{"line":10,"column":136},"end":{"line":10,"column":157}},{"start":{"line":10,"column":161},"end":{"line":10,"column":166}}],"line":10},"2":{"loc":{"start":{"line":10,"column":200},"end":{"line":10,"column":254}},"type":"if","locations":[{"start":{"line":10,"column":200},"end":{"line":10,"column":254}},{"start":{"line":10,"column":200},"end":{"line":10,"column":254}}],"line":10},"3":{"loc":{"start":{"line":12,"column":62},"end":{"line":12,"column":131}},"type":"if","locations":[{"start":{"line":12,"column":62},"end":{"line":12,"column":131}},{"start":{"line":12,"column":62},"end":{"line":12,"column":131}}],"line":12},"4":{"loc":{"start":{"line":12,"column":132},"end":{"line":12,"column":193}},"type":"if","locations":[{"start":{"line":12,"column":132},"end":{"line":12,"column":193}},{"start":{"line":12,"column":132},"end":{"line":12,"column":193}}],"line":12},"5":{"loc":{"start":{"line":31,"column":8},"end":{"line":31,"column":80}},"type":"if","locations":[{"start":{"line":31,"column":8},"end":{"line":31,"column":80}},{"start":{"line":31,"column":8},"end":{"line":31,"column":80}}],"line":31},"6":{"loc":{"start":{"line":32,"column":8},"end":{"line":32,"column":92}},"type":"if","locations":[{"start":{"line":32,"column":8},"end":{"line":32,"column":92}},{"start":{"line":32,"column":8},"end":{"line":32,"column":92}}],"line":32},"7":{"loc":{"start":{"line":33,"column":8},"end":{"line":33,"column":90}},"type":"if","locations":[{"start":{"line":33,"column":8},"end":{"line":33,"column":90}},{"start":{"line":33,"column":8},"end":{"line":33,"column":90}}],"line":33},"8":{"loc":{"start":{"line":34,"column":8},"end":{"line":34,"column":110}},"type":"if","locations":[{"start":{"line":34,"column":8},"end":{"line":34,"column":110}},{"start":{"line":34,"column":8},"end":{"line":34,"column":110}}],"line":34},"9":{"loc":{"start":{"line":35,"column":8},"end":{"line":35,"column":113}},"type":"if","locations":[{"start":{"line":35,"column":8},"end":{"line":35,"column":113}},{"start":{"line":35,"column":8},"end":{"line":35,"column":113}}],"line":35},"10":{"loc":{"start":{"line":36,"column":8},"end":{"line":36,"column":83}},"type":"if","locations":[{"start":{"line":36,"column":8},"end":{"line":36,"column":83}},{"start":{"line":36,"column":8},"end":{"line":36,"column":83}}],"line":36},"11":{"loc":{"start":{"line":49,"column":8},"end":{"line":49,"column":80}},"type":"if","locations":[{"start":{"line":49,"column":8},"end":{"line":49,"column":80}},{"start":{"line":49,"column":8},"end":{"line":49,"column":80}}],"line":49}},"s":{"0":1,"1":1,"2":0,"3":0,"4":1,"5":1,"6":2,"7":2,"8":2,"9":2,"10":2,"11":2,"12":1,"13":0,"14":1,"15":1,"16":1,"17":1,"18":1,"19":1,"20":1,"21":1,"22":1,"23":0,"24":1,"25":16,"26":16,"27":1,"28":15,"29":4,"30":11,"31":4,"32":7,"33":1,"34":6,"35":3,"36":3,"37":3,"38":0,"39":16,"40":5,"41":5,"42":3,"43":2,"44":3,"45":1,"46":1,"47":1},"f":{"0":0,"1":1,"2":1,"3":1,"4":0,"5":16,"6":5},"b":{"0":[0,0],"1":[2,2],"2":[2,0],"3":[0,1],"4":[1,0],"5":[1,15],"6":[4,11],"7":[4,7],"8":[1,6],"9":[3,3],"10":[3,0],"11":[3,2]},"_coverageSchema":"43e27e138ebf9cfc5966b082cf9a028302ed4184","hash":"2540002f0ecbddb25a286023a025e946d2d5a540","contentHash":"fb312527e3bb7a4957e1b311dddca550e8ad9943b543e48bbd15ea026d3e7afd"},"D:\\prop-lite\\server\\routes\\property-route.js":{"path":"D:\\prop-lite\\server\\routes\\property-route.js","statementMap":{"0":{"start":{"line":3,"column":0},"end":{"line":5,"column":3}},"1":{"start":{"line":6,"column":0},"end":{"line":6,"column":28}},"2":{"start":{"line":8,"column":15},"end":{"line":8,"column":57}},"3":{"start":{"line":10,"column":23},"end":{"line":10,"column":85}},"4":{"start":{"line":12,"column":26},"end":{"line":12,"column":94}},"5":{"start":{"line":14,"column":19},"end":{"line":14,"column":77}},"6":{"start":{"line":16,"column":23},"end":{"line":16,"column":88}},"7":{"start":{"line":18,"column":18},"end":{"line":18,"column":73}},"8":{"start":{"line":20,"column":39},"end":{"line":20,"column":95}},"9":{"start":{"line":22,"column":13},"end":{"line":22,"column":41}},"10":{"start":{"line":24,"column":21},"end":{"line":24,"column":66}},"11":{"start":{"line":25,"column":0},"end":{"line":25,"column":101}},"12":{"start":{"line":26,"column":0},"end":{"line":26,"column":111}},"13":{"start":{"line":27,"column":0},"end":{"line":27,"column":90}},"14":{"start":{"line":28,"column":0},"end":{"line":28,"column":73}},"15":{"start":{"line":29,"column":0},"end":{"line":29,"column":67}},"16":{"start":{"line":30,"column":0},"end":{"line":30,"column":74}},"17":{"start":{"line":31,"column":0},"end":{"line":31,"column":73}},"18":{"start":{"line":32,"column":15},"end":{"line":32,"column":21}},"19":{"start":{"line":33,"column":0},"end":{"line":33,"column":30}}},"fnMap":{"0":{"name":"_interopRequireDefault","decl":{"start":{"line":20,"column":9},"end":{"line":20,"column":31}},"loc":{"start":{"line":20,"column":37},"end":{"line":20,"column":97}},"line":20}},"branchMap":{"0":{"loc":{"start":{"line":20,"column":46},"end":{"line":20,"column":94}},"type":"cond-expr","locations":[{"start":{"line":20,"column":70},"end":{"line":20,"column":73}},{"start":{"line":20,"column":76},"end":{"line":20,"column":94}}],"line":20},"1":{"loc":{"start":{"line":20,"column":46},"end":{"line":20,"column":67}},"type":"binary-expr","locations":[{"start":{"line":20,"column":46},"end":{"line":20,"column":49}},{"start":{"line":20,"column":53},"end":{"line":20,"column":67}}],"line":20}},"s":{"0":1,"1":1,"2":1,"3":1,"4":1,"5":1,"6":1,"7":1,"8":6,"9":1,"10":1,"11":1,"12":1,"13":1,"14":1,"15":1,"16":1,"17":1,"18":1,"19":1},"f":{"0":6},"b":{"0":[5,1],"1":[6,6]},"_coverageSchema":"43e27e138ebf9cfc5966b082cf9a028302ed4184","hash":"b17050dcaaf436e7abca4291b5a0f503c236ee2f","contentHash":"d66b8fe94a1274e4d875a506643777c9ffdaeaba4b301e9a7b37c9fd612f1af9"},"D:\\prop-lite\\server\\control\\property-control.js":{"path":"D:\\prop-lite\\server\\control\\property-control.js","statementMap":{"0":{"start":{"line":3,"column":0},"end":{"line":5,"column":3}},"1":{"start":{"line":6,"column":0},"end":{"line":6,"column":28}},"2":{"start":{"line":8,"column":21},"end":{"line":8,"column":80}},"3":{"start":{"line":10,"column":12},"end":{"line":10,"column":61}},"4":{"start":{"line":12,"column":20},"end":{"line":12,"column":67}},"5":{"start":{"line":14,"column":39},"end":{"line":14,"column":95}},"6":{"start":{"line":16,"column":50},"end":{"line":16,"column":151}},"7":{"start":{"line":16,"column":92},"end":{"line":16,"column":149}},"8":{"start":{"line":18,"column":44},"end":{"line":18,"column":315}},"9":{"start":{"line":18,"column":57},"end":{"line":18,"column":58}},"10":{"start":{"line":18,"column":102},"end":{"line":18,"column":110}},"11":{"start":{"line":18,"column":112},"end":{"line":18,"column":167}},"12":{"start":{"line":18,"column":168},"end":{"line":18,"column":199}},"13":{"start":{"line":18,"column":200},"end":{"line":18,"column":254}},"14":{"start":{"line":18,"column":227},"end":{"line":18,"column":254}},"15":{"start":{"line":18,"column":255},"end":{"line":18,"column":313}},"16":{"start":{"line":20,"column":62},"end":{"line":20,"column":131}},"17":{"start":{"line":20,"column":78},"end":{"line":20,"column":131}},"18":{"start":{"line":20,"column":132},"end":{"line":20,"column":193}},"19":{"start":{"line":20,"column":149},"end":{"line":20,"column":193}},"20":{"start":{"line":20,"column":194},"end":{"line":20,"column":213}},"21":{"start":{"line":24,"column":0},"end":{"line":232,"column":3}},"22":{"start":{"line":26,"column":4},"end":{"line":26,"column":36}},"23":{"start":{"line":29,"column":2},"end":{"line":229,"column":6}},"24":{"start":{"line":32,"column":22},"end":{"line":32,"column":30}},"25":{"start":{"line":33,"column":18},"end":{"line":33,"column":33}},"26":{"start":{"line":34,"column":17},"end":{"line":34,"column":31}},"27":{"start":{"line":35,"column":17},"end":{"line":35,"column":31}},"28":{"start":{"line":36,"column":18},"end":{"line":36,"column":33}},"29":{"start":{"line":37,"column":18},"end":{"line":37,"column":33}},"30":{"start":{"line":38,"column":20},"end":{"line":38,"column":37}},"31":{"start":{"line":40,"column":6},"end":{"line":76,"column":7}},"32":{"start":{"line":41,"column":20},"end":{"line":41,"column":93}},"33":{"start":{"line":43,"column":26},"end":{"line":45,"column":10}},"34":{"start":{"line":44,"column":10},"end":{"line":44,"column":40}},"35":{"start":{"line":47,"column":8},"end":{"line":47,"column":33}},"36":{"start":{"line":49,"column":8},"end":{"line":54,"column":9}},"37":{"start":{"line":50,"column":10},"end":{"line":53,"column":13}},"38":{"start":{"line":56,"column":26},"end":{"line":66,"column":9}},"39":{"start":{"line":67,"column":8},"end":{"line":67,"column":69}},"40":{"start":{"line":67,"column":25},"end":{"line":67,"column":69}},"41":{"start":{"line":68,"column":8},"end":{"line":71,"column":11}},"42":{"start":{"line":73,"column":8},"end":{"line":75,"column":11}},"43":{"start":{"line":81,"column":23},"end":{"line":81,"column":31}},"44":{"start":{"line":82,"column":18},"end":{"line":82,"column":34}},"45":{"start":{"line":83,"column":18},"end":{"line":83,"column":34}},"46":{"start":{"line":84,"column":19},"end":{"line":84,"column":36}},"47":{"start":{"line":85,"column":20},"end":{"line":85,"column":38}},"48":{"start":{"line":86,"column":17},"end":{"line":86,"column":32}},"49":{"start":{"line":87,"column":17},"end":{"line":87,"column":32}},"50":{"start":{"line":95,"column":6},"end":{"line":142,"column":7}},"51":{"start":{"line":96,"column":20},"end":{"line":96,"column":93}},"52":{"start":{"line":98,"column":22},"end":{"line":100,"column":10}},"53":{"start":{"line":99,"column":10},"end":{"line":99,"column":40}},"54":{"start":{"line":102,"column":30},"end":{"line":104,"column":10}},"55":{"start":{"line":103,"column":10},"end":{"line":103,"column":39}},"56":{"start":{"line":106,"column":8},"end":{"line":111,"column":9}},"57":{"start":{"line":107,"column":10},"end":{"line":110,"column":13}},"58":{"start":{"line":113,"column":8},"end":{"line":137,"column":9}},"59":{"start":{"line":114,"column":10},"end":{"line":119,"column":13}},"60":{"start":{"line":115,"column":12},"end":{"line":115,"column":28}},"61":{"start":{"line":116,"column":12},"end":{"line":116,"column":79}},"62":{"start":{"line":117,"column":12},"end":{"line":117,"column":102}},"63":{"start":{"line":118,"column":12},"end":{"line":118,"column":21}},"64":{"start":{"line":121,"column":10},"end":{"line":131,"column":13}},"65":{"start":{"line":133,"column":10},"end":{"line":136,"column":13}},"66":{"start":{"line":139,"column":8},"end":{"line":141,"column":11}},"67":{"start":{"line":147,"column":19},"end":{"line":147,"column":44}},"68":{"start":{"line":148,"column":6},"end":{"line":150,"column":9}},"69":{"start":{"line":148,"column":26},"end":{"line":150,"column":9}},"70":{"start":{"line":149,"column":8},"end":{"line":149,"column":40}},"71":{"start":{"line":152,"column":6},"end":{"line":162,"column":7}},"72":{"start":{"line":153,"column":8},"end":{"line":156,"column":11}},"73":{"start":{"line":158,"column":8},"end":{"line":161,"column":11}},"74":{"start":{"line":165,"column":6},"end":{"line":168,"column":9}},"75":{"start":{"line":165,"column":28},"end":{"line":168,"column":9}},"76":{"start":{"line":173,"column":23},"end":{"line":175,"column":8}},"77":{"start":{"line":174,"column":8},"end":{"line":174,"column":37}},"78":{"start":{"line":177,"column":6},"end":{"line":185,"column":9}},"79":{"start":{"line":178,"column":8},"end":{"line":181,"column":11}},"80":{"start":{"line":182,"column":13},"end":{"line":185,"column":9}},"81":{"start":{"line":190,"column":23},"end":{"line":192,"column":8}},"82":{"start":{"line":191,"column":8},"end":{"line":191,"column":37}},"83":{"start":{"line":194,"column":6},"end":{"line":203,"column":9}},"84":{"start":{"line":195,"column":8},"end":{"line":195,"column":111}},"85":{"start":{"line":195,"column":47},"end":{"line":195,"column":74}},"86":{"start":{"line":195,"column":79},"end":{"line":195,"column":111}},"87":{"start":{"line":196,"column":8},"end":{"line":199,"column":11}},"88":{"start":{"line":200,"column":13},"end":{"line":203,"column":9}},"89":{"start":{"line":208,"column":23},"end":{"line":210,"column":8}},"90":{"start":{"line":209,"column":8},"end":{"line":209,"column":37}},"91":{"start":{"line":212,"column":6},"end":{"line":227,"column":7}},"92":{"start":{"line":213,"column":8},"end":{"line":217,"column":11}},"93":{"start":{"line":219,"column":22},"end":{"line":219,"column":67}},"94":{"start":{"line":221,"column":8},"end":{"line":221,"column":53}},"95":{"start":{"line":223,"column":8},"end":{"line":226,"column":11}},"96":{"start":{"line":231,"column":2},"end":{"line":231,"column":18}},"97":{"start":{"line":234,"column":15},"end":{"line":234,"column":23}},"98":{"start":{"line":235,"column":0},"end":{"line":235,"column":30}}},"fnMap":{"0":{"name":"_interopRequireDefault","decl":{"start":{"line":14,"column":9},"end":{"line":14,"column":31}},"loc":{"start":{"line":14,"column":37},"end":{"line":14,"column":97}},"line":14},"1":{"name":"_classCallCheck","decl":{"start":{"line":16,"column":9},"end":{"line":16,"column":24}},"loc":{"start":{"line":16,"column":48},"end":{"line":16,"column":153}},"line":16},"2":{"name":"_defineProperties","decl":{"start":{"line":18,"column":9},"end":{"line":18,"column":26}},"loc":{"start":{"line":18,"column":42},"end":{"line":18,"column":317}},"line":18},"3":{"name":"_createClass","decl":{"start":{"line":20,"column":9},"end":{"line":20,"column":21}},"loc":{"start":{"line":20,"column":60},"end":{"line":20,"column":215}},"line":20},"4":{"name":"(anonymous_4)","decl":{"start":{"line":24,"column":0},"end":{"line":24,"column":1}},"loc":{"start":{"line":24,"column":12},"end":{"line":232,"column":1}},"line":24},"5":{"name":"Property","decl":{"start":{"line":25,"column":11},"end":{"line":25,"column":19}},"loc":{"start":{"line":25,"column":22},"end":{"line":27,"column":3}},"line":25},"6":{"name":"create","decl":{"start":{"line":31,"column":20},"end":{"line":31,"column":26}},"loc":{"start":{"line":31,"column":37},"end":{"line":77,"column":5}},"line":31},"7":{"name":"(anonymous_7)","decl":{"start":{"line":43,"column":48},"end":{"line":43,"column":49}},"loc":{"start":{"line":43,"column":61},"end":{"line":45,"column":9}},"line":43},"8":{"name":"updateProperty","decl":{"start":{"line":80,"column":20},"end":{"line":80,"column":34}},"loc":{"start":{"line":80,"column":45},"end":{"line":143,"column":5}},"line":80},"9":{"name":"(anonymous_9)","decl":{"start":{"line":98,"column":53},"end":{"line":98,"column":54}},"loc":{"start":{"line":98,"column":66},"end":{"line":100,"column":9}},"line":98},"10":{"name":"(anonymous_10)","decl":{"start":{"line":102,"column":61},"end":{"line":102,"column":62}},"loc":{"start":{"line":102,"column":74},"end":{"line":104,"column":9}},"line":102},"11":{"name":"(anonymous_11)","decl":{"start":{"line":114,"column":40},"end":{"line":114,"column":41}},"loc":{"start":{"line":114,"column":53},"end":{"line":119,"column":11}},"line":114},"12":{"name":"allProperties","decl":{"start":{"line":146,"column":20},"end":{"line":146,"column":33}},"loc":{"start":{"line":146,"column":44},"end":{"line":169,"column":5}},"line":146},"13":{"name":"(anonymous_13)","decl":{"start":{"line":148,"column":68},"end":{"line":148,"column":69}},"loc":{"start":{"line":148,"column":81},"end":{"line":150,"column":7}},"line":148},"14":{"name":"specificProperty","decl":{"start":{"line":172,"column":20},"end":{"line":172,"column":36}},"loc":{"start":{"line":172,"column":47},"end":{"line":186,"column":5}},"line":172},"15":{"name":"(anonymous_15)","decl":{"start":{"line":173,"column":54},"end":{"line":173,"column":55}},"loc":{"start":{"line":173,"column":67},"end":{"line":175,"column":7}},"line":173},"16":{"name":"markSold","decl":{"start":{"line":189,"column":20},"end":{"line":189,"column":28}},"loc":{"start":{"line":189,"column":39},"end":{"line":204,"column":5}},"line":189},"17":{"name":"(anonymous_17)","decl":{"start":{"line":190,"column":54},"end":{"line":190,"column":55}},"loc":{"start":{"line":190,"column":67},"end":{"line":192,"column":7}},"line":190},"18":{"name":"_delete","decl":{"start":{"line":207,"column":20},"end":{"line":207,"column":27}},"loc":{"start":{"line":207,"column":38},"end":{"line":228,"column":5}},"line":207},"19":{"name":"(anonymous_19)","decl":{"start":{"line":208,"column":54},"end":{"line":208,"column":55}},"loc":{"start":{"line":208,"column":67},"end":{"line":210,"column":7}},"line":208}},"branchMap":{"0":{"loc":{"start":{"line":14,"column":46},"end":{"line":14,"column":94}},"type":"cond-expr","locations":[{"start":{"line":14,"column":70},"end":{"line":14,"column":73}},{"start":{"line":14,"column":76},"end":{"line":14,"column":94}}],"line":14},"1":{"loc":{"start":{"line":14,"column":46},"end":{"line":14,"column":67}},"type":"binary-expr","locations":[{"start":{"line":14,"column":46},"end":{"line":14,"column":49}},{"start":{"line":14,"column":53},"end":{"line":14,"column":67}}],"line":14},"2":{"loc":{"start":{"line":16,"column":50},"end":{"line":16,"column":151}},"type":"if","locations":[{"start":{"line":16,"column":50},"end":{"line":16,"column":151}},{"start":{"line":16,"column":50},"end":{"line":16,"column":151}}],"line":16},"3":{"loc":{"start":{"line":18,"column":136},"end":{"line":18,"column":166}},"type":"binary-expr","locations":[{"start":{"line":18,"column":136},"end":{"line":18,"column":157}},{"start":{"line":18,"column":161},"end":{"line":18,"column":166}}],"line":18},"4":{"loc":{"start":{"line":18,"column":200},"end":{"line":18,"column":254}},"type":"if","locations":[{"start":{"line":18,"column":200},"end":{"line":18,"column":254}},{"start":{"line":18,"column":200},"end":{"line":18,"column":254}}],"line":18},"5":{"loc":{"start":{"line":20,"column":62},"end":{"line":20,"column":131}},"type":"if","locations":[{"start":{"line":20,"column":62},"end":{"line":20,"column":131}},{"start":{"line":20,"column":62},"end":{"line":20,"column":131}}],"line":20},"6":{"loc":{"start":{"line":20,"column":132},"end":{"line":20,"column":193}},"type":"if","locations":[{"start":{"line":20,"column":132},"end":{"line":20,"column":193}},{"start":{"line":20,"column":132},"end":{"line":20,"column":193}}],"line":20},"7":{"loc":{"start":{"line":49,"column":8},"end":{"line":54,"column":9}},"type":"if","locations":[{"start":{"line":49,"column":8},"end":{"line":54,"column":9}},{"start":{"line":49,"column":8},"end":{"line":54,"column":9}}],"line":49},"8":{"loc":{"start":{"line":67,"column":8},"end":{"line":67,"column":69}},"type":"if","locations":[{"start":{"line":67,"column":8},"end":{"line":67,"column":69}},{"start":{"line":67,"column":8},"end":{"line":67,"column":69}}],"line":67},"9":{"loc":{"start":{"line":106,"column":8},"end":{"line":111,"column":9}},"type":"if","locations":[{"start":{"line":106,"column":8},"end":{"line":111,"column":9}},{"start":{"line":106,"column":8},"end":{"line":111,"column":9}}],"line":106},"10":{"loc":{"start":{"line":113,"column":8},"end":{"line":137,"column":9}},"type":"if","locations":[{"start":{"line":113,"column":8},"end":{"line":137,"column":9}},{"start":{"line":113,"column":8},"end":{"line":137,"column":9}}],"line":113},"11":{"loc":{"start":{"line":148,"column":6},"end":{"line":150,"column":9}},"type":"if","locations":[{"start":{"line":148,"column":6},"end":{"line":150,"column":9}},{"start":{"line":148,"column":6},"end":{"line":150,"column":9}}],"line":148},"12":{"loc":{"start":{"line":152,"column":6},"end":{"line":162,"column":7}},"type":"if","locations":[{"start":{"line":152,"column":6},"end":{"line":162,"column":7}},{"start":{"line":152,"column":6},"end":{"line":162,"column":7}}],"line":152},"13":{"loc":{"start":{"line":165,"column":6},"end":{"line":168,"column":9}},"type":"if","locations":[{"start":{"line":165,"column":6},"end":{"line":168,"column":9}},{"start":{"line":165,"column":6},"end":{"line":168,"column":9}}],"line":165},"14":{"loc":{"start":{"line":177,"column":6},"end":{"line":185,"column":9}},"type":"if","locations":[{"start":{"line":177,"column":6},"end":{"line":185,"column":9}},{"start":{"line":177,"column":6},"end":{"line":185,"column":9}}],"line":177},"15":{"loc":{"start":{"line":194,"column":6},"end":{"line":203,"column":9}},"type":"if","locations":[{"start":{"line":194,"column":6},"end":{"line":203,"column":9}},{"start":{"line":194,"column":6},"end":{"line":203,"column":9}}],"line":194},"16":{"loc":{"start":{"line":195,"column":8},"end":{"line":195,"column":111}},"type":"if","locations":[{"start":{"line":195,"column":8},"end":{"line":195,"column":111}},{"start":{"line":195,"column":8},"end":{"line":195,"column":111}}],"line":195},"17":{"loc":{"start":{"line":212,"column":6},"end":{"line":227,"column":7}},"type":"if","locations":[{"start":{"line":212,"column":6},"end":{"line":227,"column":7}},{"start":{"line":212,"column":6},"end":{"line":227,"column":7}}],"line":212}},"s":{"0":1,"1":1,"2":1,"3":1,"4":1,"5":3,"6":0,"7":0,"8":1,"9":1,"10":6,"11":6,"12":6,"13":6,"14":6,"15":6,"16":1,"17":0,"18":1,"19":1,"20":1,"21":1,"22":0,"23":1,"24":0,"25":0,"26":0,"27":0,"28":0,"29":0,"30":0,"31":0,"32":0,"33":0,"34":0,"35":0,"36":0,"37":0,"38":0,"39":0,"40":0,"41":0,"42":0,"43":0,"44":0,"45":0,"46":0,"47":0,"48":0,"49":0,"50":0,"51":0,"52":0,"53":0,"54":0,"55":0,"56":0,"57":0,"58":0,"59":0,"60":0,"61":0,"62":0,"63":0,"64":0,"65":0,"66":0,"67":0,"68":0,"69":0,"70":0,"71":0,"72":0,"73":0,"74":0,"75":0,"76":0,"77":0,"78":0,"79":0,"80":0,"81":0,"82":0,"83":0,"84":0,"85":0,"86":0,"87":0,"88":0,"89":0,"90":0,"91":0,"92":0,"93":0,"94":0,"95":0,"96":1,"97":1,"98":1},"f":{"0":3,"1":0,"2":1,"3":1,"4":1,"5":0,"6":0,"7":0,"8":0,"9":0,"10":0,"11":0,"12":0,"13":0,"14":0,"15":0,"16":0,"17":0,"18":0,"19":0},"b":{"0":[2,1],"1":[3,3],"2":[0,0],"3":[6,6],"4":[6,0],"5":[0,1],"6":[1,0],"7":[0,0],"8":[0,0],"9":[0,0],"10":[0,0],"11":[0,0],"12":[0,0],"13":[0,0],"14":[0,0],"15":[0,0],"16":[0,0],"17":[0,0]},"_coverageSchema":"43e27e138ebf9cfc5966b082cf9a028302ed4184","hash":"d33cd59db626644ee507accd9328b1d2d9bfd478","contentHash":"1b9aeb8075a7e9a791b8c1b6f523a8763abb48c3a5b0f665ccd6ddc042e10b2e"},"D:\\prop-lite\\server\\models\\property-model.js":{"path":"D:\\prop-lite\\server\\models\\property-model.js","statementMap":{"0":{"start":{"line":3,"column":0},"end":{"line":5,"column":3}},"1":{"start":{"line":6,"column":0},"end":{"line":6,"column":28}},"2":{"start":{"line":7,"column":15},"end":{"line":33,"column":2}},"3":{"start":{"line":34,"column":15},"end":{"line":34,"column":23}},"4":{"start":{"line":35,"column":0},"end":{"line":35,"column":30}}},"fnMap":{},"branchMap":{},"s":{"0":1,"1":1,"2":1,"3":1,"4":1},"f":{},"b":{},"_coverageSchema":"43e27e138ebf9cfc5966b082cf9a028302ed4184","hash":"be1d33665bf71af0b5d319969ca40bdca97677ed","contentHash":"79eceafd3bb4c98636693301eccee3e5c1f76890ed100129ad51b376f5c4741a"},"D:\\prop-lite\\server\\validations\\propertyVaildation.js":{"path":"D:\\prop-lite\\server\\validations\\propertyVaildation.js","statementMap":{"0":{"start":{"line":3,"column":0},"end":{"line":5,"column":3}},"1":{"start":{"line":6,"column":0},"end":{"line":6,"column":28}},"2":{"start":{"line":8,"column":50},"end":{"line":8,"column":151}},"3":{"start":{"line":8,"column":92},"end":{"line":8,"column":149}},"4":{"start":{"line":10,"column":44},"end":{"line":10,"column":315}},"5":{"start":{"line":10,"column":57},"end":{"line":10,"column":58}},"6":{"start":{"line":10,"column":102},"end":{"line":10,"column":110}},"7":{"start":{"line":10,"column":112},"end":{"line":10,"column":167}},"8":{"start":{"line":10,"column":168},"end":{"line":10,"column":199}},"9":{"start":{"line":10,"column":200},"end":{"line":10,"column":254}},"10":{"start":{"line":10,"column":227},"end":{"line":10,"column":254}},"11":{"start":{"line":10,"column":255},"end":{"line":10,"column":313}},"12":{"start":{"line":12,"column":62},"end":{"line":12,"column":131}},"13":{"start":{"line":12,"column":78},"end":{"line":12,"column":131}},"14":{"start":{"line":12,"column":132},"end":{"line":12,"column":193}},"15":{"start":{"line":12,"column":149},"end":{"line":12,"column":193}},"16":{"start":{"line":12,"column":194},"end":{"line":12,"column":213}},"17":{"start":{"line":14,"column":14},"end":{"line":14,"column":32}},"18":{"start":{"line":15,"column":12},"end":{"line":15,"column":30}},"19":{"start":{"line":16,"column":11},"end":{"line":16,"column":29}},"20":{"start":{"line":17,"column":12},"end":{"line":17,"column":60}},"21":{"start":{"line":21,"column":0},"end":{"line":46,"column":3}},"22":{"start":{"line":23,"column":4},"end":{"line":23,"column":44}},"23":{"start":{"line":26,"column":2},"end":{"line":43,"column":6}},"24":{"start":{"line":29,"column":6},"end":{"line":41,"column":7}},"25":{"start":{"line":30,"column":8},"end":{"line":30,"column":202}},"26":{"start":{"line":30,"column":130},"end":{"line":30,"column":202}},"27":{"start":{"line":31,"column":8},"end":{"line":31,"column":79}},"28":{"start":{"line":31,"column":41},"end":{"line":31,"column":79}},"29":{"start":{"line":32,"column":8},"end":{"line":32,"column":71}},"30":{"start":{"line":32,"column":39},"end":{"line":32,"column":71}},"31":{"start":{"line":33,"column":8},"end":{"line":33,"column":80}},"32":{"start":{"line":33,"column":45},"end":{"line":33,"column":80}},"33":{"start":{"line":34,"column":8},"end":{"line":34,"column":83}},"34":{"start":{"line":34,"column":41},"end":{"line":34,"column":83}},"35":{"start":{"line":35,"column":8},"end":{"line":35,"column":15}},"36":{"start":{"line":37,"column":8},"end":{"line":40,"column":11}},"37":{"start":{"line":45,"column":2},"end":{"line":45,"column":26}},"38":{"start":{"line":48,"column":15},"end":{"line":48,"column":31}},"39":{"start":{"line":49,"column":0},"end":{"line":49,"column":30}}},"fnMap":{"0":{"name":"_classCallCheck","decl":{"start":{"line":8,"column":9},"end":{"line":8,"column":24}},"loc":{"start":{"line":8,"column":48},"end":{"line":8,"column":153}},"line":8},"1":{"name":"_defineProperties","decl":{"start":{"line":10,"column":9},"end":{"line":10,"column":26}},"loc":{"start":{"line":10,"column":42},"end":{"line":10,"column":317}},"line":10},"2":{"name":"_createClass","decl":{"start":{"line":12,"column":9},"end":{"line":12,"column":21}},"loc":{"start":{"line":12,"column":60},"end":{"line":12,"column":215}},"line":12},"3":{"name":"(anonymous_3)","decl":{"start":{"line":21,"column":0},"end":{"line":21,"column":1}},"loc":{"start":{"line":21,"column":12},"end":{"line":46,"column":1}},"line":21},"4":{"name":"validateProperty","decl":{"start":{"line":22,"column":11},"end":{"line":22,"column":27}},"loc":{"start":{"line":22,"column":30},"end":{"line":24,"column":3}},"line":22},"5":{"name":"createProperty","decl":{"start":{"line":28,"column":20},"end":{"line":28,"column":34}},"loc":{"start":{"line":28,"column":51},"end":{"line":42,"column":5}},"line":28}},"branchMap":{"0":{"loc":{"start":{"line":8,"column":50},"end":{"line":8,"column":151}},"type":"if","locations":[{"start":{"line":8,"column":50},"end":{"line":8,"column":151}},{"start":{"line":8,"column":50},"end":{"line":8,"column":151}}],"line":8},"1":{"loc":{"start":{"line":10,"column":136},"end":{"line":10,"column":166}},"type":"binary-expr","locations":[{"start":{"line":10,"column":136},"end":{"line":10,"column":157}},{"start":{"line":10,"column":161},"end":{"line":10,"column":166}}],"line":10},"2":{"loc":{"start":{"line":10,"column":200},"end":{"line":10,"column":254}},"type":"if","locations":[{"start":{"line":10,"column":200},"end":{"line":10,"column":254}},{"start":{"line":10,"column":200},"end":{"line":10,"column":254}}],"line":10},"3":{"loc":{"start":{"line":12,"column":62},"end":{"line":12,"column":131}},"type":"if","locations":[{"start":{"line":12,"column":62},"end":{"line":12,"column":131}},{"start":{"line":12,"column":62},"end":{"line":12,"column":131}}],"line":12},"4":{"loc":{"start":{"line":12,"column":132},"end":{"line":12,"column":193}},"type":"if","locations":[{"start":{"line":12,"column":132},"end":{"line":12,"column":193}},{"start":{"line":12,"column":132},"end":{"line":12,"column":193}}],"line":12},"5":{"loc":{"start":{"line":30,"column":8},"end":{"line":30,"column":202}},"type":"if","locations":[{"start":{"line":30,"column":8},"end":{"line":30,"column":202}},{"start":{"line":30,"column":8},"end":{"line":30,"column":202}}],"line":30},"6":{"loc":{"start":{"line":30,"column":12},"end":{"line":30,"column":128}},"type":"binary-expr","locations":[{"start":{"line":30,"column":12},"end":{"line":30,"column":41}},{"start":{"line":30,"column":45},"end":{"line":30,"column":70}},{"start":{"line":30,"column":74},"end":{"line":30,"column":100}},{"start":{"line":30,"column":104},"end":{"line":30,"column":128}}],"line":30},"7":{"loc":{"start":{"line":31,"column":8},"end":{"line":31,"column":79}},"type":"if","locations":[{"start":{"line":31,"column":8},"end":{"line":31,"column":79}},{"start":{"line":31,"column":8},"end":{"line":31,"column":79}}],"line":31},"8":{"loc":{"start":{"line":32,"column":8},"end":{"line":32,"column":71}},"type":"if","locations":[{"start":{"line":32,"column":8},"end":{"line":32,"column":71}},{"start":{"line":32,"column":8},"end":{"line":32,"column":71}}],"line":32},"9":{"loc":{"start":{"line":33,"column":8},"end":{"line":33,"column":80}},"type":"if","locations":[{"start":{"line":33,"column":8},"end":{"line":33,"column":80}},{"start":{"line":33,"column":8},"end":{"line":33,"column":80}}],"line":33},"10":{"loc":{"start":{"line":34,"column":8},"end":{"line":34,"column":83}},"type":"if","locations":[{"start":{"line":34,"column":8},"end":{"line":34,"column":83}},{"start":{"line":34,"column":8},"end":{"line":34,"column":83}}],"line":34}},"s":{"0":1,"1":1,"2":0,"3":0,"4":1,"5":1,"6":1,"7":1,"8":1,"9":1,"10":1,"11":1,"12":1,"13":0,"14":1,"15":1,"16":1,"17":1,"18":1,"19":1,"20":1,"21":1,"22":0,"23":1,"24":20,"25":20,"26":6,"27":14,"28":14,"29":0,"30":0,"31":0,"32":0,"33":0,"34":0,"35":0,"36":20,"37":1,"38":1,"39":1},"f":{"0":0,"1":1,"2":1,"3":1,"4":0,"5":20},"b":{"0":[0,0],"1":[1,1],"2":[1,0],"3":[0,1],"4":[1,0],"5":[6,14],"6":[20,20,6,6],"7":[14,0],"8":[0,0],"9":[0,0],"10":[0,0]},"_coverageSchema":"43e27e138ebf9cfc5966b082cf9a028302ed4184","hash":"76bdc8942c5668cf62be186a549829668b3cb531","contentHash":"da67f3dfa84b9489b3cf3543374446c838197e9ffff8f2999de802add3a0f642"},"D:\\prop-lite\\server\\control\\flag-control.js":{"path":"D:\\prop-lite\\server\\control\\flag-control.js","statementMap":{"0":{"start":{"line":3,"column":0},"end":{"line":5,"column":3}},"1":{"start":{"line":6,"column":0},"end":{"line":6,"column":28}},"2":{"start":{"line":8,"column":21},"end":{"line":8,"column":80}},"3":{"start":{"line":10,"column":12},"end":{"line":10,"column":61}},"4":{"start":{"line":12,"column":39},"end":{"line":12,"column":95}},"5":{"start":{"line":14,"column":50},"end":{"line":14,"column":151}},"6":{"start":{"line":14,"column":92},"end":{"line":14,"column":149}},"7":{"start":{"line":16,"column":44},"end":{"line":16,"column":315}},"8":{"start":{"line":16,"column":57},"end":{"line":16,"column":58}},"9":{"start":{"line":16,"column":102},"end":{"line":16,"column":110}},"10":{"start":{"line":16,"column":112},"end":{"line":16,"column":167}},"11":{"start":{"line":16,"column":168},"end":{"line":16,"column":199}},"12":{"start":{"line":16,"column":200},"end":{"line":16,"column":254}},"13":{"start":{"line":16,"column":227},"end":{"line":16,"column":254}},"14":{"start":{"line":16,"column":255},"end":{"line":16,"column":313}},"15":{"start":{"line":18,"column":62},"end":{"line":18,"column":131}},"16":{"start":{"line":18,"column":78},"end":{"line":18,"column":131}},"17":{"start":{"line":18,"column":132},"end":{"line":18,"column":193}},"18":{"start":{"line":18,"column":149},"end":{"line":18,"column":193}},"19":{"start":{"line":18,"column":194},"end":{"line":18,"column":213}},"20":{"start":{"line":22,"column":0},"end":{"line":61,"column":3}},"21":{"start":{"line":24,"column":4},"end":{"line":24,"column":33}},"22":{"start":{"line":27,"column":2},"end":{"line":58,"column":6}},"23":{"start":{"line":30,"column":22},"end":{"line":30,"column":30}},"24":{"start":{"line":31,"column":19},"end":{"line":31,"column":35}},"25":{"start":{"line":32,"column":24},"end":{"line":32,"column":45}},"26":{"start":{"line":34,"column":28},"end":{"line":36,"column":8}},"27":{"start":{"line":35,"column":8},"end":{"line":35,"column":48}},"28":{"start":{"line":38,"column":6},"end":{"line":43,"column":7}},"29":{"start":{"line":39,"column":8},"end":{"line":42,"column":11}},"30":{"start":{"line":45,"column":20},"end":{"line":51,"column":7}},"31":{"start":{"line":52,"column":6},"end":{"line":52,"column":59}},"32":{"start":{"line":52,"column":19},"end":{"line":52,"column":59}},"33":{"start":{"line":53,"column":6},"end":{"line":56,"column":9}},"34":{"start":{"line":60,"column":2},"end":{"line":60,"column":15}},"35":{"start":{"line":63,"column":15},"end":{"line":63,"column":20}},"36":{"start":{"line":64,"column":0},"end":{"line":64,"column":30}}},"fnMap":{"0":{"name":"_interopRequireDefault","decl":{"start":{"line":12,"column":9},"end":{"line":12,"column":31}},"loc":{"start":{"line":12,"column":37},"end":{"line":12,"column":97}},"line":12},"1":{"name":"_classCallCheck","decl":{"start":{"line":14,"column":9},"end":{"line":14,"column":24}},"loc":{"start":{"line":14,"column":48},"end":{"line":14,"column":153}},"line":14},"2":{"name":"_defineProperties","decl":{"start":{"line":16,"column":9},"end":{"line":16,"column":26}},"loc":{"start":{"line":16,"column":42},"end":{"line":16,"column":317}},"line":16},"3":{"name":"_createClass","decl":{"start":{"line":18,"column":9},"end":{"line":18,"column":21}},"loc":{"start":{"line":18,"column":60},"end":{"line":18,"column":215}},"line":18},"4":{"name":"(anonymous_4)","decl":{"start":{"line":22,"column":0},"end":{"line":22,"column":1}},"loc":{"start":{"line":22,"column":12},"end":{"line":61,"column":1}},"line":22},"5":{"name":"Flags","decl":{"start":{"line":23,"column":11},"end":{"line":23,"column":16}},"loc":{"start":{"line":23,"column":19},"end":{"line":25,"column":3}},"line":23},"6":{"name":"report","decl":{"start":{"line":29,"column":20},"end":{"line":29,"column":26}},"loc":{"start":{"line":29,"column":37},"end":{"line":57,"column":5}},"line":29},"7":{"name":"(anonymous_7)","decl":{"start":{"line":34,"column":59},"end":{"line":34,"column":60}},"loc":{"start":{"line":34,"column":73},"end":{"line":36,"column":7}},"line":34}},"branchMap":{"0":{"loc":{"start":{"line":12,"column":46},"end":{"line":12,"column":94}},"type":"cond-expr","locations":[{"start":{"line":12,"column":70},"end":{"line":12,"column":73}},{"start":{"line":12,"column":76},"end":{"line":12,"column":94}}],"line":12},"1":{"loc":{"start":{"line":12,"column":46},"end":{"line":12,"column":67}},"type":"binary-expr","locations":[{"start":{"line":12,"column":46},"end":{"line":12,"column":49}},{"start":{"line":12,"column":53},"end":{"line":12,"column":67}}],"line":12},"2":{"loc":{"start":{"line":14,"column":50},"end":{"line":14,"column":151}},"type":"if","locations":[{"start":{"line":14,"column":50},"end":{"line":14,"column":151}},{"start":{"line":14,"column":50},"end":{"line":14,"column":151}}],"line":14},"3":{"loc":{"start":{"line":16,"column":136},"end":{"line":16,"column":166}},"type":"binary-expr","locations":[{"start":{"line":16,"column":136},"end":{"line":16,"column":157}},{"start":{"line":16,"column":161},"end":{"line":16,"column":166}}],"line":16},"4":{"loc":{"start":{"line":16,"column":200},"end":{"line":16,"column":254}},"type":"if","locations":[{"start":{"line":16,"column":200},"end":{"line":16,"column":254}},{"start":{"line":16,"column":200},"end":{"line":16,"column":254}}],"line":16},"5":{"loc":{"start":{"line":18,"column":62},"end":{"line":18,"column":131}},"type":"if","locations":[{"start":{"line":18,"column":62},"end":{"line":18,"column":131}},{"start":{"line":18,"column":62},"end":{"line":18,"column":131}}],"line":18},"6":{"loc":{"start":{"line":18,"column":132},"end":{"line":18,"column":193}},"type":"if","locations":[{"start":{"line":18,"column":132},"end":{"line":18,"column":193}},{"start":{"line":18,"column":132},"end":{"line":18,"column":193}}],"line":18},"7":{"loc":{"start":{"line":38,"column":6},"end":{"line":43,"column":7}},"type":"if","locations":[{"start":{"line":38,"column":6},"end":{"line":43,"column":7}},{"start":{"line":38,"column":6},"end":{"line":43,"column":7}}],"line":38},"8":{"loc":{"start":{"line":52,"column":6},"end":{"line":52,"column":59}},"type":"if","locations":[{"start":{"line":52,"column":6},"end":{"line":52,"column":59}},{"start":{"line":52,"column":6},"end":{"line":52,"column":59}}],"line":52}},"s":{"0":1,"1":1,"2":1,"3":1,"4":2,"5":0,"6":0,"7":1,"8":1,"9":1,"10":1,"11":1,"12":1,"13":1,"14":1,"15":1,"16":0,"17":1,"18":1,"19":1,"20":1,"21":0,"22":1,"23":0,"24":0,"25":0,"26":0,"27":0,"28":0,"29":0,"30":0,"31":0,"32":0,"33":0,"34":1,"35":1,"36":1},"f":{"0":2,"1":0,"2":1,"3":1,"4":1,"5":0,"6":0,"7":0},"b":{"0":[2,0],"1":[2,2],"2":[0,0],"3":[1,1],"4":[1,0],"5":[0,1],"6":[1,0],"7":[0,0],"8":[0,0]},"_coverageSchema":"43e27e138ebf9cfc5966b082cf9a028302ed4184","hash":"c035b54a81bb0b43c0fe324016a0c4d3af4a8952","contentHash":"660d194fb9bcc19c93a9783488597ea1ae03e18955bab5c6037cb0c24d847b1f"},"D:\\prop-lite\\server\\models\\flag.js":{"path":"D:\\prop-lite\\server\\models\\flag.js","statementMap":{"0":{"start":{"line":3,"column":0},"end":{"line":5,"column":3}},"1":{"start":{"line":6,"column":0},"end":{"line":6,"column":28}},"2":{"start":{"line":7,"column":11},"end":{"line":21,"column":2}},"3":{"start":{"line":22,"column":15},"end":{"line":22,"column":19}},"4":{"start":{"line":23,"column":0},"end":{"line":23,"column":30}}},"fnMap":{},"branchMap":{},"s":{"0":1,"1":1,"2":1,"3":1,"4":1},"f":{},"b":{},"_coverageSchema":"43e27e138ebf9cfc5966b082cf9a028302ed4184","hash":"a4a51ee905eea1a72dcbcc6e1f583164d64d58b2","contentHash":"4afdbc4599df2ef58b90cde65f7cd1e703b674459dd60fc978b4af84a462765d"},"D:\\prop-lite\\server\\validations\\flagValidations.js":{"path":"D:\\prop-lite\\server\\validations\\flagValidations.js","statementMap":{"0":{"start":{"line":3,"column":0},"end":{"line":5,"column":3}},"1":{"start":{"line":6,"column":0},"end":{"line":6,"column":28}},"2":{"start":{"line":8,"column":50},"end":{"line":8,"column":151}},"3":{"start":{"line":8,"column":92},"end":{"line":8,"column":149}},"4":{"start":{"line":10,"column":44},"end":{"line":10,"column":315}},"5":{"start":{"line":10,"column":57},"end":{"line":10,"column":58}},"6":{"start":{"line":10,"column":102},"end":{"line":10,"column":110}},"7":{"start":{"line":10,"column":112},"end":{"line":10,"column":167}},"8":{"start":{"line":10,"column":168},"end":{"line":10,"column":199}},"9":{"start":{"line":10,"column":200},"end":{"line":10,"column":254}},"10":{"start":{"line":10,"column":227},"end":{"line":10,"column":254}},"11":{"start":{"line":10,"column":255},"end":{"line":10,"column":313}},"12":{"start":{"line":12,"column":62},"end":{"line":12,"column":131}},"13":{"start":{"line":12,"column":78},"end":{"line":12,"column":131}},"14":{"start":{"line":12,"column":132},"end":{"line":12,"column":193}},"15":{"start":{"line":12,"column":149},"end":{"line":12,"column":193}},"16":{"start":{"line":12,"column":194},"end":{"line":12,"column":213}},"17":{"start":{"line":14,"column":13},"end":{"line":14,"column":31}},"18":{"start":{"line":15,"column":12},"end":{"line":15,"column":30}},"19":{"start":{"line":19,"column":0},"end":{"line":40,"column":3}},"20":{"start":{"line":21,"column":4},"end":{"line":21,"column":42}},"21":{"start":{"line":24,"column":2},"end":{"line":37,"column":6}},"22":{"start":{"line":27,"column":6},"end":{"line":35,"column":7}},"23":{"start":{"line":28,"column":8},"end":{"line":28,"column":82}},"24":{"start":{"line":28,"column":43},"end":{"line":28,"column":82}},"25":{"start":{"line":29,"column":8},"end":{"line":29,"column":83}},"26":{"start":{"line":29,"column":47},"end":{"line":29,"column":83}},"27":{"start":{"line":31,"column":8},"end":{"line":34,"column":11}},"28":{"start":{"line":39,"column":2},"end":{"line":39,"column":24}},"29":{"start":{"line":42,"column":15},"end":{"line":42,"column":29}},"30":{"start":{"line":43,"column":0},"end":{"line":43,"column":30}}},"fnMap":{"0":{"name":"_classCallCheck","decl":{"start":{"line":8,"column":9},"end":{"line":8,"column":24}},"loc":{"start":{"line":8,"column":48},"end":{"line":8,"column":153}},"line":8},"1":{"name":"_defineProperties","decl":{"start":{"line":10,"column":9},"end":{"line":10,"column":26}},"loc":{"start":{"line":10,"column":42},"end":{"line":10,"column":317}},"line":10},"2":{"name":"_createClass","decl":{"start":{"line":12,"column":9},"end":{"line":12,"column":21}},"loc":{"start":{"line":12,"column":60},"end":{"line":12,"column":215}},"line":12},"3":{"name":"(anonymous_3)","decl":{"start":{"line":19,"column":0},"end":{"line":19,"column":1}},"loc":{"start":{"line":19,"column":12},"end":{"line":40,"column":1}},"line":19},"4":{"name":"FlagValidation","decl":{"start":{"line":20,"column":11},"end":{"line":20,"column":25}},"loc":{"start":{"line":20,"column":28},"end":{"line":22,"
[...]
umn":9},"end":{"line":14,"column":31}},"loc":{"start":{"line":14,"column":37},"end":{"line":14,"column":97}},"line":14},"1":{"name":"cloudinar","decl":{"start":{"line":16,"column":25},"end":{"line":16,"column":34}},"loc":{"start":{"line":16,"column":51},"end":{"line":34,"column":1}},"line":16},"2":{"name":"(anonymous_2)","decl":{"start":{"line":27,"column":60},"end":{"line":27,"column":61}},"loc":{"start":{"line":27,"column":85},"end":{"line":33,"column":3}},"line":27}},"branchMap":{"0":{"loc":{"start":{"line":14,"column":46},"end":{"line":14,"column":94}},"type":"cond-expr","locations":[{"start":{"line":14,"column":70},"end":{"line":14,"column":73}},{"start":{"line":14,"column":76},"end":{"line":14,"column":94}}],"line":14},"1":{"loc":{"start":{"line":14,"column":46},"end":{"line":14,"column":67}},"type":"binary-expr","locations":[{"start":{"line":14,"column":46},"end":{"line":14,"column":49}},{"start":{"line":14,"column":53},"end":{"line":14,"column":67}}],"line":14},"2":{"loc":{"start":{"line":28,"column":4},"end":{"line":30,"column":5}},"type":"if","locations":[{"start":{"line":28,"column":4},"end":{"line":30,"column":5}},{"start":{"line":28,"column":4},"end":{"line":30,"column":5}}],"line":28}},"s":{"0":1,"1":1,"2":1,"3":1,"4":1,"5":3,"6":1,"7":20,"8":20,"9":20,"10":20,"11":20,"12":19,"13":20,"14":1,"15":1},"f":{"0":3,"1":20,"2":20},"b":{"0":[0,3],"1":[3,3],"2":[19,1]},"_coverageSchema":"43e27e138ebf9cfc5966b082cf9a028302ed4184","hash":"ea1310babe8abd46f513e353ddcc218548be961f","contentHash":"b1050b89152c60786dcb31624a211cdb68d369d41700ebddecdffd980bbc155b"},"D:\\prop-lite\\server\\routes\\flag-route.js":{"path":"D:\\prop-lite\\server\\routes\\flag-route.js","statementMap":{"0":{"start":{"line":3,"column":0},"end":{"line":5,"column":3}},"1":{"start":{"line":6,"column":0},"end":{"line":6,"column":28}},"2":{"start":{"line":8,"column":15},"end":{"line":8,"column":57}},"3":{"start":{"line":10,"column":19},"end":{"line":10,"column":77}},"4":{"start":{"line":12,"column":39},"end":{"line":12,"column":95}},"5":{"start":{"line":14,"column":13},"end":{"line":14,"column":41}},"6":{"start":{"line":16,"column":0},"end":{"line":16,"column":59}},"7":{"start":{"line":17,"column":15},"end":{"line":17,"column":21}},"8":{"start":{"line":18,"column":0},"end":{"line":18,"column":30}}},"fnMap":{"0":{"name":"_interopRequireDefault","decl":{"start":{"line":12,"column":9},"end":{"line":12,"column":31}},"loc":{"start":{"line":12,"column":37},"end":{"line":12,"column":97}},"line":12}},"branchMap":{"0":{"loc":{"start":{"line":12,"column":46},"end":{"line":12,"column":94}},"type":"cond-expr","locations":[{"start":{"line":12,"column":70},"end":{"line":12,"column":73}},{"start":{"line":12,"column":76},"end":{"line":12,"column":94}}],"line":12},"1":{"loc":{"start":{"line":12,"column":46},"end":{"line":12,"column":67}},"type":"binary-expr","locations":[{"start":{"line":12,"column":46},"end":{"line":12,"column":49}},{"start":{"line":12,"column":53},"end":{"line":12,"column":67}}],"line":12}},"s":{"0":1,"1":1,"2":1,"3":1,"4":2,"5":1,"6":1,"7":1,"8":1},"f":{"0":2},"b":{"0":[1,1],"1":[2,2]},"_coverageSchema":"43e27e138ebf9cfc5966b082cf9a028302ed4184","hash":"a7702e0a8431b016095106a750742e4e09eeb2c0","contentHash":"87432ad463d610d2b1e16678ec134308a9ca9d29401da653a78d68e16c06b2f7"},"D:\\prop-lite\\server\\tests\\userTest.js":{"path":"D:\\prop-lite\\server\\tests\\userTest.js","statementMap":{"0":{"start":{"line":3,"column":12},"end":{"line":3,"column":51}},"1":{"start":{"line":5,"column":16},"end":{"line":5,"column":60}},"2":{"start":{"line":7,"column":11},"end":{"line":7,"column":52}},"3":{"start":{"line":9,"column":39},"end":{"line":9,"column":95}},"4":{"start":{"line":11,"column":0},"end":{"line":11,"column":43}},"5":{"start":{"line":13,"column":0},"end":{"line":13,"column":26}},"6":{"start":{"line":15,"column":0},"end":{"line":19,"column":3}},"7":{"start":{"line":16,"column":2},"end":{"line":18,"column":5}},"8":{"start":{"line":17,"column":4},"end":{"line":17,"column":11}},"9":{"start":{"line":20,"column":0},"end":{"line":270,"column":3}},"10":{"start":{"line":21,"column":2},"end":{"line":29,"column":5}},"11":{"start":{"line":22,"column":4},"end":{"line":28,"column":7}},"12":{"start":{"line":26,"column":6},"end":{"line":26,"column":33}},"13":{"start":{"line":27,"column":6},"end":{"line":27,"column":13}},"14":{"start":{"line":30,"column":2},"end":{"line":38,"column":5}},"15":{"start":{"line":31,"column":4},"end":{"line":37,"column":7}},"16":{"start":{"line":35,"column":6},"end":{"line":35,"column":33}},"17":{"start":{"line":36,"column":6},"end":{"line":36,"column":13}},"18":{"start":{"line":39,"column":2},"end":{"line":47,"column":5}},"19":{"start":{"line":40,"column":4},"end":{"line":46,"column":7}},"20":{"start":{"line":44,"column":6},"end":{"line":44,"column":33}},"21":{"start":{"line":45,"column":6},"end":{"line":45,"column":13}},"22":{"start":{"line":48,"column":2},"end":{"line":56,"column":5}},"23":{"start":{"line":49,"column":4},"end":{"line":55,"column":7}},"24":{"start":{"line":53,"column":6},"end":{"line":53,"column":33}},"25":{"start":{"line":54,"column":6},"end":{"line":54,"column":13}},"26":{"start":{"line":57,"column":2},"end":{"line":65,"column":5}},"27":{"start":{"line":58,"column":4},"end":{"line":64,"column":7}},"28":{"start":{"line":62,"column":6},"end":{"line":62,"column":33}},"29":{"start":{"line":63,"column":6},"end":{"line":63,"column":13}},"30":{"start":{"line":66,"column":2},"end":{"line":74,"column":5}},"31":{"start":{"line":67,"column":4},"end":{"line":73,"column":7}},"32":{"start":{"line":71,"column":6},"end":{"line":71,"column":33}},"33":{"start":{"line":72,"column":6},"end":{"line":72,"column":13}},"34":{"start":{"line":75,"column":2},"end":{"line":87,"column":5}},"35":{"start":{"line":76,"column":4},"end":{"line":86,"column":7}},"36":{"start":{"line":84,"column":6},"end":{"line":84,"column":33}},"37":{"start":{"line":85,"column":6},"end":{"line":85,"column":13}},"38":{"start":{"line":88,"column":2},"end":{"line":100,"column":5}},"39":{"start":{"line":89,"column":4},"end":{"line":99,"column":7}},"40":{"start":{"line":97,"column":6},"end":{"line":97,"column":33}},"41":{"start":{"line":98,"column":6},"end":{"line":98,"column":13}},"42":{"start":{"line":101,"column":2},"end":{"line":113,"column":5}},"43":{"start":{"line":102,"column":4},"end":{"line":112,"column":7}},"44":{"start":{"line":110,"column":6},"end":{"line":110,"column":33}},"45":{"start":{"line":111,"column":6},"end":{"line":111,"column":13}},"46":{"start":{"line":114,"column":2},"end":{"line":126,"column":5}},"47":{"start":{"line":115,"column":4},"end":{"line":125,"column":7}},"48":{"start":{"line":123,"column":6},"end":{"line":123,"column":33}},"49":{"start":{"line":124,"column":6},"end":{"line":124,"column":13}},"50":{"start":{"line":127,"column":2},"end":{"line":139,"column":5}},"51":{"start":{"line":128,"column":4},"end":{"line":138,"column":7}},"52":{"start":{"line":136,"column":6},"end":{"line":136,"column":33}},"53":{"start":{"line":137,"column":6},"end":{"line":137,"column":13}},"54":{"start":{"line":140,"column":2},"end":{"line":152,"column":5}},"55":{"start":{"line":141,"column":4},"end":{"line":151,"column":7}},"56":{"start":{"line":149,"column":6},"end":{"line":149,"column":33}},"57":{"start":{"line":150,"column":6},"end":{"line":150,"column":13}},"58":{"start":{"line":153,"column":2},"end":{"line":165,"column":5}},"59":{"start":{"line":154,"column":4},"end":{"line":164,"column":7}},"60":{"start":{"line":162,"column":6},"end":{"line":162,"column":33}},"61":{"start":{"line":163,"column":6},"end":{"line":163,"column":13}},"62":{"start":{"line":166,"column":2},"end":{"line":178,"column":5}},"63":{"start":{"line":167,"column":4},"end":{"line":177,"column":7}},"64":{"start":{"line":175,"column":6},"end":{"line":175,"column":33}},"65":{"start":{"line":176,"column":6},"end":{"line":176,"column":13}},"66":{"start":{"line":179,"column":2},"end":{"line":191,"column":5}},"67":{"start":{"line":180,"column":4},"end":{"line":190,"column":7}},"68":{"start":{"line":188,"column":6},"end":{"line":188,"column":33}},"69":{"start":{"line":189,"column":6},"end":{"line":189,"column":13}},"70":{"start":{"line":192,"column":2},"end":{"line":204,"column":5}},"71":{"start":{"line":193,"column":4},"end":{"line":203,"column":7}},"72":{"start":{"line":201,"column":6},"end":{"line":201,"column":33}},"73":{"start":{"line":202,"column":6},"end":{"line":202,"column":13}},"74":{"start":{"line":205,"column":2},"end":{"line":217,"column":5}},"75":{"start":{"line":206,"column":4},"end":{"line":216,"column":7}},"76":{"start":{"line":214,"column":6},"end":{"line":214,"column":33}},"77":{"start":{"line":215,"column":6},"end":{"line":215,"column":13}},"78":{"start":{"line":218,"column":2},"end":{"line":230,"column":5}},"79":{"start":{"line":219,"column":4},"end":{"line":229,"column":7}},"80":{"start":{"line":227,"column":6},"end":{"line":227,"column":33}},"81":{"start":{"line":228,"column":6},"end":{"line":228,"column":13}},"82":{"start":{"line":231,"column":2},"end":{"line":243,"column":5}},"83":{"start":{"line":232,"column":4},"end":{"line":242,"column":7}},"84":{"start":{"line":240,"column":6},"end":{"line":240,"column":33}},"85":{"start":{"line":241,"column":6},"end":{"line":241,"column":13}},"86":{"start":{"line":244,"column":2},"end":{"line":256,"column":5}},"87":{"start":{"line":245,"column":4},"end":{"line":255,"column":7}},"88":{"start":{"line":253,"column":6},"end":{"line":253,"column":33}},"89":{"start":{"line":254,"column":6},"end":{"line":254,"column":13}},"90":{"start":{"line":257,"column":2},"end":{"line":269,"column":5}},"91":{"start":{"line":258,"column":4},"end":{"line":268,"column":7}},"92":{"start":{"line":266,"column":6},"end":{"line":266,"column":33}},"93":{"start":{"line":267,"column":6},"end":{"line":267,"column":13}}},"fnMap":{"0":{"name":"_interopRequireDefault","decl":{"start":{"line":9,"column":9},"end":{"line":9,"column":31}},"loc":{"start":{"line":9,"column":37},"end":{"line":9,"column":97}},"line":9},"1":{"name":"(anonymous_1)","decl":{"start":{"line":15,"column":24},"end":{"line":15,"column":25}},"loc":{"start":{"line":15,"column":36},"end":{"line":19,"column":1}},"line":15},"2":{"name":"(anonymous_2)","decl":{"start":{"line":16,"column":13},"end":{"line":16,"column":14}},"loc":{"start":{"line":16,"column":29},"end":{"line":18,"column":3}},"line":16},"3":{"name":"(anonymous_3)","decl":{"start":{"line":20,"column":33},"end":{"line":20,"column":34}},"loc":{"start":{"line":20,"column":45},"end":{"line":270,"column":1}},"line":20},"4":{"name":"(anonymous_4)","decl":{"start":{"line":21,"column":32},"end":{"line":21,"column":33}},"loc":{"start":{"line":21,"column":48},"end":{"line":29,"column":3}},"line":21},"5":{"name":"(anonymous_5)","decl":{"start":{"line":25,"column":11},"end":{"line":25,"column":12}},"loc":{"start":{"line":25,"column":31},"end":{"line":28,"column":5}},"line":25},"6":{"name":"(anonymous_6)","decl":{"start":{"line":30,"column":58},"end":{"line":30,"column":59}},"loc":{"start":{"line":30,"column":74},"end":{"line":38,"column":3}},"line":30},"7":{"name":"(anonymous_7)","decl":{"start":{"line":34,"column":11},"end":{"line":34,"column":12}},"loc":{"start":{"line":34,"column":31},"end":{"line":37,"column":5}},"line":34},"8":{"name":"(anonymous_8)","decl":{"start":{"line":39,"column":56},"end":{"line":39,"column":57}},"loc":{"start":{"line":39,"column":72},"end":{"line":47,"column":3}},"line":39},"9":{"name":"(anonymous_9)","decl":{"start":{"line":43,"column":11},"end":{"line":43,"column":12}},"loc":{"start":{"line":43,"column":31},"end":{"line":46,"column":5}},"line":43},"10":{"name":"(anonymous_10)","decl":{"start":{"line":48,"column":59},"end":{"line":48,"column":60}},"loc":{"start":{"line":48,"column":75},"end":{"line":56,"column":3}},"line":48},"11":{"name":"(anonymous_11)","decl":{"start":{"line":52,"column":11},"end":{"line":52,"column":12}},"loc":{"start":{"line":52,"column":31},"end":{"line":55,"column":5}},"line":52},"12":{"name":"(anonymous_12)","decl":{"start":{"line":57,"column":64},"end":{"line":57,"column":65}},"loc":{"start":{"line":57,"column":80},"end":{"line":65,"column":3}},"line":57},"13":{"name":"(anonymous_13)","decl":{"start":{"line":61,"column":11},"end":{"line":61,"column":12}},"loc":{"start":{"line":61,"column":31},"end":{"line":64,"column":5}},"line":61},"14":{"name":"(anonymous_14)","decl":{"start":{"line":66,"column":57},"end":{"line":66,"column":58}},"loc":{"start":{"line":66,"column":73},"end":{"line":74,"column":3}},"line":66},"15":{"name":"(anonymous_15)","decl":{"start":{"line":70,"column":11},"end":{"line":70,"column":12}},"loc":{"start":{"line":70,"column":31},"end":{"line":73,"column":5}},"line":70},"16":{"name":"(anonymous_16)","decl":{"start":{"line":75,"column":62},"end":{"line":75,"column":63}},"loc":{"start":{"line":75,"column":78},"end":{"line":87,"column":3}},"line":75},"17":{"name":"(anonymous_17)","decl":{"start":{"line":83,"column":11},"end":{"line":83,"column":12}},"loc":{"start":{"line":83,"column":31},"end":{"line":86,"column":5}},"line":83},"18":{"name":"(anonymous_18)","decl":{"start":{"line":88,"column":82},"end":{"line":88,"column":83}},"loc":{"start":{"line":88,"column":98},"end":{"line":100,"column":3}},"line":88},"19":{"name":"(anonymous_19)","decl":{"start":{"line":96,"column":11},"end":{"line":96,"column":12}},"loc":{"start":{"line":96,"column":31},"end":{"line":99,"column":5}},"line":96},"20":{"name":"(anonymous_20)","decl":{"start":{"line":101,"column":69},"end":{"line":101,"column":70}},"loc":{"start":{"line":101,"column":85},"end":{"line":113,"column":3}},"line":101},"21":{"name":"(anonymous_21)","decl":{"start":{"line":109,"column":11},"end":{"line":109,"column":12}},"loc":{"start":{"line":109,"column":31},"end":{"line":112,"column":5}},"line":109},"22":{"name":"(anonymous_22)","decl":{"start":{"line":114,"column":64},"end":{"line":114,"column":65}},"loc":{"start":{"line":114,"column":80},"end":{"line":126,"column":3}},"line":114},"23":{"name":"(anonymous_23)","decl":{"start":{"line":122,"column":11},"end":{"line":122,"column":12}},"loc":{"start":{"line":122,"column":31},"end":{"line":125,"column":5}},"line":122},"24":{"name":"(anonymous_24)","decl":{"start":{"line":127,"column":61},"end":{"line":127,"column":62}},"loc":{"start":{"line":127,"column":77},"end":{"line":139,"column":3}},"line":127},"25":{"name":"(anonymous_25)","decl":{"start":{"line":135,"column":11},"end":{"line":135,"column":12}},"loc":{"start":{"line":135,"column":31},"end":{"line":138,"column":5}},"line":135},"26":{"name":"(anonymous_26)","decl":{"start":{"line":140,"column":63},"end":{"line":140,"column":64}},"loc":{"start":{"line":140,"column":79},"end":{"line":152,"column":3}},"line":140},"27":{"name":"(anonymous_27)","decl":{"start":{"line":148,"column":11},"end":{"line":148,"column":12}},"loc":{"start":{"line":148,"column":31},"end":{"line":151,"column":5}},"line":148},"28":{"name":"(anonymous_28)","decl":{"start":{"line":153,"column":68},"end":{"line":153,"column":69}},"loc":{"start":{"line":153,"column":84},"end":{"line":165,"column":3}},"line":153},"29":{"name":"(anonymous_29)","decl":{"start":{"line":161,"column":11},"end":{"line":161,"column":12}},"loc":{"start":{"line":161,"column":31},"end":{"line":164,"column":5}},"line":161},"30":{"name":"(anonymous_30)","decl":{"start":{"line":166,"column":60},"end":{"line":166,"column":61}},"loc":{"start":{"line":166,"column":76},"end":{"line":178,"column":3}},"line":166},"31":{"name":"(anonymous_31)","decl":{"start":{"line":174,"column":11},"end":{"line":174,"column":12}},"loc":{"start":{"line":174,"column":31},"end":{"line":177,"column":5}},"line":174},"32":{"name":"(anonymous_32)","decl":{"start":{"line":179,"column":73},"end":{"line":179,"column":74}},"loc":{"start":{"line":179,"column":89},"end":{"line":191,"column":3}},"line":179},"33":{"name":"(anonymous_33)","decl":{"start":{"line":187,"column":11},"end":{"line":187,"column":12}},"loc":{"start":{"line":187,"column":31},"end":{"line":190,"column":5}},"line":187},"34":{"name":"(anonymous_34)","decl":{"start":{"line":192,"column":63},"end":{"line":192,"column":64}},"loc":{"start":{"line":192,"column":79},"end":{"line":204,"column":3}},"line":192},"35":{"name":"(anonymous_35)","decl":{"start":{"line":200,"column":11},"end":{"line":200,"column":12}},"loc":{"start":{"line":200,"column":31},"end":{"line":203,"column":5}},"line":200},"36":{"name":"(anonymous_36)","decl":{"start":{"line":205,"column":65},"end":{"line":205,"column":66}},"loc":{"start":{"line":205,"column":81},"end":{"line":217,"column":3}},"line":205},"37":{"name":"(anonymous_37)","decl":{"start":{"line":213,"column":11},"end":{"line":213,"column":12}},"loc":{"start":{"line":213,"column":31},"end":{"line":216,"column":5}},"line":213},"38":{"name":"(anonymous_38)","decl":{"start":{"line":218,"column":77},"end":{"line":218,"column":78}},"loc":{"start":{"line":218,"column":93},"end":{"line":230,"column":3}},"line":218},"39":{"name":"(anonymous_39)","decl":{"start":{"line":226,"column":11},"end":{"line":226,"column":12}},"loc":{"start":{"line":226,"column":31},"end":{"line":229,"column":5}},"line":226},"40":{"name":"(anonymous_40)","decl":{"start":{"line":231,"column":72},"end":{"line":231,"column":73}},"loc":{"start":{"line":231,"column":88},"end":{"line":243,"column":3}},"line":231},"41":{"name":"(anonymous_41)","decl":{"start":{"line":239,"column":11},"end":{"line":239,"column":12}},"loc":{"start":{"line":239,"column":31},"end":{"line":242,"column":5}},"line":239},"42":{"name":"(anonymous_42)","decl":{"start":{"line":244,"column":59},"end":{"line":244,"column":60}},"loc":{"start":{"line":244,"column":75},"end":{"line":256,"column":3}},"line":244},"43":{"name":"(anonymous_43)","decl":{"start":{"line":252,"column":11},"end":{"line":252,"column":12}},"loc":{"start":{"line":252,"column":31},"end":{"line":255,"column":5}},"line":252},"44":{"name":"(anonymous_44)","decl":{"start":{"line":257,"column":66},"end":{"line":257,"column":67}},"loc":{"start":{"line":257,"column":82},"end":{"line":269,"column":3}},"line":257},"45":{"name":"(anonymous_45)","decl":{"start":{"line":265,"column":11},"end":{"line":265,"column":12}},"loc":{"start":{"line":265,"column":31},"end":{"line":268,"column":5}},"line":265}},"branchMap":{"0":{"loc":{"start":{"line":9,"column":46},"end":{"line":9,"column":94}},"type":"cond-expr","locations":[{"start":{"line":9,"column":70},"end":{"line":9,"column":73}},{"start":{"line":9,"column":76},"end":{"line":9,"column":94}}],"line":9},"1":{"loc":{"start":{"line":9,"column":46},"end":{"line":9,"column":67}},"type":"binary-expr","locations":[{"start":{"line":9,"column":46},"end":{"line":9,"column":49}},{"start":{"line":9,"column":53},"end":{"line":9,"column":67}}],"line":9}},"s":{"0":1,"1":1,"2":1,"3":3,"4":1,"5":1,"6":1,"7":1,"8":0,"9":1,"10":1,"11":1,"12":1,"13":1,"14":1,"15":1,"16":1,"17":1,"18":1,"19":1,"20":1,"21":1,"22":1,"23":1,"24":1,"25":1,"26":1,"27":1,"28":1,"29":1,"30":1,"31":1,"32":1,"33":1,"34":1,"35":1,"36":1,"37":1,"38":1,"39":1,"40":1,"41":1,"42":1,"43":1,"44":1,"45":1,"46":1,"47":1,"48":1,"49":1,"50":1,"51":1,"52":1,"53":1,"54":1,"55":1,"56":1,"57":1,"58":1,"59":1,"60":1,"61":1,"62":1,"63":1,"64":1,"65":1,"66":1,"67":1,"68":1,"69":1,"70":1,"71":1,"72":1,"73":1,"74":1,"75":1,"76":1,"77":1,"78":1,"79":1,"80":1,"81":1,"82":1,"83":1,"84":1,"85":1,"86":1,"87":1,"88":1,"89":1,"90":1,"91":1,"92":1,"93":1},"f":{"0":3,"1":1,"2":0,"3":1,"4":1,"5":1,"6":1,"7":1,"8":1,"9":1,"10":1,"11":1,"12":1,"13":1,"14":1,"15":1,"16":1,"17":1,"18":1,"19":1,"20":1,"21":1,"22":1,"23":1,"24":1,"25":1,"26":1,"27":1,"28":1,"29":1,"30":1,"31":1,"32":1,"33":1,"34":1,"35":1,"36":1,"37":1,"38":1,"39":1,"40":1,"41":1,"42":1,"43":1,"44":1,"45":1},"b":{"0":[1,2],"1":[3,3]},"_coverageSchema":"43e27e138ebf9cfc5966b082cf9a028302ed4184","hash":"a1a38446a6a2e5c4638052aa521e2d2711f3d68c","contentHash":"ad4fd024c0df1cd1e085cf0744c87a513286fb06598a7f17b564d46a643966b8"}}